[0.372s] DEBUG:colcon:Command line arguments: ['/usr/bin/colcon', 'build']
[0.372s] DEBUG:colcon:Parsed command line arguments: Namespace(log_base=None, log_level=None, verb_name='build', build_base='build', install_base='install', merge_install=False, symlink_install=False, test_result_base=None, continue_on_error=False, executor='parallel', parallel_workers=2, event_handlers=None, ignore_user_meta=False, metas=['./colcon.meta'], base_paths=['.'], packages_ignore=None, packages_ignore_regex=None, paths=None, packages_up_to=None, packages_up_to_regex=None, packages_above=None, packages_above_and_dependencies=None, packages_above_depth=None, packages_select_by_dep=None, packages_skip_by_dep=None, packages_skip_up_to=None, packages_select_build_failed=False, packages_skip_build_finished=False, packages_select_test_failures=False, packages_skip_test_passed=False, packages_select=None, packages_skip=None, packages_select_regex=None, packages_skip_regex=None, packages_start=None, packages_end=None, allow_overriding=[], cmake_args=None, cmake_target=None, cmake_target_skip_unavailable=False, cmake_clean_cache=False, cmake_clean_first=False, cmake_force_configure=False, ament_cmake_args=None, catkin_cmake_args=None, catkin_skip_building_tests=False, verb_parser=<colcon_defaults.argument_parser.defaults.DefaultArgumentsDecorator object at 0x7fd82042b4c0>, verb_extension=<colcon_core.verb.build.BuildVerb object at 0x7fd8205e0b20>, main=<bound method BuildVerb.main of <colcon_core.verb.build.BuildVerb object at 0x7fd8205e0b20>>)
[0.947s] Level 1:colcon.colcon_core.package_discovery:discover_packages(colcon_meta) check parameters
[0.948s] Level 1:colcon.colcon_core.package_discovery:discover_packages(recursive) check parameters
[0.948s] Level 1:colcon.colcon_core.package_discovery:discover_packages(ignore) check parameters
[0.948s] Level 1:colcon.colcon_core.package_discovery:discover_packages(path) check parameters
[0.948s] Level 1:colcon.colcon_core.package_discovery:discover_packages(colcon_meta) discover
[0.948s] Level 1:colcon.colcon_core.package_discovery:discover_packages(recursive) discover
[0.948s] INFO:colcon.colcon_core.package_discovery:Crawling recursively for packages in '/home/st/sample/happy_ws'
[0.949s] Level 1:colcon.colcon_core.package_identification:_identify(.) by extensions ['ignore', 'ignore_ament_install']
[0.949s] Level 1:colcon.colcon_core.package_identification:_identify(.) by extension 'ignore'
[0.949s] Level 1:colcon.colcon_core.package_identification:_identify(.) by extension 'ignore_ament_install'
[0.950s] Level 1:colcon.colcon_core.package_identification:_identify(.) by extensions ['colcon_pkg']
[0.950s] Level 1:colcon.colcon_core.package_identification:_identify(.) by extension 'colcon_pkg'
[0.950s] Level 1:colcon.colcon_core.package_identification:_identify(.) by extensions ['colcon_meta']
[0.950s] Level 1:colcon.colcon_core.package_identification:_identify(.) by extension 'colcon_meta'
[0.950s] Level 1:colcon.colcon_core.package_identification:_identify(.) by extensions ['ros']
[0.950s] Level 1:colcon.colcon_core.package_identification:_identify(.) by extension 'ros'
[0.997s] Level 1:colcon.colcon_core.package_identification:_identify(.) by extensions ['cmake', 'python']
[0.997s] Level 1:colcon.colcon_core.package_identification:_identify(.) by extension 'cmake'
[0.998s] Level 1:colcon.colcon_core.package_identification:_identify(.) by extension 'python'
[0.998s] Level 1:colcon.colcon_core.package_identification:_identify(.) by extensions ['python_setup_py']
[0.998s] Level 1:colcon.colcon_core.package_identification:_identify(.) by extension 'python_setup_py'
[0.999s] Level 1:colcon.colcon_core.package_identification:_identify(build) by extensions ['ignore', 'ignore_ament_install']
[0.999s] Level 1:colcon.colcon_core.package_identification:_identify(build) by extension 'ignore'
[0.999s] Level 1:colcon.colcon_core.package_identification:_identify(build) ignored
[1.000s] Level 1:colcon.colcon_core.package_identification:_identify(install) by extensions ['ignore', 'ignore_ament_install']
[1.000s] Level 1:colcon.colcon_core.package_identification:_identify(install) by extension 'ignore'
[1.000s] Level 1:colcon.colcon_core.package_identification:_identify(install) ignored
[1.000s] Level 1:colcon.colcon_core.package_identification:_identify(log) by extensions ['ignore', 'ignore_ament_install']
[1.001s] Level 1:colcon.colcon_core.package_identification:_identify(log) by extension 'ignore'
[1.001s] Level 1:colcon.colcon_core.package_identification:_identify(log) ignored
[1.002s] Level 1:colcon.colcon_core.package_identification:_identify(src) by extensions ['ignore', 'ignore_ament_install']
[1.002s] Level 1:colcon.colcon_core.package_identification:_identify(src) by extension 'ignore'
[1.002s] Level 1:colcon.colcon_core.package_identification:_identify(src) by extension 'ignore_ament_install'
[1.002s] Level 1:colcon.colcon_core.package_identification:_identify(src) by extensions ['colcon_pkg']
[1.002s] Level 1:colcon.colcon_core.package_identification:_identify(src) by extension 'colcon_pkg'
[1.002s] Level 1:colcon.colcon_core.package_identification:_identify(src) by extensions ['colcon_meta']
[1.003s] Level 1:colcon.colcon_core.package_identification:_identify(src) by extension 'colcon_meta'
[1.003s] Level 1:colcon.colcon_core.package_identification:_identify(src) by extensions ['ros']
[1.003s] Level 1:colcon.colcon_core.package_identification:_identify(src) by extension 'ros'
[1.003s] Level 1:colcon.colcon_core.package_identification:_identify(src) by extensions ['cmake', 'python']
[1.003s] Level 1:colcon.colcon_core.package_identification:_identify(src) by extension 'cmake'
[1.003s] Level 1:colcon.colcon_core.package_identification:_identify(src) by extension 'python'
[1.004s] Level 1:colcon.colcon_core.package_identification:_identify(src) by extensions ['python_setup_py']
[1.004s] Level 1:colcon.colcon_core.package_identification:_identify(src) by extension 'python_setup_py'
[1.004s] Level 1:colcon.colcon_core.package_identification:_identify(src/random_number) by extensions ['ignore', 'ignore_ament_install']
[1.004s] Level 1:colcon.colcon_core.package_identification:_identify(src/random_number) by extension 'ignore'
[1.004s] Level 1:colcon.colcon_core.package_identification:_identify(src/random_number) by extension 'ignore_ament_install'
[1.005s] Level 1:colcon.colcon_core.package_identification:_identify(src/random_number) by extensions ['colcon_pkg']
[1.005s] Level 1:colcon.colcon_core.package_identification:_identify(src/random_number) by extension 'colcon_pkg'
[1.005s] Level 1:colcon.colcon_core.package_identification:_identify(src/random_number) by extensions ['colcon_meta']
[1.005s] Level 1:colcon.colcon_core.package_identification:_identify(src/random_number) by extension 'colcon_meta'
[1.005s] Level 1:colcon.colcon_core.package_identification:_identify(src/random_number) by extensions ['ros']
[1.005s] Level 1:colcon.colcon_core.package_identification:_identify(src/random_number) by extension 'ros'
[1.013s] DEBUG:colcon.colcon_core.package_identification:Package 'src/random_number' with type 'ros.ament_python' and name 'random_number'
[1.013s] Level 1:colcon.colcon_core.package_discovery:discover_packages(recursive) using defaults
[1.013s] Level 1:colcon.colcon_core.package_discovery:discover_packages(ignore) discover
[1.013s] Level 1:colcon.colcon_core.package_discovery:discover_packages(ignore) using defaults
[1.014s] Level 1:colcon.colcon_core.package_discovery:discover_packages(path) discover
[1.014s] Level 1:colcon.colcon_core.package_discovery:discover_packages(path) using defaults
[1.087s] Level 1:colcon.colcon_core.package_discovery:discover_packages(prefix_path) check parameters
[1.087s] Level 1:colcon.colcon_core.package_discovery:discover_packages(prefix_path) discover
[1.094s] DEBUG:colcon.colcon_installed_package_information.package_discovery:Found 1 installed packages in /home/st/sample/happy_ws/install
[1.104s] DEBUG:colcon.colcon_installed_package_information.package_discovery:Found 271 installed packages in /opt/ros/humble
[1.112s] Level 1:colcon.colcon_core.package_discovery:discover_packages(prefix_path) using defaults
[1.289s] Level 5:colcon.colcon_core.verb:set package 'random_number' build argument 'cmake_args' from command line to 'None'
[1.289s] Level 5:colcon.colcon_core.verb:set package 'random_number' build argument 'cmake_target' from command line to 'None'
[1.289s] Level 5:colcon.colcon_core.verb:set package 'random_number' build argument 'cmake_target_skip_unavailable' from command line to 'False'
[1.289s] Level 5:colcon.colcon_core.verb:set package 'random_number' build argument 'cmake_clean_cache' from command line to 'False'
[1.289s] Level 5:colcon.colcon_core.verb:set package 'random_number' build argument 'cmake_clean_first' from command line to 'False'
[1.290s] Level 5:colcon.colcon_core.verb:set package 'random_number' build argument 'cmake_force_configure' from command line to 'False'
[1.290s] Level 5:colcon.colcon_core.verb:set package 'random_number' build argument 'ament_cmake_args' from command line to 'None'
[1.290s] Level 5:colcon.colcon_core.verb:set package 'random_number' build argument 'catkin_cmake_args' from command line to 'None'
[1.290s] Level 5:colcon.colcon_core.verb:set package 'random_number' build argument 'catkin_skip_building_tests' from command line to 'False'
[1.290s] DEBUG:colcon.colcon_core.verb:Building package 'random_number' with the following arguments: {'ament_cmake_args': None, 'build_base': '/home/st/sample/happy_ws/build/random_number', 'catkin_cmake_args': None, 'catkin_skip_building_tests': False, 'cmake_args': None, 'cmake_clean_cache': False, 'cmake_clean_first': False, 'cmake_force_configure': False, 'cmake_target': None, 'cmake_target_skip_unavailable': False, 'install_base': '/home/st/sample/happy_ws/install/random_number', 'merge_install': False, 'path': '/home/st/sample/happy_ws/src/random_number', 'symlink_install': False, 'test_result_base': None}
[1.291s] INFO:colcon.colcon_core.executor:Executing jobs using 'parallel' executor
[1.294s] DEBUG:colcon.colcon_parallel_executor.executor.parallel:run_until_complete
[1.295s] INFO:colcon.colcon_ros.task.ament_python.build:Building ROS package in '/home/st/sample/happy_ws/src/random_number' with build type 'ament_python'
[1.296s] Level 1:colcon.colcon_core.shell:create_environment_hook('random_number', 'ament_prefix_path')
[1.303s] INFO:colcon.colcon_core.plugin_system:Skipping extension 'colcon_core.shell.bat': Not used on non-Windows systems
[1.304s] INFO:colcon.colcon_core.shell:Creating environment hook '/home/st/sample/happy_ws/install/random_number/share/random_number/hook/ament_prefix_path.ps1'
[1.306s] INFO:colcon.colcon_core.shell:Creating environment descriptor '/home/st/sample/happy_ws/install/random_number/share/random_number/hook/ament_prefix_path.dsv'
[1.308s] INFO:colcon.colcon_core.shell:Creating environment hook '/home/st/sample/happy_ws/install/random_number/share/random_number/hook/ament_prefix_path.sh'
[1.311s] INFO:colcon.colcon_core.shell:Skip shell extension 'powershell' for command environment: Not usable outside of PowerShell
[1.311s] DEBUG:colcon.colcon_core.shell:Skip shell extension 'dsv' for command environment
[2.299s] INFO:colcon.colcon_core.task.python.build:Building Python package in '/home/st/sample/happy_ws/src/random_number'
[2.300s] INFO:colcon.colcon_core.shell:Skip shell extension 'powershell' for command environment: Not usable outside of PowerShell
[2.301s] DEBUG:colcon.colcon_core.shell:Skip shell extension 'dsv' for command environment
[3.551s] DEBUG:colcon.colcon_core.event_handler.log_command:Invoking command in '/home/st/sample/happy_ws/src/random_number': PYTHONPATH=/home/st/sample/happy_ws/build/random_number/prefix_override:/usr/lib/python3/dist-packages/colcon_core/task/python/colcon_distutils_commands:/home/st/sample/happy_ws/install/random_number/lib/python3.10/site-packages:${PYTHONPATH} /usr/bin/python3 -W ignore:setup.py install is deprecated -W ignore:easy_install command is deprecated setup.py egg_info --egg-base ../../build/random_number build --build-base /home/st/sample/happy_ws/build/random_number/build install --record /home/st/sample/happy_ws/build/random_number/install.log --single-version-externally-managed install_data
[4.491s] DEBUG:colcon.colcon_core.event_handler.log_command:Invoked command in '/home/st/sample/happy_ws/src/random_number' returned '0': PYTHONPATH=/home/st/sample/happy_ws/build/random_number/prefix_override:/usr/lib/python3/dist-packages/colcon_core/task/python/colcon_distutils_commands:/home/st/sample/happy_ws/install/random_number/lib/python3.10/site-packages:${PYTHONPATH} /usr/bin/python3 -W ignore:setup.py install is deprecated -W ignore:easy_install command is deprecated setup.py egg_info --egg-base ../../build/random_number build --build-base /home/st/sample/happy_ws/build/random_number/build install --record /home/st/sample/happy_ws/build/random_number/install.log --single-version-externally-managed install_data
[4.499s] Level 1:colcon.colcon_core.environment:checking '/home/st/sample/happy_ws/install/random_number' for CMake module files
[4.501s] Level 1:colcon.colcon_core.environment:checking '/home/st/sample/happy_ws/install/random_number' for CMake config files
[4.503s] Level 1:colcon.colcon_core.environment:checking '/home/st/sample/happy_ws/install/random_number/lib'
[4.503s] Level 1:colcon.colcon_core.environment:checking '/home/st/sample/happy_ws/install/random_number/bin'
[4.504s] Level 1:colcon.colcon_core.environment:checking '/home/st/sample/happy_ws/install/random_number/lib/pkgconfig/random_number.pc'
[4.504s] Level 1:colcon.colcon_core.environment:checking '/home/st/sample/happy_ws/install/random_number/lib/python3.10/site-packages'
[4.505s] Level 1:colcon.colcon_core.shell:create_environment_hook('random_number', 'pythonpath')
[4.505s] INFO:colcon.colcon_core.shell:Creating environment hook '/home/st/sample/happy_ws/install/random_number/share/random_number/hook/pythonpath.ps1'
[4.507s] INFO:colcon.colcon_core.shell:Creating environment descriptor '/home/st/sample/happy_ws/install/random_number/share/random_number/hook/pythonpath.dsv'
[4.508s] INFO:colcon.colcon_core.shell:Creating environment hook '/home/st/sample/happy_ws/install/random_number/share/random_number/hook/pythonpath.sh'
[4.511s] Level 1:colcon.colcon_core.environment:checking '/home/st/sample/happy_ws/install/random_number/bin'
[4.511s] Level 1:colcon.colcon_core.environment:create_environment_scripts_only(random_number)
[4.512s] INFO:colcon.colcon_core.shell:Creating package script '/home/st/sample/happy_ws/install/random_number/share/random_number/package.ps1'
[4.514s] INFO:colcon.colcon_core.shell:Creating package descriptor '/home/st/sample/happy_ws/install/random_number/share/random_number/package.dsv'
[4.517s] INFO:colcon.colcon_core.shell:Creating package script '/home/st/sample/happy_ws/install/random_number/share/random_number/package.sh'
[4.519s] INFO:colcon.colcon_core.shell:Creating package script '/home/st/sample/happy_ws/install/random_number/share/random_number/package.bash'
[4.522s] INFO:colcon.colcon_core.shell:Creating package script '/home/st/sample/happy_ws/install/random_number/share/random_number/package.zsh'
[4.524s] Level 1:colcon.colcon_core.environment:create_file_with_runtime_dependencies(/home/st/sample/happy_ws/install/random_number/share/colcon-core/packages/random_number)
[4.526s] DEBUG:colcon.colcon_parallel_executor.executor.parallel:closing loop
[4.526s] DEBUG:colcon.colcon_parallel_executor.executor.parallel:loop closed
[4.527s] DEBUG:colcon.colcon_parallel_executor.executor.parallel:run_until_complete finished with '0'
[4.527s] DEBUG:colcon.colcon_core.event_reactor:joining thread
[4.546s] INFO:colcon.colcon_core.plugin_system:Skipping extension 'colcon_notification.desktop_notification.terminal_notifier': Not used on non-Darwin systems
[4.546s] INFO:colcon.colcon_core.plugin_system:Skipping extension 'colcon_notification.desktop_notification.win32': Not used on non-Windows systems
[4.547s] INFO:colcon.colcon_notification.desktop_notification:Sending desktop notification using 'notify2'
[4.584s] DEBUG:colcon.colcon_core.event_reactor:joined thread
[4.586s] INFO:colcon.colcon_core.shell:Creating prefix script '/home/st/sample/happy_ws/install/local_setup.ps1'
[4.589s] INFO:colcon.colcon_core.shell:Creating prefix util module '/home/st/sample/happy_ws/install/_local_setup_util_ps1.py'
[4.594s] INFO:colcon.colcon_core.shell:Creating prefix chain script '/home/st/sample/happy_ws/install/setup.ps1'
[4.598s] INFO:colcon.colcon_core.shell:Creating prefix script '/home/st/sample/happy_ws/install/local_setup.sh'
[4.600s] INFO:colcon.colcon_core.shell:Creating prefix util module '/home/st/sample/happy_ws/install/_local_setup_util_sh.py'
[4.602s] INFO:colcon.colcon_core.shell:Creating prefix chain script '/home/st/sample/happy_ws/install/setup.sh'
[4.606s] INFO:colcon.colcon_core.shell:Creating prefix script '/home/st/sample/happy_ws/install/local_setup.bash'
[4.608s] INFO:colcon.colcon_core.shell:Creating prefix chain script '/home/st/sample/happy_ws/install/setup.bash'
[4.611s] INFO:colcon.colcon_core.shell:Creating prefix script '/home/st/sample/happy_ws/install/local_setup.zsh'
[4.613s] INFO:colcon.colcon_core.shell:Creating prefix chain script '/home/st/sample/happy_ws/install/setup.zsh'
