running egg_info
writing ../../build/service/service.egg-info/PKG-INFO
writing dependency_links to ../../build/service/service.egg-info/dependency_links.txt
writing entry points to ../../build/service/service.egg-info/entry_points.txt
writing requirements to ../../build/service/service.egg-info/requires.txt
writing top-level names to ../../build/service/service.egg-info/top_level.txt
reading manifest file '../../build/service/service.egg-info/SOURCES.txt'
writing manifest file '../../build/service/service.egg-info/SOURCES.txt'
running build
running build_py
copying service/client.py -> /home/st/sample/happy_ws/build/service/build/lib/service
running install
running install_lib
copying /home/st/sample/happy_ws/build/service/build/lib/service/client.py -> /home/st/sample/happy_ws/install/service/lib/python3.10/site-packages/service
byte-compiling /home/st/sample/happy_ws/install/service/lib/python3.10/site-packages/service/client.py to client.cpython-310.pyc
running install_data
running install_egg_info
removing '/home/st/sample/happy_ws/install/service/lib/python3.10/site-packages/service-0.0.0-py3.10.egg-info' (and everything under it)
Copying ../../build/service/service.egg-info to /home/st/sample/happy_ws/install/service/lib/python3.10/site-packages/service-0.0.0-py3.10.egg-info
running install_scripts
Installing client script to /home/st/sample/happy_ws/install/service/lib/service
Installing server script to /home/st/sample/happy_ws/install/service/lib/service
writing list of installed files to '/home/st/sample/happy_ws/build/service/install.log'
