[3.474s] Invoking command in '/home/st/sample/happy_ws/src/service': PYTHONPATH=/home/st/sample/happy_ws/build/service/prefix_override:/usr/lib/python3/dist-packages/colcon_core/task/python/colcon_distutils_commands:/home/st/sample/happy_ws/install/service/lib/python3.10/site-packages:${PYTHONPATH} /usr/bin/python3 -W ignore:setup.py install is deprecated -W ignore:easy_install command is deprecated setup.py egg_info --egg-base ../../build/service build --build-base /home/st/sample/happy_ws/build/service/build install --record /home/st/sample/happy_ws/build/service/install.log --single-version-externally-managed install_data
[4.281s] running egg_info
[4.282s] writing ../../build/service/service.egg-info/PKG-INFO
[4.284s] writing dependency_links to ../../build/service/service.egg-info/dependency_links.txt
[4.285s] writing entry points to ../../build/service/service.egg-info/entry_points.txt
[4.286s] writing requirements to ../../build/service/service.egg-info/requires.txt
[4.287s] writing top-level names to ../../build/service/service.egg-info/top_level.txt
[4.297s] reading manifest file '../../build/service/service.egg-info/SOURCES.txt'
[4.302s] writing manifest file '../../build/service/service.egg-info/SOURCES.txt'
[4.303s] running build
[4.303s] running build_py
[4.310s] copying service/client.py -> /home/st/sample/happy_ws/build/service/build/lib/service
[4.310s] running install
[4.317s] running install_lib
[4.318s] copying /home/st/sample/happy_ws/build/service/build/lib/service/client.py -> /home/st/sample/happy_ws/install/service/lib/python3.10/site-packages/service
[4.323s] byte-compiling /home/st/sample/happy_ws/install/service/lib/python3.10/site-packages/service/client.py to client.cpython-310.pyc
[4.329s] running install_data
[4.333s] running install_egg_info
[4.338s] removing '/home/st/sample/happy_ws/install/service/lib/python3.10/site-packages/service-0.0.0-py3.10.egg-info' (and everything under it)
[4.339s] Copying ../../build/service/service.egg-info to /home/st/sample/happy_ws/install/service/lib/python3.10/site-packages/service-0.0.0-py3.10.egg-info
[4.347s] running install_scripts
[4.443s] Installing client script to /home/st/sample/happy_ws/install/service/lib/service
[4.448s] Installing server script to /home/st/sample/happy_ws/install/service/lib/service
[4.453s] writing list of installed files to '/home/st/sample/happy_ws/build/service/install.log'
[4.610s] Invoked command in '/home/st/sample/happy_ws/src/service' returned '0': PYTHONPATH=/home/st/sample/happy_ws/build/service/prefix_override:/usr/lib/python3/dist-packages/colcon_core/task/python/colcon_distutils_commands:/home/st/sample/happy_ws/install/service/lib/python3.10/site-packages:${PYTHONPATH} /usr/bin/python3 -W ignore:setup.py install is deprecated -W ignore:easy_install command is deprecated setup.py egg_info --egg-base ../../build/service build --build-base /home/st/sample/happy_ws/build/service/build install --record /home/st/sample/happy_ws/build/service/install.log --single-version-externally-managed install_data
