[2.755s] Invoking command in '/home/st/sample/happy_ws/src/service': PYTHONPATH=/home/st/sample/happy_ws/build/service/prefix_override:/usr/lib/python3/dist-packages/colcon_core/task/python/colcon_distutils_commands:/home/st/sample/happy_ws/install/service/lib/python3.10/site-packages:${PYTHONPATH} /usr/bin/python3 -W ignore:setup.py install is deprecated -W ignore:easy_install command is deprecated setup.py egg_info --egg-base ../../build/service build --build-base /home/st/sample/happy_ws/build/service/build install --record /home/st/sample/happy_ws/build/service/install.log --single-version-externally-managed install_data
[3.956s] running egg_info
[3.961s] writing ../../build/service/service.egg-info/PKG-INFO
[3.963s] writing dependency_links to ../../build/service/service.egg-info/dependency_links.txt
[3.968s] writing entry points to ../../build/service/service.egg-info/entry_points.txt
[3.976s] writing requirements to ../../build/service/service.egg-info/requires.txt
[3.977s] writing top-level names to ../../build/service/service.egg-info/top_level.txt
[3.998s] reading manifest file '../../build/service/service.egg-info/SOURCES.txt'
[4.011s] writing manifest file '../../build/service/service.egg-info/SOURCES.txt'
[4.014s] running build
[4.014s] running build_py
[4.015s] copying service/server.py -> /home/st/sample/happy_ws/build/service/build/lib/service
[4.019s] running install
[4.020s] running install_lib
[4.020s] copying /home/st/sample/happy_ws/build/service/build/lib/service/server.py -> /home/st/sample/happy_ws/install/service/lib/python3.10/site-packages/service
[4.020s] byte-compiling /home/st/sample/happy_ws/install/service/lib/python3.10/site-packages/service/server.py to server.cpython-310.pyc
[4.023s]   File "/home/st/sample/happy_ws/install/service/lib/python3.10/site-packages/service/server.py", line 26
[4.023s]     if req="合計":
[4.024s]        ^^^^^^^^^^^^
[4.027s] SyntaxError: invalid syntax. Maybe you meant '==' or ':=' instead of '='?
[4.027s] 
[4.027s] running install_data
[4.029s] running install_egg_info
[4.048s] removing '/home/st/sample/happy_ws/install/service/lib/python3.10/site-packages/service-0.0.0-py3.10.egg-info' (and everything under it)
[4.053s] Copying ../../build/service/service.egg-info to /home/st/sample/happy_ws/install/service/lib/python3.10/site-packages/service-0.0.0-py3.10.egg-info
[4.064s] running install_scripts
[4.134s] Installing client script to /home/st/sample/happy_ws/install/service/lib/service
[4.139s] Installing server script to /home/st/sample/happy_ws/install/service/lib/service
[4.141s] writing list of installed files to '/home/st/sample/happy_ws/build/service/install.log'
[4.279s] Invoked command in '/home/st/sample/happy_ws/src/service' returned '0': PYTHONPATH=/home/st/sample/happy_ws/build/service/prefix_override:/usr/lib/python3/dist-packages/colcon_core/task/python/colcon_distutils_commands:/home/st/sample/happy_ws/install/service/lib/python3.10/site-packages:${PYTHONPATH} /usr/bin/python3 -W ignore:setup.py install is deprecated -W ignore:easy_install command is deprecated setup.py egg_info --egg-base ../../build/service build --build-base /home/st/sample/happy_ws/build/service/build install --record /home/st/sample/happy_ws/build/service/install.log --single-version-externally-managed install_data
