[3.442s] Invoking command in '/home/st/sample/happy_ws/src/random_number': PYTHONPATH=/home/st/sample/happy_ws/build/random_number/prefix_override:/usr/lib/python3/dist-packages/colcon_core/task/python/colcon_distutils_commands:/home/st/sample/happy_ws/install/random_number/lib/python3.10/site-packages:${PYTHONPATH} /usr/bin/python3 -W ignore:setup.py install is deprecated -W ignore:easy_install command is deprecated setup.py egg_info --egg-base ../../build/random_number build --build-base /home/st/sample/happy_ws/build/random_number/build install --record /home/st/sample/happy_ws/build/random_number/install.log --single-version-externally-managed install_data
[4.280s] running egg_info
[4.280s] writing ../../build/random_number/random_number.egg-info/PKG-INFO
[4.281s] writing dependency_links to ../../build/random_number/random_number.egg-info/dependency_links.txt
[4.284s] writing entry points to ../../build/random_number/random_number.egg-info/entry_points.txt
[4.285s] writing requirements to ../../build/random_number/random_number.egg-info/requires.txt
[4.285s] writing top-level names to ../../build/random_number/random_number.egg-info/top_level.txt
[4.290s] reading manifest file '../../build/random_number/random_number.egg-info/SOURCES.txt'
[4.293s] writing manifest file '../../build/random_number/random_number.egg-info/SOURCES.txt'
[4.294s] running build
[4.294s] running build_py
[4.296s] running install
[4.299s] running install_lib
[4.303s] running install_data
[4.303s] running install_egg_info
[4.311s] removing '/home/st/sample/happy_ws/install/random_number/lib/python3.10/site-packages/random_number-0.0.0-py3.10.egg-info' (and everything under it)
[4.311s] Copying ../../build/random_number/random_number.egg-info to /home/st/sample/happy_ws/install/random_number/lib/python3.10/site-packages/random_number-0.0.0-py3.10.egg-info
[4.321s] running install_scripts
[4.396s] Installing random_topic script to /home/st/sample/happy_ws/install/random_number/lib/random_number
[4.398s] writing list of installed files to '/home/st/sample/happy_ws/build/random_number/install.log'
[4.565s] Invoked command in '/home/st/sample/happy_ws/src/random_number' returned '0': PYTHONPATH=/home/st/sample/happy_ws/build/random_number/prefix_override:/usr/lib/python3/dist-packages/colcon_core/task/python/colcon_distutils_commands:/home/st/sample/happy_ws/install/random_number/lib/python3.10/site-packages:${PYTHONPATH} /usr/bin/python3 -W ignore:setup.py install is deprecated -W ignore:easy_install command is deprecated setup.py egg_info --egg-base ../../build/random_number build --build-base /home/st/sample/happy_ws/build/random_number/build install --record /home/st/sample/happy_ws/build/random_number/install.log --single-version-externally-managed install_data
