[0.283s] DEBUG:colcon:Command line arguments: ['/usr/bin/colcon', 'build']
[0.283s] DEBUG:colcon:Parsed command line arguments: Namespace(log_base=None, log_level=None, verb_name='build', build_base='build', install_base='install', merge_install=False, symlink_install=False, test_result_base=None, continue_on_error=False, executor='parallel', parallel_workers=2, event_handlers=None, ignore_user_meta=False, metas=['./colcon.meta'], base_paths=['.'], packages_ignore=None, packages_ignore_regex=None, paths=None, packages_up_to=None, packages_up_to_regex=None, packages_above=None, packages_above_and_dependencies=None, packages_above_depth=None, packages_select_by_dep=None, packages_skip_by_dep=None, packages_skip_up_to=None, packages_select_build_failed=False, packages_skip_build_finished=False, packages_select_test_failures=False, packages_skip_test_passed=False, packages_select=None, packages_skip=None, packages_select_regex=None, packages_skip_regex=None, packages_start=None, packages_end=None, allow_overriding=[], cmake_args=None, cmake_target=None, cmake_target_skip_unavailable=False, cmake_clean_cache=False, cmake_clean_first=False, cmake_force_configure=False, ament_cmake_args=None, catkin_cmake_args=None, catkin_skip_building_tests=False, verb_parser=<colcon_defaults.argument_parser.defaults.DefaultArgumentsDecorator object at 0x74295642fdc0>, verb_extension=<colcon_core.verb.build.BuildVerb object at 0x7429565dd690>, main=<bound method BuildVerb.main of <colcon_core.verb.build.BuildVerb object at 0x7429565dd690>>)
[0.681s] Level 1:colcon.colcon_core.package_discovery:discover_packages(colcon_meta) check parameters
[0.681s] Level 1:colcon.colcon_core.package_discovery:discover_packages(recursive) check parameters
[0.681s] Level 1:colcon.colcon_core.package_discovery:discover_packages(ignore) check parameters
[0.681s] Level 1:colcon.colcon_core.package_discovery:discover_packages(path) check parameters
[0.682s] Level 1:colcon.colcon_core.package_discovery:discover_packages(colcon_meta) discover
[0.682s] Level 1:colcon.colcon_core.package_discovery:discover_packages(recursive) discover
[0.682s] INFO:colcon.colcon_core.package_discovery:Crawling recursively for packages in '/home/st/sample/happy_ws'
[0.682s] Level 1:colcon.colcon_core.package_identification:_identify(.) by extensions ['ignore', 'ignore_ament_install']
[0.683s] Level 1:colcon.colcon_core.package_identification:_identify(.) by extension 'ignore'
[0.683s] Level 1:colcon.colcon_core.package_identification:_identify(.) by extension 'ignore_ament_install'
[0.683s] Level 1:colcon.colcon_core.package_identification:_identify(.) by extensions ['colcon_pkg']
[0.683s] Level 1:colcon.colcon_core.package_identification:_identify(.) by extension 'colcon_pkg'
[0.684s] Level 1:colcon.colcon_core.package_identification:_identify(.) by extensions ['colcon_meta']
[0.684s] Level 1:colcon.colcon_core.package_identification:_identify(.) by extension 'colcon_meta'
[0.684s] Level 1:colcon.colcon_core.package_identification:_identify(.) by extensions ['ros']
[0.684s] Level 1:colcon.colcon_core.package_identification:_identify(.) by extension 'ros'
[0.714s] Level 1:colcon.colcon_core.package_identification:_identify(.) by extensions ['cmake', 'python']
[0.714s] Level 1:colcon.colcon_core.package_identification:_identify(.) by extension 'cmake'
[0.714s] Level 1:colcon.colcon_core.package_identification:_identify(.) by extension 'python'
[0.714s] Level 1:colcon.colcon_core.package_identification:_identify(.) by extensions ['python_setup_py']
[0.714s] Level 1:colcon.colcon_core.package_identification:_identify(.) by extension 'python_setup_py'
[0.715s] Level 1:colcon.colcon_core.package_identification:_identify(build) by extensions ['ignore', 'ignore_ament_install']
[0.715s] Level 1:colcon.colcon_core.package_identification:_identify(build) by extension 'ignore'
[0.715s] Level 1:colcon.colcon_core.package_identification:_identify(build) ignored
[0.716s] Level 1:colcon.colcon_core.package_identification:_identify(install) by extensions ['ignore', 'ignore_ament_install']
[0.716s] Level 1:colcon.colcon_core.package_identification:_identify(install) by extension 'ignore'
[0.717s] Level 1:colcon.colcon_core.package_identification:_identify(install) ignored
[0.717s] Level 1:colcon.colcon_core.package_identification:_identify(log) by extensions ['ignore', 'ignore_ament_install']
[0.717s] Level 1:colcon.colcon_core.package_identification:_identify(log) by extension 'ignore'
[0.718s] Level 1:colcon.colcon_core.package_identification:_identify(log) ignored
[0.718s] Level 1:colcon.colcon_core.package_identification:_identify(src) by extensions ['ignore', 'ignore_ament_install']
[0.719s] Level 1:colcon.colcon_core.package_identification:_identify(src) by extension 'ignore'
[0.719s] Level 1:colcon.colcon_core.package_identification:_identify(src) by extension 'ignore_ament_install'
[0.719s] Level 1:colcon.colcon_core.package_identification:_identify(src) by extensions ['colcon_pkg']
[0.719s] Level 1:colcon.colcon_core.package_identification:_identify(src) by extension 'colcon_pkg'
[0.720s] Level 1:colcon.colcon_core.package_identification:_identify(src) by extensions ['colcon_meta']
[0.720s] Level 1:colcon.colcon_core.package_identification:_identify(src) by extension 'colcon_meta'
[0.720s] Level 1:colcon.colcon_core.package_identification:_identify(src) by extensions ['ros']
[0.720s] Level 1:colcon.colcon_core.package_identification:_identify(src) by extension 'ros'
[0.720s] Level 1:colcon.colcon_core.package_identification:_identify(src) by extensions ['cmake', 'python']
[0.720s] Level 1:colcon.colcon_core.package_identification:_identify(src) by extension 'cmake'
[0.721s] Level 1:colcon.colcon_core.package_identification:_identify(src) by extension 'python'
[0.721s] Level 1:colcon.colcon_core.package_identification:_identify(src) by extensions ['python_setup_py']
[0.721s] Level 1:colcon.colcon_core.package_identification:_identify(src) by extension 'python_setup_py'
[0.722s] Level 1:colcon.colcon_core.package_identification:_identify(src/random_number) by extensions ['ignore', 'ignore_ament_install']
[0.722s] Level 1:colcon.colcon_core.package_identification:_identify(src/random_number) by extension 'ignore'
[0.722s] Level 1:colcon.colcon_core.package_identification:_identify(src/random_number) by extension 'ignore_ament_install'
[0.723s] Level 1:colcon.colcon_core.package_identification:_identify(src/random_number) by extensions ['colcon_pkg']
[0.723s] Level 1:colcon.colcon_core.package_identification:_identify(src/random_number) by extension 'colcon_pkg'
[0.723s] Level 1:colcon.colcon_core.package_identification:_identify(src/random_number) by extensions ['colcon_meta']
[0.723s] Level 1:colcon.colcon_core.package_identification:_identify(src/random_number) by extension 'colcon_meta'
[0.723s] Level 1:colcon.colcon_core.package_identification:_identify(src/random_number) by extensions ['ros']
[0.724s] Level 1:colcon.colcon_core.package_identification:_identify(src/random_number) by extension 'ros'
[0.730s] DEBUG:colcon.colcon_core.package_identification:Package 'src/random_number' with type 'ros.ament_python' and name 'random_number'
[0.731s] Level 1:colcon.colcon_core.package_identification:_identify(src/service) by extensions ['ignore', 'ignore_ament_install']
[0.731s] Level 1:colcon.colcon_core.package_identification:_identify(src/service) by extension 'ignore'
[0.732s] Level 1:colcon.colcon_core.package_identification:_identify(src/service) by extension 'ignore_ament_install'
[0.732s] Level 1:colcon.colcon_core.package_identification:_identify(src/service) by extensions ['colcon_pkg']
[0.732s] Level 1:colcon.colcon_core.package_identification:_identify(src/service) by extension 'colcon_pkg'
[0.732s] Level 1:colcon.colcon_core.package_identification:_identify(src/service) by extensions ['colcon_meta']
[0.732s] Level 1:colcon.colcon_core.package_identification:_identify(src/service) by extension 'colcon_meta'
[0.733s] Level 1:colcon.colcon_core.package_identification:_identify(src/service) by extensions ['ros']
[0.733s] Level 1:colcon.colcon_core.package_identification:_identify(src/service) by extension 'ros'
[0.735s] DEBUG:colcon.colcon_core.package_identification:Package 'src/service' with type 'ros.ament_python' and name 'service'
[0.735s] Level 1:colcon.colcon_core.package_identification:_identify(src/service_msgs) by extensions ['ignore', 'ignore_ament_install']
[0.736s] Level 1:colcon.colcon_core.package_identification:_identify(src/service_msgs) by extension 'ignore'
[0.736s] Level 1:colcon.colcon_core.package_identification:_identify(src/service_msgs) by extension 'ignore_ament_install'
[0.736s] Level 1:colcon.colcon_core.package_identification:_identify(src/service_msgs) by extensions ['colcon_pkg']
[0.737s] Level 1:colcon.colcon_core.package_identification:_identify(src/service_msgs) by extension 'colcon_pkg'
[0.737s] Level 1:colcon.colcon_core.package_identification:_identify(src/service_msgs) by extensions ['colcon_meta']
[0.737s] Level 1:colcon.colcon_core.package_identification:_identify(src/service_msgs) by extension 'colcon_meta'
[0.737s] Level 1:colcon.colcon_core.package_identification:_identify(src/service_msgs) by extensions ['ros']
[0.737s] Level 1:colcon.colcon_core.package_identification:_identify(src/service_msgs) by extension 'ros'
[0.738s] DEBUG:colcon.colcon_core.package_identification:Package 'src/service_msgs' with type 'ros.ament_cmake' and name 'service_msgs'
[0.739s] Level 1:colcon.colcon_core.package_discovery:discover_packages(recursive) using defaults
[0.739s] Level 1:colcon.colcon_core.package_discovery:discover_packages(ignore) discover
[0.739s] Level 1:colcon.colcon_core.package_discovery:discover_packages(ignore) using defaults
[0.739s] Level 1:colcon.colcon_core.package_discovery:discover_packages(path) discover
[0.739s] Level 1:colcon.colcon_core.package_discovery:discover_packages(path) using defaults
[0.788s] Level 1:colcon.colcon_core.package_discovery:discover_packages(prefix_path) check parameters
[0.788s] Level 1:colcon.colcon_core.package_discovery:discover_packages(prefix_path) discover
[0.793s] DEBUG:colcon.colcon_installed_package_information.package_discovery:Found 3 installed packages in /home/st/sample/happy_ws/install
[0.798s] DEBUG:colcon.colcon_installed_package_information.package_discovery:Found 271 installed packages in /opt/ros/humble
[0.804s] Level 1:colcon.colcon_core.package_discovery:discover_packages(prefix_path) using defaults
[0.983s] Level 5:colcon.colcon_core.verb:set package 'random_number' build argument 'cmake_args' from command line to 'None'
[0.984s] Level 5:colcon.colcon_core.verb:set package 'random_number' build argument 'cmake_target' from command line to 'None'
[0.984s] Level 5:colcon.colcon_core.verb:set package 'random_number' build argument 'cmake_target_skip_unavailable' from command line to 'False'
[0.984s] Level 5:colcon.colcon_core.verb:set package 'random_number' build argument 'cmake_clean_cache' from command line to 'False'
[0.984s] Level 5:colcon.colcon_core.verb:set package 'random_number' build argument 'cmake_clean_first' from command line to 'False'
[0.985s] Level 5:colcon.colcon_core.verb:set package 'random_number' build argument 'cmake_force_configure' from command line to 'False'
[0.985s] Level 5:colcon.colcon_core.verb:set package 'random_number' build argument 'ament_cmake_args' from command line to 'None'
[0.985s] Level 5:colcon.colcon_core.verb:set package 'random_number' build argument 'catkin_cmake_args' from command line to 'None'
[0.985s] Level 5:colcon.colcon_core.verb:set package 'random_number' build argument 'catkin_skip_building_tests' from command line to 'False'
[0.985s] DEBUG:colcon.colcon_core.verb:Building package 'random_number' with the following arguments: {'ament_cmake_args': None, 'build_base': '/home/st/sample/happy_ws/build/random_number', 'catkin_cmake_args': None, 'catkin_skip_building_tests': False, 'cmake_args': None, 'cmake_clean_cache': False, 'cmake_clean_first': False, 'cmake_force_configure': False, 'cmake_target': None, 'cmake_target_skip_unavailable': False, 'install_base': '/home/st/sample/happy_ws/install/random_number', 'merge_install': False, 'path': '/home/st/sample/happy_ws/src/random_number', 'symlink_install': False, 'test_result_base': None}
[0.986s] Level 5:colcon.colcon_core.verb:set package 'service' build argument 'cmake_args' from command line to 'None'
[0.987s] Level 5:colcon.colcon_core.verb:set package 'service' build argument 'cmake_target' from command line to 'None'
[0.987s] Level 5:colcon.colcon_core.verb:set package 'service' build argument 'cmake_target_skip_unavailable' from command line to 'False'
[0.987s] Level 5:colcon.colcon_core.verb:set package 'service' build argument 'cmake_clean_cache' from command line to 'False'
[0.987s] Level 5:colcon.colcon_core.verb:set package 'service' build argument 'cmake_clean_first' from command line to 'False'
[0.987s] Level 5:colcon.colcon_core.verb:set package 'service' build argument 'cmake_force_configure' from command line to 'False'
[0.987s] Level 5:colcon.colcon_core.verb:set package 'service' build argument 'ament_cmake_args' from command line to 'None'
[0.987s] Level 5:colcon.colcon_core.verb:set package 'service' build argument 'catkin_cmake_args' from command line to 'None'
[0.987s] Level 5:colcon.colcon_core.verb:set package 'service' build argument 'catkin_skip_building_tests' from command line to 'False'
[0.988s] DEBUG:colcon.colcon_core.verb:Building package 'service' with the following arguments: {'ament_cmake_args': None, 'build_base': '/home/st/sample/happy_ws/build/service', 'catkin_cmake_args': None, 'catkin_skip_building_tests': False, 'cmake_args': None, 'cmake_clean_cache': False, 'cmake_clean_first': False, 'cmake_force_configure': False, 'cmake_target': None, 'cmake_target_skip_unavailable': False, 'install_base': '/home/st/sample/happy_ws/install/service', 'merge_install': False, 'path': '/home/st/sample/happy_ws/src/service', 'symlink_install': False, 'test_result_base': None}
[0.988s] Level 5:colcon.colcon_core.verb:set package 'service_msgs' build argument 'cmake_args' from command line to 'None'
[0.988s] Level 5:colcon.colcon_core.verb:set package 'service_msgs' build argument 'cmake_target' from command line to 'None'
[0.989s] Level 5:colcon.colcon_core.verb:set package 'service_msgs' build argument 'cmake_target_skip_unavailable' from command line to 'False'
[0.989s] Level 5:colcon.colcon_core.verb:set package 'service_msgs' build argument 'cmake_clean_cache' from command line to 'False'
[0.989s] Level 5:colcon.colcon_core.verb:set package 'service_msgs' build argument 'cmake_clean_first' from command line to 'False'
[0.989s] Level 5:colcon.colcon_core.verb:set package 'service_msgs' build argument 'cmake_force_configure' from command line to 'False'
[0.989s] Level 5:colcon.colcon_core.verb:set package 'service_msgs' build argument 'ament_cmake_args' from command line to 'None'
[0.989s] Level 5:colcon.colcon_core.verb:set package 'service_msgs' build argument 'catkin_cmake_args' from command line to 'None'
[0.989s] Level 5:colcon.colcon_core.verb:set package 'service_msgs' build argument 'catkin_skip_building_tests' from command line to 'False'
[0.989s] DEBUG:colcon.colcon_core.verb:Building package 'service_msgs' with the following arguments: {'ament_cmake_args': None, 'build_base': '/home/st/sample/happy_ws/build/service_msgs', 'catkin_cmake_args': None, 'catkin_skip_building_tests': False, 'cmake_args': None, 'cmake_clean_cache': False, 'cmake_clean_first': False, 'cmake_force_configure': False, 'cmake_target': None, 'cmake_target_skip_unavailable': False, 'install_base': '/home/st/sample/happy_ws/install/service_msgs', 'merge_install': False, 'path': '/home/st/sample/happy_ws/src/service_msgs', 'symlink_install': False, 'test_result_base': None}
[0.989s] INFO:colcon.colcon_core.executor:Executing jobs using 'parallel' executor
[0.992s] DEBUG:colcon.colcon_parallel_executor.executor.parallel:run_until_complete
[0.993s] INFO:colcon.colcon_ros.task.ament_python.build:Building ROS package in '/home/st/sample/happy_ws/src/random_number' with build type 'ament_python'
[0.993s] Level 1:colcon.colcon_core.shell:create_environment_hook('random_number', 'ament_prefix_path')
[1.003s] INFO:colcon.colcon_core.plugin_system:Skipping extension 'colcon_core.shell.bat': Not used on non-Windows systems
[1.003s] INFO:colcon.colcon_core.shell:Creating environment hook '/home/st/sample/happy_ws/install/random_number/share/random_number/hook/ament_prefix_path.ps1'
[1.006s] INFO:colcon.colcon_core.shell:Creating environment descriptor '/home/st/sample/happy_ws/install/random_number/share/random_number/hook/ament_prefix_path.dsv'
[1.009s] INFO:colcon.colcon_core.shell:Creating environment hook '/home/st/sample/happy_ws/install/random_number/share/random_number/hook/ament_prefix_path.sh'
[1.012s] INFO:colcon.colcon_core.shell:Skip shell extension 'powershell' for command environment: Not usable outside of PowerShell
[1.012s] DEBUG:colcon.colcon_core.shell:Skip shell extension 'dsv' for command environment
[1.026s] INFO:colcon.colcon_ros.task.ament_python.build:Building ROS package in '/home/st/sample/happy_ws/src/service' with build type 'ament_python'
[1.027s] Level 1:colcon.colcon_core.shell:create_environment_hook('service', 'ament_prefix_path')
[1.028s] INFO:colcon.colcon_core.shell:Creating environment hook '/home/st/sample/happy_ws/install/service/share/service/hook/ament_prefix_path.ps1'
[1.030s] INFO:colcon.colcon_core.shell:Creating environment descriptor '/home/st/sample/happy_ws/install/service/share/service/hook/ament_prefix_path.dsv'
[1.032s] INFO:colcon.colcon_core.shell:Creating environment hook '/home/st/sample/happy_ws/install/service/share/service/hook/ament_prefix_path.sh'
[1.034s] INFO:colcon.colcon_core.shell:Skip shell extension 'powershell' for command environment: Not usable outside of PowerShell
[1.034s] DEBUG:colcon.colcon_core.shell:Skip shell extension 'dsv' for command environment
[1.812s] INFO:colcon.colcon_core.task.python.build:Building Python package in '/home/st/sample/happy_ws/src/random_number'
[1.813s] INFO:colcon.colcon_core.shell:Skip shell extension 'powershell' for command environment: Not usable outside of PowerShell
[1.814s] DEBUG:colcon.colcon_core.shell:Skip shell extension 'dsv' for command environment
[2.612s] INFO:colcon.colcon_core.task.python.build:Building Python package in '/home/st/sample/happy_ws/src/service'
[2.613s] INFO:colcon.colcon_core.shell:Skip shell extension 'powershell' for command environment: Not usable outside of PowerShell
[2.613s] DEBUG:colcon.colcon_core.shell:Skip shell extension 'dsv' for command environment
[3.752s] DEBUG:colcon.colcon_core.event_handler.log_command:Invoking command in '/home/st/sample/happy_ws/src/service': PYTHONPATH=/home/st/sample/happy_ws/build/service/prefix_override:/usr/lib/python3/dist-packages/colcon_core/task/python/colcon_distutils_commands:/home/st/sample/happy_ws/install/service/lib/python3.10/site-packages:${PYTHONPATH} /usr/bin/python3 -W ignore:setup.py install is deprecated -W ignore:easy_install command is deprecated setup.py egg_info --egg-base ../../build/service build --build-base /home/st/sample/happy_ws/build/service/build install --record /home/st/sample/happy_ws/build/service/install.log --single-version-externally-managed install_data
[3.858s] DEBUG:colcon.colcon_core.event_handler.log_command:Invoking command in '/home/st/sample/happy_ws/src/random_number': PYTHONPATH=/home/st/sample/happy_ws/build/random_number/prefix_override:/usr/lib/python3/dist-packages/colcon_core/task/python/colcon_distutils_commands:/home/st/sample/happy_ws/install/random_number/lib/python3.10/site-packages:${PYTHONPATH} /usr/bin/python3 -W ignore:setup.py install is deprecated -W ignore:easy_install command is deprecated setup.py egg_info --egg-base ../../build/random_number build --build-base /home/st/sample/happy_ws/build/random_number/build install --record /home/st/sample/happy_ws/build/random_number/install.log --single-version-externally-managed install_data
[4.852s] DEBUG:colcon.colcon_core.event_handler.log_command:Invoked command in '/home/st/sample/happy_ws/src/service' returned '0': PYTHONPATH=/home/st/sample/happy_ws/build/service/prefix_override:/usr/lib/python3/dist-packages/colcon_core/task/python/colcon_distutils_commands:/home/st/sample/happy_ws/install/service/lib/python3.10/site-packages:${PYTHONPATH} /usr/bin/python3 -W ignore:setup.py install is deprecated -W ignore:easy_install command is deprecated setup.py egg_info --egg-base ../../build/service build --build-base /home/st/sample/happy_ws/build/service/build install --record /home/st/sample/happy_ws/build/service/install.log --single-version-externally-managed install_data
[4.858s] Level 1:colcon.colcon_core.environment:checking '/home/st/sample/happy_ws/install/service' for CMake module files
[4.860s] Level 1:colcon.colcon_core.environment:checking '/home/st/sample/happy_ws/install/service' for CMake config files
[4.862s] Level 1:colcon.colcon_core.environment:checking '/home/st/sample/happy_ws/install/service/lib'
[4.863s] Level 1:colcon.colcon_core.environment:checking '/home/st/sample/happy_ws/install/service/bin'
[4.863s] Level 1:colcon.colcon_core.environment:checking '/home/st/sample/happy_ws/install/service/lib/pkgconfig/service.pc'
[4.864s] Level 1:colcon.colcon_core.environment:checking '/home/st/sample/happy_ws/install/service/lib/python3.10/site-packages'
[4.864s] Level 1:colcon.colcon_core.shell:create_environment_hook('service', 'pythonpath')
[4.865s] INFO:colcon.colcon_core.shell:Creating environment hook '/home/st/sample/happy_ws/install/service/share/service/hook/pythonpath.ps1'
[4.867s] INFO:colcon.colcon_core.shell:Creating environment descriptor '/home/st/sample/happy_ws/install/service/share/service/hook/pythonpath.dsv'
[4.868s] INFO:colcon.colcon_core.shell:Creating environment hook '/home/st/sample/happy_ws/install/service/share/service/hook/pythonpath.sh'
[4.870s] Level 1:colcon.colcon_core.environment:checking '/home/st/sample/happy_ws/install/service/bin'
[4.870s] Level 1:colcon.colcon_core.environment:create_environment_scripts_only(service)
[4.871s] INFO:colcon.colcon_core.shell:Creating package script '/home/st/sample/happy_ws/install/service/share/service/package.ps1'
[4.873s] INFO:colcon.colcon_core.shell:Creating package descriptor '/home/st/sample/happy_ws/install/service/share/service/package.dsv'
[4.879s] INFO:colcon.colcon_core.shell:Creating package script '/home/st/sample/happy_ws/install/service/share/service/package.sh'
[4.883s] INFO:colcon.colcon_core.shell:Creating package script '/home/st/sample/happy_ws/install/service/share/service/package.bash'
[4.885s] INFO:colcon.colcon_core.shell:Creating package script '/home/st/sample/happy_ws/install/service/share/service/package.zsh'
[4.887s] Level 1:colcon.colcon_core.environment:create_file_with_runtime_dependencies(/home/st/sample/happy_ws/install/service/share/colcon-core/packages/service)
[4.887s] INFO:colcon.colcon_ros.task.ament_cmake.build:Building ROS package in '/home/st/sample/happy_ws/src/service_msgs' with build type 'ament_cmake'
[4.888s] INFO:colcon.colcon_cmake.task.cmake.build:Building CMake package in '/home/st/sample/happy_ws/src/service_msgs'
[4.889s] INFO:colcon.colcon_core.shell:Skip shell extension 'powershell' for command environment: Not usable outside of PowerShell
[4.891s] DEBUG:colcon.colcon_core.shell:Skip shell extension 'dsv' for command environment
[4.922s] Level 1:colcon.colcon_core.environment:checking '/home/st/sample/happy_ws/install/random_number' for CMake module files
[4.923s] DEBUG:colcon.colcon_core.event_handler.log_command:Invoked command in '/home/st/sample/happy_ws/src/random_number' returned '0': PYTHONPATH=/home/st/sample/happy_ws/build/random_number/prefix_override:/usr/lib/python3/dist-packages/colcon_core/task/python/colcon_distutils_commands:/home/st/sample/happy_ws/install/random_number/lib/python3.10/site-packages:${PYTHONPATH} /usr/bin/python3 -W ignore:setup.py install is deprecated -W ignore:easy_install command is deprecated setup.py egg_info --egg-base ../../build/random_number build --build-base /home/st/sample/happy_ws/build/random_number/build install --record /home/st/sample/happy_ws/build/random_number/install.log --single-version-externally-managed install_data
[4.926s] Level 1:colcon.colcon_core.environment:checking '/home/st/sample/happy_ws/install/random_number' for CMake config files
[4.928s] Level 1:colcon.colcon_core.environment:checking '/home/st/sample/happy_ws/install/random_number/lib'
[4.928s] Level 1:colcon.colcon_core.environment:checking '/home/st/sample/happy_ws/install/random_number/bin'
[4.929s] Level 1:colcon.colcon_core.environment:checking '/home/st/sample/happy_ws/install/random_number/lib/pkgconfig/random_number.pc'
[4.929s] Level 1:colcon.colcon_core.environment:checking '/home/st/sample/happy_ws/install/random_number/lib/python3.10/site-packages'
[4.929s] Level 1:colcon.colcon_core.shell:create_environment_hook('random_number', 'pythonpath')
[4.930s] INFO:colcon.colcon_core.shell:Creating environment hook '/home/st/sample/happy_ws/install/random_number/share/random_number/hook/pythonpath.ps1'
[4.932s] INFO:colcon.colcon_core.shell:Creating environment descriptor '/home/st/sample/happy_ws/install/random_number/share/random_number/hook/pythonpath.dsv'
[4.934s] INFO:colcon.colcon_core.shell:Creating environment hook '/home/st/sample/happy_ws/install/random_number/share/random_number/hook/pythonpath.sh'
[4.936s] Level 1:colcon.colcon_core.environment:checking '/home/st/sample/happy_ws/install/random_number/bin'
[4.936s] Level 1:colcon.colcon_core.environment:create_environment_scripts_only(random_number)
[4.937s] INFO:colcon.colcon_core.shell:Creating package script '/home/st/sample/happy_ws/install/random_number/share/random_number/package.ps1'
[4.939s] INFO:colcon.colcon_core.shell:Creating package descriptor '/home/st/sample/happy_ws/install/random_number/share/random_number/package.dsv'
[4.941s] INFO:colcon.colcon_core.shell:Creating package script '/home/st/sample/happy_ws/install/random_number/share/random_number/package.sh'
[4.943s] INFO:colcon.colcon_core.shell:Creating package script '/home/st/sample/happy_ws/install/random_number/share/random_number/package.bash'
[4.945s] INFO:colcon.colcon_core.shell:Creating package script '/home/st/sample/happy_ws/install/random_number/share/random_number/package.zsh'
[4.947s] Level 1:colcon.colcon_core.environment:create_file_with_runtime_dependencies(/home/st/sample/happy_ws/install/random_number/share/colcon-core/packages/random_number)
[4.965s] DEBUG:colcon.colcon_core.event_handler.log_command:Invoking command in '/home/st/sample/happy_ws/build/service_msgs': CMAKE_PREFIX_PATH=${CMAKE_PREFIX_PATH}:/home/st/sample/happy_ws/install/service:/home/st/sample/happy_ws/install/random_number:/opt/ros/humble /usr/bin/cmake --build /home/st/sample/happy_ws/build/service_msgs -- -j2 -l2
[6.362s] DEBUG:colcon.colcon_core.event_handler.log_command:Invoked command in '/home/st/sample/happy_ws/build/service_msgs' returned '0': CMAKE_PREFIX_PATH=${CMAKE_PREFIX_PATH}:/home/st/sample/happy_ws/install/service:/home/st/sample/happy_ws/install/random_number:/opt/ros/humble /usr/bin/cmake --build /home/st/sample/happy_ws/build/service_msgs -- -j2 -l2
[6.408s] DEBUG:colcon.colcon_core.event_handler.log_command:Invoking command in '/home/st/sample/happy_ws/build/service_msgs': CMAKE_PREFIX_PATH=${CMAKE_PREFIX_PATH}:/home/st/sample/happy_ws/install/service:/home/st/sample/happy_ws/install/random_number:/opt/ros/humble /usr/bin/cmake --install /home/st/sample/happy_ws/build/service_msgs
[6.575s] Level 1:colcon.colcon_core.environment:create_environment_scripts_only(service_msgs)
[6.576s] Level 1:colcon.colcon_core.environment:checking '/home/st/sample/happy_ws/install/service_msgs' for CMake module files
[6.579s] DEBUG:colcon.colcon_core.event_handler.log_command:Invoked command in '/home/st/sample/happy_ws/build/service_msgs' returned '0': CMAKE_PREFIX_PATH=${CMAKE_PREFIX_PATH}:/home/st/sample/happy_ws/install/service:/home/st/sample/happy_ws/install/random_number:/opt/ros/humble /usr/bin/cmake --install /home/st/sample/happy_ws/build/service_msgs
[6.580s] Level 1:colcon.colcon_core.environment:checking '/home/st/sample/happy_ws/install/service_msgs' for CMake config files
[6.583s] Level 1:colcon.colcon_core.shell:create_environment_hook('service_msgs', 'cmake_prefix_path')
[6.583s] INFO:colcon.colcon_core.shell:Creating environment hook '/home/st/sample/happy_ws/install/service_msgs/share/service_msgs/hook/cmake_prefix_path.ps1'
[6.585s] INFO:colcon.colcon_core.shell:Creating environment descriptor '/home/st/sample/happy_ws/install/service_msgs/share/service_msgs/hook/cmake_prefix_path.dsv'
[6.587s] INFO:colcon.colcon_core.shell:Creating environment hook '/home/st/sample/happy_ws/install/service_msgs/share/service_msgs/hook/cmake_prefix_path.sh'
[6.589s] Level 1:colcon.colcon_core.environment:checking '/home/st/sample/happy_ws/install/service_msgs/lib'
[6.589s] Level 1:colcon.colcon_core.shell:create_environment_hook('service_msgs', 'ld_library_path_lib')
[6.589s] INFO:colcon.colcon_core.shell:Creating environment hook '/home/st/sample/happy_ws/install/service_msgs/share/service_msgs/hook/ld_library_path_lib.ps1'
[6.591s] INFO:colcon.colcon_core.shell:Creating environment descriptor '/home/st/sample/happy_ws/install/service_msgs/share/service_msgs/hook/ld_library_path_lib.dsv'
[6.592s] INFO:colcon.colcon_core.shell:Creating environment hook '/home/st/sample/happy_ws/install/service_msgs/share/service_msgs/hook/ld_library_path_lib.sh'
[6.593s] Level 1:colcon.colcon_core.environment:checking '/home/st/sample/happy_ws/install/service_msgs/bin'
[6.594s] Level 1:colcon.colcon_core.environment:checking '/home/st/sample/happy_ws/install/service_msgs/lib/pkgconfig/service_msgs.pc'
[6.594s] Level 1:colcon.colcon_core.environment:checking '/home/st/sample/happy_ws/install/service_msgs/lib/python3.10/site-packages'
[6.595s] Level 1:colcon.colcon_core.environment:checking '/home/st/sample/happy_ws/install/service_msgs/bin'
[6.595s] INFO:colcon.colcon_core.shell:Creating package script '/home/st/sample/happy_ws/install/service_msgs/share/service_msgs/package.ps1'
[6.597s] INFO:colcon.colcon_core.shell:Creating package descriptor '/home/st/sample/happy_ws/install/service_msgs/share/service_msgs/package.dsv'
[6.598s] INFO:colcon.colcon_core.shell:Creating package script '/home/st/sample/happy_ws/install/service_msgs/share/service_msgs/package.sh'
[6.600s] INFO:colcon.colcon_core.shell:Creating package script '/home/st/sample/happy_ws/install/service_msgs/share/service_msgs/package.bash'
[6.601s] INFO:colcon.colcon_core.shell:Creating package script '/home/st/sample/happy_ws/install/service_msgs/share/service_msgs/package.zsh'
[6.603s] Level 1:colcon.colcon_core.environment:create_file_with_runtime_dependencies(/home/st/sample/happy_ws/install/service_msgs/share/colcon-core/packages/service_msgs)
[6.605s] Level 1:colcon.colcon_core.environment:create_environment_scripts_only(service_msgs)
[6.605s] Level 1:colcon.colcon_core.environment:checking '/home/st/sample/happy_ws/install/service_msgs' for CMake module files
[6.607s] Level 1:colcon.colcon_core.environment:checking '/home/st/sample/happy_ws/install/service_msgs' for CMake config files
[6.609s] Level 1:colcon.colcon_core.shell:create_environment_hook('service_msgs', 'cmake_prefix_path')
[6.610s] INFO:colcon.colcon_core.shell:Creating environment hook '/home/st/sample/happy_ws/install/service_msgs/share/service_msgs/hook/cmake_prefix_path.ps1'
[6.612s] INFO:colcon.colcon_core.shell:Creating environment descriptor '/home/st/sample/happy_ws/install/service_msgs/share/service_msgs/hook/cmake_prefix_path.dsv'
[6.613s] INFO:colcon.colcon_core.shell:Creating environment hook '/home/st/sample/happy_ws/install/service_msgs/share/service_msgs/hook/cmake_prefix_path.sh'
[6.615s] Level 1:colcon.colcon_core.environment:checking '/home/st/sample/happy_ws/install/service_msgs/lib'
[6.615s] Level 1:colcon.colcon_core.shell:create_environment_hook('service_msgs', 'ld_library_path_lib')
[6.615s] INFO:colcon.colcon_core.shell:Creating environment hook '/home/st/sample/happy_ws/install/service_msgs/share/service_msgs/hook/ld_library_path_lib.ps1'
[6.616s] INFO:colcon.colcon_core.shell:Creating environment descriptor '/home/st/sample/happy_ws/install/service_msgs/share/service_msgs/hook/ld_library_path_lib.dsv'
[6.618s] INFO:colcon.colcon_core.shell:Creating environment hook '/home/st/sample/happy_ws/install/service_msgs/share/service_msgs/hook/ld_library_path_lib.sh'
[6.619s] Level 1:colcon.colcon_core.environment:checking '/home/st/sample/happy_ws/install/service_msgs/bin'
[6.620s] Level 1:colcon.colcon_core.environment:checking '/home/st/sample/happy_ws/install/service_msgs/lib/pkgconfig/service_msgs.pc'
[6.620s] Level 1:colcon.colcon_core.environment:checking '/home/st/sample/happy_ws/install/service_msgs/lib/python3.10/site-packages'
[6.621s] Level 1:colcon.colcon_core.environment:checking '/home/st/sample/happy_ws/install/service_msgs/bin'
[6.622s] INFO:colcon.colcon_core.shell:Creating package script '/home/st/sample/happy_ws/install/service_msgs/share/service_msgs/package.ps1'
[6.623s] INFO:colcon.colcon_core.shell:Creating package descriptor '/home/st/sample/happy_ws/install/service_msgs/share/service_msgs/package.dsv'
[6.625s] INFO:colcon.colcon_core.shell:Creating package script '/home/st/sample/happy_ws/install/service_msgs/share/service_msgs/package.sh'
[6.626s] INFO:colcon.colcon_core.shell:Creating package script '/home/st/sample/happy_ws/install/service_msgs/share/service_msgs/package.bash'
[6.628s] INFO:colcon.colcon_core.shell:Creating package script '/home/st/sample/happy_ws/install/service_msgs/share/service_msgs/package.zsh'
[6.629s] Level 1:colcon.colcon_core.environment:create_file_with_runtime_dependencies(/home/st/sample/happy_ws/install/service_msgs/share/colcon-core/packages/service_msgs)
[6.630s] DEBUG:colcon.colcon_parallel_executor.executor.parallel:closing loop
[6.631s] DEBUG:colcon.colcon_parallel_executor.executor.parallel:loop closed
[6.631s] DEBUG:colcon.colcon_parallel_executor.executor.parallel:run_until_complete finished with '0'
[6.631s] DEBUG:colcon.colcon_core.event_reactor:joining thread
[6.647s] INFO:colcon.colcon_core.plugin_system:Skipping extension 'colcon_notification.desktop_notification.terminal_notifier': Not used on non-Darwin systems
[6.647s] INFO:colcon.colcon_core.plugin_system:Skipping extension 'colcon_notification.desktop_notification.win32': Not used on non-Windows systems
[6.647s] INFO:colcon.colcon_notification.desktop_notification:Sending desktop notification using 'notify2'
[6.681s] DEBUG:colcon.colcon_core.event_reactor:joined thread
[6.682s] INFO:colcon.colcon_core.shell:Creating prefix script '/home/st/sample/happy_ws/install/local_setup.ps1'
[6.686s] INFO:colcon.colcon_core.shell:Creating prefix util module '/home/st/sample/happy_ws/install/_local_setup_util_ps1.py'
[6.689s] INFO:colcon.colcon_core.shell:Creating prefix chain script '/home/st/sample/happy_ws/install/setup.ps1'
[6.691s] INFO:colcon.colcon_core.shell:Creating prefix script '/home/st/sample/happy_ws/install/local_setup.sh'
[6.693s] INFO:colcon.colcon_core.shell:Creating prefix util module '/home/st/sample/happy_ws/install/_local_setup_util_sh.py'
[6.696s] INFO:colcon.colcon_core.shell:Creating prefix chain script '/home/st/sample/happy_ws/install/setup.sh'
[6.702s] INFO:colcon.colcon_core.shell:Creating prefix script '/home/st/sample/happy_ws/install/local_setup.bash'
[6.704s] INFO:colcon.colcon_core.shell:Creating prefix chain script '/home/st/sample/happy_ws/install/setup.bash'
[6.708s] INFO:colcon.colcon_core.shell:Creating prefix script '/home/st/sample/happy_ws/install/local_setup.zsh'
[6.709s] INFO:colcon.colcon_core.shell:Creating prefix chain script '/home/st/sample/happy_ws/install/setup.zsh'
