[2.422s] Invoking command in '/home/st/sample/happy_ws/src/random_topic': PYTHONPATH=/home/st/sample/happy_ws/build/random/prefix_override:/usr/lib/python3/dist-packages/colcon_core/task/python/colcon_distutils_commands:/home/st/sample/happy_ws/install/random/lib/python3.10/site-packages:${PYTHONPATH} /usr/bin/python3 -W ignore:setup.py install is deprecated -W ignore:easy_install command is deprecated setup.py egg_info --egg-base ../../build/random build --build-base /home/st/sample/happy_ws/build/random/build install --record /home/st/sample/happy_ws/build/random/install.log --single-version-externally-managed install_data
[3.333s] running egg_info
[3.335s] creating ../../build/random/random_topic.egg-info
[3.335s] writing ../../build/random/random_topic.egg-info/PKG-INFO
[3.338s] writing dependency_links to ../../build/random/random_topic.egg-info/dependency_links.txt
[3.338s] writing entry points to ../../build/random/random_topic.egg-info/entry_points.txt
[3.338s] writing requirements to ../../build/random/random_topic.egg-info/requires.txt
[3.339s] writing top-level names to ../../build/random/random_topic.egg-info/top_level.txt
[3.339s] writing manifest file '../../build/random/random_topic.egg-info/SOURCES.txt'
[3.343s] reading manifest file '../../build/random/random_topic.egg-info/SOURCES.txt'
[3.344s] writing manifest file '../../build/random/random_topic.egg-info/SOURCES.txt'
[3.345s] running build
[3.347s] running build_py
[3.348s] creating /home/st/sample/happy_ws/build/random/build
[3.348s] creating /home/st/sample/happy_ws/build/random/build/lib
[3.349s] creating /home/st/sample/happy_ws/build/random/build/lib/random_topic
[3.349s] copying random_topic/__init__.py -> /home/st/sample/happy_ws/build/random/build/lib/random_topic
[3.349s] copying random_topic/random_topic.py -> /home/st/sample/happy_ws/build/random/build/lib/random_topic
[3.352s] running install
[3.352s] running install_lib
[3.352s] creating /home/st/sample/happy_ws/install/random/lib/python3.10/site-packages/random_topic
[3.352s] copying /home/st/sample/happy_ws/build/random/build/lib/random_topic/__init__.py -> /home/st/sample/happy_ws/install/random/lib/python3.10/site-packages/random_topic
[3.353s] copying /home/st/sample/happy_ws/build/random/build/lib/random_topic/random_topic.py -> /home/st/sample/happy_ws/install/random/lib/python3.10/site-packages/random_topic
[3.353s] byte-compiling /home/st/sample/happy_ws/install/random/lib/python3.10/site-packages/random_topic/__init__.py to __init__.cpython-310.pyc
[3.353s] byte-compiling /home/st/sample/happy_ws/install/random/lib/python3.10/site-packages/random_topic/random_topic.py to random_topic.cpython-310.pyc
[3.357s] running install_data
[3.357s] error: can't copy 'resource/random_topic': doesn't exist or not a regular file
[3.409s] Invoked command in '/home/st/sample/happy_ws/src/random_topic' returned '1': PYTHONPATH=/home/st/sample/happy_ws/build/random/prefix_override:/usr/lib/python3/dist-packages/colcon_core/task/python/colcon_distutils_commands:/home/st/sample/happy_ws/install/random/lib/python3.10/site-packages:${PYTHONPATH} /usr/bin/python3 -W ignore:setup.py install is deprecated -W ignore:easy_install command is deprecated setup.py egg_info --egg-base ../../build/random build --build-base /home/st/sample/happy_ws/build/random/build install --record /home/st/sample/happy_ws/build/random/install.log --single-version-externally-managed install_data
