[0.082s] Invoking command in '/home/st/sample/happy_ws/build/service_msgs': CMAKE_PREFIX_PATH=/home/st/sample/happy_ws/install/random_number:/opt/ros/humble /usr/bin/cmake /home/st/sample/happy_ws/src/service_msgs -DCMAKE_INSTALL_PREFIX=/home/st/sample/happy_ws/install/service_msgs
[0.133s] -- Found ament_cmake: 1.3.12 (/opt/ros/humble/share/ament_cmake/cmake)
[0.601s] -- Found rosidl_default_generators: 1.2.0 (/opt/ros/humble/share/rosidl_default_generators/cmake)
[0.608s] -- Using all available rosidl_typesupport_c: rosidl_typesupport_fastrtps_c;rosidl_typesupport_introspection_c
[0.619s] -- Found rosidl_adapter: 3.1.7 (/opt/ros/humble/share/rosidl_adapter/cmake)
[0.734s] -- Using all available rosidl_typesupport_cpp: rosidl_typesupport_fastrtps_cpp;rosidl_typesupport_introspection_cpp
[1.744s] -- Found ament_cmake_ros: 0.10.0 (/opt/ros/humble/share/ament_cmake_ros/cmake)
[2.445s] -- Using all available rosidl_typesupport_c: rosidl_typesupport_fastrtps_c;rosidl_typesupport_introspection_c
[3.310s] -- Using all available rosidl_typesupport_cpp: rosidl_typesupport_fastrtps_cpp;rosidl_typesupport_introspection_cpp
[3.394s] -- Found PythonInterp: /usr/bin/python3 (found suitable version "3.10.12", minimum required is "3.6") 
[3.401s] -- Found python_cmake_module: 0.10.0 (/opt/ros/humble/share/python_cmake_module/cmake)
[3.487s] -- Found PythonLibs: /usr/lib/x86_64-linux-gnu/libpython3.10.so (found suitable version "3.10.12", minimum required is "3.5") 
[3.488s] -- Using PYTHON_EXECUTABLE: /usr/bin/python3
[3.488s] -- Using PYTHON_INCLUDE_DIRS: /usr/include/python3.10
[3.488s] -- Using PYTHON_LIBRARIES: /usr/lib/x86_64-linux-gnu/libpython3.10.so
[3.550s] -- Found PythonExtra: .so  
[3.650s] -- Found ament_lint_auto: 0.12.14 (/opt/ros/humble/share/ament_lint_auto/cmake)
[3.750s] -- Added test 'lint_cmake' to check CMake code style
[3.757s] -- Added test 'xmllint' to check XML markup files
[3.771s] -- Configuring done
[3.871s] -- Generating done
[3.910s] -- Build files have been written to: /home/st/sample/happy_ws/build/service_msgs
[3.937s] Invoked command in '/home/st/sample/happy_ws/build/service_msgs' returned '0': CMAKE_PREFIX_PATH=/home/st/sample/happy_ws/install/random_number:/opt/ros/humble /usr/bin/cmake /home/st/sample/happy_ws/src/service_msgs -DCMAKE_INSTALL_PREFIX=/home/st/sample/happy_ws/install/service_msgs
[3.940s] Invoking command in '/home/st/sample/happy_ws/build/service_msgs': CMAKE_PREFIX_PATH=/home/st/sample/happy_ws/install/random_number:/opt/ros/humble /usr/bin/cmake --build /home/st/sample/happy_ws/build/service_msgs -- -j2 -l2
[4.117s] [  3%] [34m[1mGenerating C code for ROS interfaces[0m
[4.163s] [  6%] [34m[1mGenerating C++ code for ROS interfaces[0m
[5.141s] [  6%] Built target service_msgs__cpp
[5.168s] [  9%] [32mBuilding C object CMakeFiles/service_msgs__rosidl_generator_c.dir/rosidl_generator_c/service_msgs/srv/detail/random_service__functions.c.o[0m
[5.293s] [  9%] Built target ament_cmake_python_copy_service_msgs
[5.351s] [ 12%] [34m[1mGenerating C++ introspection for ROS interfaces[0m
[5.641s] [ 16%] [32m[1mLinking C shared library libservice_msgs__rosidl_generator_c.so[0m
[5.807s] [ 16%] Built target service_msgs__rosidl_generator_c
[5.862s] [ 19%] [34m[1mGenerating C++ type support dispatch for ROS interfaces[0m
[6.208s] [ 22%] [32mBuilding CXX object CMakeFiles/service_msgs__rosidl_typesupport_introspection_cpp.dir/rosidl_typesupport_introspection_cpp/service_msgs/srv/detail/random_service__type_support.cpp.o[0m
[6.688s] [ 25%] [32mBuilding CXX object CMakeFiles/service_msgs__rosidl_typesupport_cpp.dir/rosidl_typesupport_cpp/service_msgs/srv/random_service__type_support.cpp.o[0m
[8.689s] [ 29%] [32m[1mLinking CXX shared library libservice_msgs__rosidl_typesupport_cpp.so[0m
[8.877s] [ 29%] Built target service_msgs__rosidl_typesupport_cpp
[8.926s] [ 32%] [34m[1mGenerating C type support for eProsima Fast-RTPS[0m
[9.107s] [ 35%] [32m[1mLinking CXX shared library libservice_msgs__rosidl_typesupport_introspection_cpp.so[0m
[9.357s] [ 35%] Built target service_msgs__rosidl_typesupport_introspection_cpp
[9.405s] [ 38%] [34m[1mGenerating C introspection for ROS interfaces[0m
[9.775s] [ 41%] [32mBuilding CXX object CMakeFiles/service_msgs__rosidl_typesupport_fastrtps_c.dir/rosidl_typesupport_fastrtps_c/service_msgs/srv/detail/random_service__type_support_c.cpp.o[0m
[10.312s] [ 45%] [32mBuilding C object CMakeFiles/service_msgs__rosidl_typesupport_introspection_c.dir/rosidl_typesupport_introspection_c/service_msgs/srv/detail/random_service__type_support.c.o[0m
[10.481s] [ 48%] [32m[1mLinking C shared library libservice_msgs__rosidl_typesupport_introspection_c.so[0m
[10.625s] [ 48%] Built target service_msgs__rosidl_typesupport_introspection_c
[10.675s] [ 51%] [34m[1mGenerating C type support dispatch for ROS interfaces[0m
[11.296s] [ 54%] [32m[1mLinking CXX shared library libservice_msgs__rosidl_typesupport_fastrtps_c.so[0m
[11.455s] [ 58%] [32mBuilding CXX object CMakeFiles/service_msgs__rosidl_typesupport_c.dir/rosidl_typesupport_c/service_msgs/srv/random_service__type_support.cpp.o[0m
[11.588s] [ 58%] Built target service_msgs__rosidl_typesupport_fastrtps_c
[11.607s] [ 61%] [32m[1mLinking CXX shared library libservice_msgs__rosidl_typesupport_c.so[0m
[11.644s] [ 64%] [34m[1mGenerating C++ type support for eProsima Fast-RTPS[0m
[11.808s] [ 64%] Built target service_msgs__rosidl_typesupport_c
[12.690s] [ 67%] [32mBuilding CXX object CMakeFiles/service_msgs__rosidl_typesupport_fastrtps_cpp.dir/rosidl_typesupport_fastrtps_cpp/service_msgs/srv/detail/dds_fastrtps/random_service__type_support.cpp.o[0m
[13.030s] running egg_info
[13.034s] creating service_msgs.egg-info
[13.036s] writing service_msgs.egg-info/PKG-INFO
[13.038s] writing dependency_links to service_msgs.egg-info/dependency_links.txt
[13.041s] writing top-level names to service_msgs.egg-info/top_level.txt
[13.042s] writing manifest file 'service_msgs.egg-info/SOURCES.txt'
[13.049s] reading manifest file 'service_msgs.egg-info/SOURCES.txt'
[13.052s] writing manifest file 'service_msgs.egg-info/SOURCES.txt'
[13.152s] [ 67%] Built target ament_cmake_python_build_service_msgs_egg
[14.361s] [ 70%] [32m[1mLinking CXX shared library libservice_msgs__rosidl_typesupport_fastrtps_cpp.so[0m
[14.714s] [ 70%] Built target service_msgs__rosidl_typesupport_fastrtps_cpp
[14.822s] [ 70%] Built target service_msgs
[14.932s] [ 74%] [34m[1mGenerating Python code for ROS interfaces[0m
[16.078s] [ 74%] Built target service_msgs__py
[16.201s] [ 77%] [32mBuilding C object CMakeFiles/service_msgs__rosidl_generator_py.dir/rosidl_generator_py/service_msgs/srv/_random_service_s.c.o[0m
[16.624s] [ 80%] [32m[1mLinking C shared library rosidl_generator_py/service_msgs/libservice_msgs__rosidl_generator_py.so[0m
[16.810s] [ 80%] Built target service_msgs__rosidl_generator_py
[16.921s] [ 83%] [32mBuilding C object CMakeFiles/service_msgs__rosidl_typesupport_fastrtps_c__pyext.dir/rosidl_generator_py/service_msgs/_service_msgs_s.ep.rosidl_typesupport_fastrtps_c.c.o[0m
[16.923s] [ 87%] [32mBuilding C object CMakeFiles/service_msgs__rosidl_typesupport_introspection_c__pyext.dir/rosidl_generator_py/service_msgs/_service_msgs_s.ep.rosidl_typesupport_introspection_c.c.o[0m
[17.304s] [ 90%] [32m[1mLinking C shared library rosidl_generator_py/service_msgs/service_msgs_s__rosidl_typesupport_fastrtps_c.cpython-310-x86_64-linux-gnu.so[0m
[17.318s] [ 93%] [32m[1mLinking C shared library rosidl_generator_py/service_msgs/service_msgs_s__rosidl_typesupport_introspection_c.cpython-310-x86_64-linux-gnu.so[0m
[17.486s] [ 93%] Built target service_msgs__rosidl_typesupport_fastrtps_c__pyext
[17.523s] [ 93%] Built target service_msgs__rosidl_typesupport_introspection_c__pyext
[17.593s] [ 96%] [32mBuilding C object CMakeFiles/service_msgs__rosidl_typesupport_c__pyext.dir/rosidl_generator_py/service_msgs/_service_msgs_s.ep.rosidl_typesupport_c.c.o[0m
[17.969s] [100%] [32m[1mLinking C shared library rosidl_generator_py/service_msgs/service_msgs_s__rosidl_typesupport_c.cpython-310-x86_64-linux-gnu.so[0m
[18.111s] [100%] Built target service_msgs__rosidl_typesupport_c__pyext
[18.163s] Invoked command in '/home/st/sample/happy_ws/build/service_msgs' returned '0': CMAKE_PREFIX_PATH=/home/st/sample/happy_ws/install/random_number:/opt/ros/humble /usr/bin/cmake --build /home/st/sample/happy_ws/build/service_msgs -- -j2 -l2
[18.203s] Invoking command in '/home/st/sample/happy_ws/build/service_msgs': CMAKE_PREFIX_PATH=/home/st/sample/happy_ws/install/random_number:/opt/ros/humble /usr/bin/cmake --install /home/st/sample/happy_ws/build/service_msgs
[18.233s] -- Install configuration: ""
[18.235s] -- Installing: /home/st/sample/happy_ws/install/service_msgs/share/ament_index/resource_index/rosidl_interfaces/service_msgs
[18.236s] -- Installing: /home/st/sample/happy_ws/install/service_msgs/include/service_msgs/service_msgs
[18.237s] -- Installing: /home/st/sample/happy_ws/install/service_msgs/include/service_msgs/service_msgs/srv
[18.237s] -- Installing: /home/st/sample/happy_ws/install/service_msgs/include/service_msgs/service_msgs/srv/random_service.h
[18.237s] -- Installing: /home/st/sample/happy_ws/install/service_msgs/include/service_msgs/service_msgs/srv/detail
[18.237s] -- Installing: /home/st/sample/happy_ws/install/service_msgs/include/service_msgs/service_msgs/srv/detail/random_service__struct.h
[18.238s] -- Installing: /home/st/sample/happy_ws/install/service_msgs/include/service_msgs/service_msgs/srv/detail/random_service__functions.h
[18.240s] -- Installing: /home/st/sample/happy_ws/install/service_msgs/include/service_msgs/service_msgs/srv/detail/random_service__type_support.h
[18.240s] -- Installing: /home/st/sample/happy_ws/install/service_msgs/include/service_msgs/service_msgs/srv/detail/random_service__functions.c
[18.241s] -- Installing: /home/st/sample/happy_ws/install/service_msgs/include/service_msgs/service_msgs/msg
[18.241s] -- Installing: /home/st/sample/happy_ws/install/service_msgs/include/service_msgs/service_msgs/msg/rosidl_generator_c__visibility_control.h
[18.241s] -- Installing: /home/st/sample/happy_ws/install/service_msgs/share/service_msgs/environment/library_path.sh
[18.241s] -- Installing: /home/st/sample/happy_ws/install/service_msgs/share/service_msgs/environment/library_path.dsv
[18.242s] -- Installing: /home/st/sample/happy_ws/install/service_msgs/lib/libservice_msgs__rosidl_generator_c.so
[18.243s] -- Set runtime path of "/home/st/sample/happy_ws/install/service_msgs/lib/libservice_msgs__rosidl_generator_c.so" to ""
[18.244s] -- Up-to-date: /home/st/sample/happy_ws/install/service_msgs/include/service_msgs/service_msgs
[18.246s] -- Up-to-date: /home/st/sample/happy_ws/install/service_msgs/include/service_msgs/service_msgs/srv
[18.246s] -- Up-to-date: /home/st/sample/happy_ws/install/service_msgs/include/service_msgs/service_msgs/srv/detail
[18.246s] -- Installing: /home/st/sample/happy_ws/install/service_msgs/include/service_msgs/service_msgs/srv/detail/random_service__rosidl_typesupport_fastrtps_c.h
[18.247s] -- Up-to-date: /home/st/sample/happy_ws/install/service_msgs/include/service_msgs/service_msgs/msg
[18.247s] -- Installing: /home/st/sample/happy_ws/install/service_msgs/include/service_msgs/service_msgs/msg/rosidl_typesupport_fastrtps_c__visibility_control.h
[18.248s] -- Installing: /home/st/sample/happy_ws/install/service_msgs/lib/libservice_msgs__rosidl_typesupport_fastrtps_c.so
[18.248s] -- Set runtime path of "/home/st/sample/happy_ws/install/service_msgs/lib/libservice_msgs__rosidl_typesupport_fastrtps_c.so" to ""
[18.248s] -- Up-to-date: /home/st/sample/happy_ws/install/service_msgs/include/service_msgs/service_msgs
[18.250s] -- Up-to-date: /home/st/sample/happy_ws/install/service_msgs/include/service_msgs/service_msgs/srv
[18.250s] -- Up-to-date: /home/st/sample/happy_ws/install/service_msgs/include/service_msgs/service_msgs/srv/detail
[18.251s] -- Installing: /home/st/sample/happy_ws/install/service_msgs/include/service_msgs/service_msgs/srv/detail/random_service__rosidl_typesupport_introspection_c.h
[18.251s] -- Installing: /home/st/sample/happy_ws/install/service_msgs/include/service_msgs/service_msgs/srv/detail/random_service__type_support.c
[18.252s] -- Up-to-date: /home/st/sample/happy_ws/install/service_msgs/include/service_msgs/service_msgs/msg
[18.252s] -- Installing: /home/st/sample/happy_ws/install/service_msgs/include/service_msgs/service_msgs/msg/rosidl_typesupport_introspection_c__visibility_control.h
[18.252s] -- Installing: /home/st/sample/happy_ws/install/service_msgs/lib/libservice_msgs__rosidl_typesupport_introspection_c.so
[18.252s] -- Set runtime path of "/home/st/sample/happy_ws/install/service_msgs/lib/libservice_msgs__rosidl_typesupport_introspection_c.so" to ""
[18.252s] -- Installing: /home/st/sample/happy_ws/install/service_msgs/lib/libservice_msgs__rosidl_typesupport_c.so
[18.254s] -- Set runtime path of "/home/st/sample/happy_ws/install/service_msgs/lib/libservice_msgs__rosidl_typesupport_c.so" to ""
[18.255s] -- Up-to-date: /home/st/sample/happy_ws/install/service_msgs/include/service_msgs/service_msgs
[18.256s] -- Up-to-date: /home/st/sample/happy_ws/install/service_msgs/include/service_msgs/service_msgs/srv
[18.256s] -- Installing: /home/st/sample/happy_ws/install/service_msgs/include/service_msgs/service_msgs/srv/random_service.hpp
[18.256s] -- Up-to-date: /home/st/sample/happy_ws/install/service_msgs/include/service_msgs/service_msgs/srv/detail
[18.258s] -- Installing: /home/st/sample/happy_ws/install/service_msgs/include/service_msgs/service_msgs/srv/detail/random_service__type_support.hpp
[18.258s] -- Installing: /home/st/sample/happy_ws/install/service_msgs/include/service_msgs/service_msgs/srv/detail/random_service__struct.hpp
[18.259s] -- Installing: /home/st/sample/happy_ws/install/service_msgs/include/service_msgs/service_msgs/srv/detail/random_service__traits.hpp
[18.259s] -- Installing: /home/st/sample/happy_ws/install/service_msgs/include/service_msgs/service_msgs/srv/detail/random_service__builder.hpp
[18.259s] -- Up-to-date: /home/st/sample/happy_ws/install/service_msgs/include/service_msgs/service_msgs/msg
[18.260s] -- Installing: /home/st/sample/happy_ws/install/service_msgs/include/service_msgs/service_msgs/msg/rosidl_generator_cpp__visibility_control.hpp
[18.260s] -- Up-to-date: /home/st/sample/happy_ws/install/service_msgs/include/service_msgs/service_msgs
[18.260s] -- Up-to-date: /home/st/sample/happy_ws/install/service_msgs/include/service_msgs/service_msgs/srv
[18.260s] -- Up-to-date: /home/st/sample/happy_ws/install/service_msgs/include/service_msgs/service_msgs/srv/detail
[18.260s] -- Installing: /home/st/sample/happy_ws/install/service_msgs/include/service_msgs/service_msgs/srv/detail/dds_fastrtps
[18.261s] -- Installing: /home/st/sample/happy_ws/install/service_msgs/include/service_msgs/service_msgs/srv/detail/random_service__rosidl_typesupport_fastrtps_cpp.hpp
[18.263s] -- Up-to-date: /home/st/sample/happy_ws/install/service_msgs/include/service_msgs/service_msgs/msg
[18.263s] -- Installing: /home/st/sample/happy_ws/install/service_msgs/include/service_msgs/service_msgs/msg/rosidl_typesupport_fastrtps_cpp__visibility_control.h
[18.264s] -- Installing: /home/st/sample/happy_ws/install/service_msgs/lib/libservice_msgs__rosidl_typesupport_fastrtps_cpp.so
[18.264s] -- Set runtime path of "/home/st/sample/happy_ws/install/service_msgs/lib/libservice_msgs__rosidl_typesupport_fastrtps_cpp.so" to ""
[18.265s] -- Up-to-date: /home/st/sample/happy_ws/install/service_msgs/include/service_msgs/service_msgs
[18.267s] -- Up-to-date: /home/st/sample/happy_ws/install/service_msgs/include/service_msgs/service_msgs/srv
[18.267s] -- Up-to-date: /home/st/sample/happy_ws/install/service_msgs/include/service_msgs/service_msgs/srv/detail
[18.267s] -- Installing: /home/st/sample/happy_ws/install/service_msgs/include/service_msgs/service_msgs/srv/detail/random_service__rosidl_typesupport_introspection_cpp.hpp
[18.268s] -- Installing: /home/st/sample/happy_ws/install/service_msgs/include/service_msgs/service_msgs/srv/detail/random_service__type_support.cpp
[18.268s] -- Installing: /home/st/sample/happy_ws/install/service_msgs/lib/libservice_msgs__rosidl_typesupport_introspection_cpp.so
[18.269s] -- Set runtime path of "/home/st/sample/happy_ws/install/service_msgs/lib/libservice_msgs__rosidl_typesupport_introspection_cpp.so" to ""
[18.270s] -- Installing: /home/st/sample/happy_ws/install/service_msgs/lib/libservice_msgs__rosidl_typesupport_cpp.so
[18.273s] -- Set runtime path of "/home/st/sample/happy_ws/install/service_msgs/lib/libservice_msgs__rosidl_typesupport_cpp.so" to ""
[18.273s] -- Installing: /home/st/sample/happy_ws/install/service_msgs/share/service_msgs/environment/pythonpath.sh
[18.274s] -- Installing: /home/st/sample/happy_ws/install/service_msgs/share/service_msgs/environment/pythonpath.dsv
[18.275s] -- Installing: /home/st/sample/happy_ws/install/service_msgs/local/lib/python3.10/dist-packages/service_msgs-0.0.0-py3.10.egg-info
[18.277s] -- Installing: /home/st/sample/happy_ws/install/service_msgs/local/lib/python3.10/dist-packages/service_msgs-0.0.0-py3.10.egg-info/SOURCES.txt
[18.279s] -- Installing: /home/st/sample/happy_ws/install/service_msgs/local/lib/python3.10/dist-packages/service_msgs-0.0.0-py3.10.egg-info/top_level.txt
[18.279s] -- Installing: /home/st/sample/happy_ws/install/service_msgs/local/lib/python3.10/dist-packages/service_msgs-0.0.0-py3.10.egg-info/PKG-INFO
[18.279s] -- Installing: /home/st/sample/happy_ws/install/service_msgs/local/lib/python3.10/dist-packages/service_msgs-0.0.0-py3.10.egg-info/dependency_links.txt
[18.280s] -- Installing: /home/st/sample/happy_ws/install/service_msgs/local/lib/python3.10/dist-packages/service_msgs
[18.280s] -- Installing: /home/st/sample/happy_ws/install/service_msgs/local/lib/python3.10/dist-packages/service_msgs/libservice_msgs__rosidl_generator_py.so
[18.280s] -- Installing: /home/st/sample/happy_ws/install/service_msgs/local/lib/python3.10/dist-packages/service_msgs/service_msgs_s__rosidl_typesupport_fastrtps_c.cpython-310-x86_64-linux-gnu.so
[18.280s] -- Installing: /home/st/sample/happy_ws/install/service_msgs/local/lib/python3.10/dist-packages/service_msgs/_service_msgs_s.ep.rosidl_typesupport_introspection_c.c
[18.282s] -- Installing: /home/st/sample/happy_ws/install/service_msgs/local/lib/python3.10/dist-packages/service_msgs/srv
[18.283s] -- Installing: /home/st/sample/happy_ws/install/service_msgs/local/lib/python3.10/dist-packages/service_msgs/srv/__init__.py
[18.283s] -- Installing: /home/st/sample/happy_ws/install/service_msgs/local/lib/python3.10/dist-packages/service_msgs/srv/_random_service.py
[18.284s] -- Installing: /home/st/sample/happy_ws/install/service_msgs/local/lib/python3.10/dist-packages/service_msgs/srv/_random_service_s.c
[18.284s] -- Installing: /home/st/sample/happy_ws/install/service_msgs/local/lib/python3.10/dist-packages/service_msgs/__init__.py
[18.284s] -- Installing: /home/st/sample/happy_ws/install/service_msgs/local/lib/python3.10/dist-packages/service_msgs/service_msgs_s__rosidl_typesupport_c.cpython-310-x86_64-linux-gnu.so
[18.284s] -- Installing: /home/st/sample/happy_ws/install/service_msgs/local/lib/python3.10/dist-packages/service_msgs/_service_msgs_s.ep.rosidl_typesupport_c.c
[18.285s] -- Installing: /home/st/sample/happy_ws/install/service_msgs/local/lib/python3.10/dist-packages/service_msgs/service_msgs_s__rosidl_typesupport_introspection_c.cpython-310-x86_64-linux-gnu.so
[18.287s] -- Installing: /home/st/sample/happy_ws/install/service_msgs/local/lib/python3.10/dist-packages/service_msgs/_service_msgs_s.ep.rosidl_typesupport_fastrtps_c.c
[18.417s] Listing '/home/st/sample/happy_ws/install/service_msgs/local/lib/python3.10/dist-packages/service_msgs'...
[18.417s] Compiling '/home/st/sample/happy_ws/install/service_msgs/local/lib/python3.10/dist-packages/service_msgs/__init__.py'...
[18.417s] Listing '/home/st/sample/happy_ws/install/service_msgs/local/lib/python3.10/dist-packages/service_msgs/srv'...
[18.417s] Compiling '/home/st/sample/happy_ws/install/service_msgs/local/lib/python3.10/dist-packages/service_msgs/srv/__init__.py'...
[18.418s] Compiling '/home/st/sample/happy_ws/install/service_msgs/local/lib/python3.10/dist-packages/service_msgs/srv/_random_service.py'...
[18.428s] -- Installing: /home/st/sample/happy_ws/install/service_msgs/local/lib/python3.10/dist-packages/service_msgs/service_msgs_s__rosidl_typesupport_fastrtps_c.cpython-310-x86_64-linux-gnu.so
[18.429s] -- Set runtime path of "/home/st/sample/happy_ws/install/service_msgs/local/lib/python3.10/dist-packages/service_msgs/service_msgs_s__rosidl_typesupport_fastrtps_c.cpython-310-x86_64-linux-gnu.so" to ""
[18.430s] -- Installing: /home/st/sample/happy_ws/install/service_msgs/local/lib/python3.10/dist-packages/service_msgs/service_msgs_s__rosidl_typesupport_introspection_c.cpython-310-x86_64-linux-gnu.so
[18.432s] -- Set runtime path of "/home/st/sample/happy_ws/install/service_msgs/local/lib/python3.10/dist-packages/service_msgs/service_msgs_s__rosidl_typesupport_introspection_c.cpython-310-x86_64-linux-gnu.so" to ""
[18.433s] -- Installing: /home/st/sample/happy_ws/install/service_msgs/local/lib/python3.10/dist-packages/service_msgs/service_msgs_s__rosidl_typesupport_c.cpython-310-x86_64-linux-gnu.so
[18.435s] -- Set runtime path of "/home/st/sample/happy_ws/install/service_msgs/local/lib/python3.10/dist-packages/service_msgs/service_msgs_s__rosidl_typesupport_c.cpython-310-x86_64-linux-gnu.so" to ""
[18.435s] -- Installing: /home/st/sample/happy_ws/install/service_msgs/lib/libservice_msgs__rosidl_generator_py.so
[18.437s] -- Set runtime path of "/home/st/sample/happy_ws/install/service_msgs/lib/libservice_msgs__rosidl_generator_py.so" to ""
[18.437s] -- Installing: /home/st/sample/happy_ws/install/service_msgs/share/service_msgs/srv/RandomService.idl
[18.438s] -- Installing: /home/st/sample/happy_ws/install/service_msgs/share/service_msgs/srv/RandomService.srv
[18.438s] -- Installing: /home/st/sample/happy_ws/install/service_msgs/share/service_msgs/srv/RandomService_Request.msg
[18.438s] -- Installing: /home/st/sample/happy_ws/install/service_msgs/share/service_msgs/srv/RandomService_Response.msg
[18.440s] -- Installing: /home/st/sample/happy_ws/install/service_msgs/share/ament_index/resource_index/package_run_dependencies/service_msgs
[18.440s] -- Installing: /home/st/sample/happy_ws/install/service_msgs/share/ament_index/resource_index/parent_prefix_path/service_msgs
[18.441s] -- Installing: /home/st/sample/happy_ws/install/service_msgs/share/service_msgs/environment/ament_prefix_path.sh
[18.441s] -- Installing: /home/st/sample/happy_ws/install/service_msgs/share/service_msgs/environment/ament_prefix_path.dsv
[18.441s] -- Installing: /home/st/sample/happy_ws/install/service_msgs/share/service_msgs/environment/path.sh
[18.441s] -- Installing: /home/st/sample/happy_ws/install/service_msgs/share/service_msgs/environment/path.dsv
[18.442s] -- Installing: /home/st/sample/happy_ws/install/service_msgs/share/service_msgs/local_setup.bash
[18.442s] -- Installing: /home/st/sample/happy_ws/install/service_msgs/share/service_msgs/local_setup.sh
[18.444s] -- Installing: /home/st/sample/happy_ws/install/service_msgs/share/service_msgs/local_setup.zsh
[18.445s] -- Installing: /home/st/sample/happy_ws/install/service_msgs/share/service_msgs/local_setup.dsv
[18.445s] -- Installing: /home/st/sample/happy_ws/install/service_msgs/share/service_msgs/package.dsv
[18.445s] -- Installing: /home/st/sample/happy_ws/install/service_msgs/share/ament_index/resource_index/packages/service_msgs
[18.445s] -- Installing: /home/st/sample/happy_ws/install/service_msgs/share/service_msgs/cmake/export_service_msgs__rosidl_generator_cExport.cmake
[18.445s] -- Installing: /home/st/sample/happy_ws/install/service_msgs/share/service_msgs/cmake/export_service_msgs__rosidl_generator_cExport-noconfig.cmake
[18.446s] -- Installing: /home/st/sample/happy_ws/install/service_msgs/share/service_msgs/cmake/export_service_msgs__rosidl_typesupport_fastrtps_cExport.cmake
[18.446s] -- Installing: /home/st/sample/happy_ws/install/service_msgs/share/service_msgs/cmake/export_service_msgs__rosidl_typesupport_fastrtps_cExport-noconfig.cmake
[18.446s] -- Installing: /home/st/sample/happy_ws/install/service_msgs/share/service_msgs/cmake/service_msgs__rosidl_typesupport_introspection_cExport.cmake
[18.446s] -- Installing: /home/st/sample/happy_ws/install/service_msgs/share/service_msgs/cmake/service_msgs__rosidl_typesupport_introspection_cExport-noconfig.cmake
[18.446s] -- Installing: /home/st/sample/happy_ws/install/service_msgs/share/service_msgs/cmake/service_msgs__rosidl_typesupport_cExport.cmake
[18.449s] -- Installing: /home/st/sample/happy_ws/install/service_msgs/share/service_msgs/cmake/service_msgs__rosidl_typesupport_cExport-noconfig.cmake
[18.449s] -- Installing: /home/st/sample/happy_ws/install/service_msgs/share/service_msgs/cmake/export_service_msgs__rosidl_generator_cppExport.cmake
[18.450s] -- Installing: /home/st/sample/happy_ws/install/service_msgs/share/service_msgs/cmake/export_service_msgs__rosidl_typesupport_fastrtps_cppExport.cmake
[18.450s] -- Installing: /home/st/sample/happy_ws/install/service_msgs/share/service_msgs/cmake/export_service_msgs__rosidl_typesupport_fastrtps_cppExport-noconfig.cmake
[18.450s] -- Installing: /home/st/sample/happy_ws/install/service_msgs/share/service_msgs/cmake/service_msgs__rosidl_typesupport_introspection_cppExport.cmake
[18.451s] -- Installing: /home/st/sample/happy_ws/install/service_msgs/share/service_msgs/cmake/service_msgs__rosidl_typesupport_introspection_cppExport-noconfig.cmake
[18.451s] -- Installing: /home/st/sample/happy_ws/install/service_msgs/share/service_msgs/cmake/service_msgs__rosidl_typesupport_cppExport.cmake
[18.451s] -- Installing: /home/st/sample/happy_ws/install/service_msgs/share/service_msgs/cmake/service_msgs__rosidl_typesupport_cppExport-noconfig.cmake
[18.453s] -- Installing: /home/st/sample/happy_ws/install/service_msgs/share/service_msgs/cmake/export_service_msgs__rosidl_generator_pyExport.cmake
[18.453s] -- Installing: /home/st/sample/happy_ws/install/service_msgs/share/service_msgs/cmake/export_service_msgs__rosidl_generator_pyExport-noconfig.cmake
[18.454s] -- Installing: /home/st/sample/happy_ws/install/service_msgs/share/service_msgs/cmake/rosidl_cmake-extras.cmake
[18.454s] -- Installing: /home/st/sample/happy_ws/install/service_msgs/share/service_msgs/cmake/ament_cmake_export_include_directories-extras.cmake
[18.454s] -- Installing: /home/st/sample/happy_ws/install/service_msgs/share/service_msgs/cmake/ament_cmake_export_libraries-extras.cmake
[18.454s] -- Installing: /home/st/sample/happy_ws/install/service_msgs/share/service_msgs/cmake/ament_cmake_export_targets-extras.cmake
[18.455s] -- Installing: /home/st/sample/happy_ws/install/service_msgs/share/service_msgs/cmake/rosidl_cmake_export_typesupport_targets-extras.cmake
[18.455s] -- Installing: /home/st/sample/happy_ws/install/service_msgs/share/service_msgs/cmake/ament_cmake_export_dependencies-extras.cmake
[18.455s] -- Installing: /home/st/sample/happy_ws/install/service_msgs/share/service_msgs/cmake/rosidl_cmake_export_typesupport_libraries-extras.cmake
[18.455s] -- Installing: /home/st/sample/happy_ws/install/service_msgs/share/service_msgs/cmake/service_msgsConfig.cmake
[18.455s] -- Installing: /home/st/sample/happy_ws/install/service_msgs/share/service_msgs/cmake/service_msgsConfig-version.cmake
[18.456s] -- Installing: /home/st/sample/happy_ws/install/service_msgs/share/service_msgs/package.xml
[18.461s] Invoked command in '/home/st/sample/happy_ws/build/service_msgs' returned '0': CMAKE_PREFIX_PATH=/home/st/sample/happy_ws/install/random_number:/opt/ros/humble /usr/bin/cmake --install /home/st/sample/happy_ws/build/service_msgs
