[0.257s] DEBUG:colcon:Command line arguments: ['/usr/bin/colcon', 'build']
[0.258s] DEBUG:colcon:Parsed command line arguments: Namespace(log_base=None, log_level=None, verb_name='build', build_base='build', install_base='install', merge_install=False, symlink_install=False, test_result_base=None, continue_on_error=False, executor='parallel', parallel_workers=2, event_handlers=None, ignore_user_meta=False, metas=['./colcon.meta'], base_paths=['.'], packages_ignore=None, packages_ignore_regex=None, paths=None, packages_up_to=None, packages_up_to_regex=None, packages_above=None, packages_above_and_dependencies=None, packages_above_depth=None, packages_select_by_dep=None, packages_skip_by_dep=None, packages_skip_up_to=None, packages_select_build_failed=False, packages_skip_build_finished=False, packages_select_test_failures=False, packages_skip_test_passed=False, packages_select=None, packages_skip=None, packages_select_regex=None, packages_skip_regex=None, packages_start=None, packages_end=None, allow_overriding=[], cmake_args=None, cmake_target=None, cmake_target_skip_unavailable=False, cmake_clean_cache=False, cmake_clean_first=False, cmake_force_configure=False, ament_cmake_args=None, catkin_cmake_args=None, catkin_skip_building_tests=False, verb_parser=<colcon_defaults.argument_parser.defaults.DefaultArgumentsDecorator object at 0x7bd669b1b220>, verb_extension=<colcon_core.verb.build.BuildVerb object at 0x7bd669c64610>, main=<bound method BuildVerb.main of <colcon_core.verb.build.BuildVerb object at 0x7bd669c64610>>)
[0.657s] Level 1:colcon.colcon_core.package_discovery:discover_packages(colcon_meta) check parameters
[0.658s] Level 1:colcon.colcon_core.package_discovery:discover_packages(recursive) check parameters
[0.658s] Level 1:colcon.colcon_core.package_discovery:discover_packages(ignore) check parameters
[0.658s] Level 1:colcon.colcon_core.package_discovery:discover_packages(path) check parameters
[0.658s] Level 1:colcon.colcon_core.package_discovery:discover_packages(colcon_meta) discover
[0.658s] Level 1:colcon.colcon_core.package_discovery:discover_packages(recursive) discover
[0.658s] INFO:colcon.colcon_core.package_discovery:Crawling recursively for packages in '/home/st/sample/happy_ws'
[0.658s] Level 1:colcon.colcon_core.package_identification:_identify(.) by extensions ['ignore', 'ignore_ament_install']
[0.658s] Level 1:colcon.colcon_core.package_identification:_identify(.) by extension 'ignore'
[0.659s] Level 1:colcon.colcon_core.package_identification:_identify(.) by extension 'ignore_ament_install'
[0.659s] Level 1:colcon.colcon_core.package_identification:_identify(.) by extensions ['colcon_pkg']
[0.659s] Level 1:colcon.colcon_core.package_identification:_identify(.) by extension 'colcon_pkg'
[0.659s] Level 1:colcon.colcon_core.package_identification:_identify(.) by extensions ['colcon_meta']
[0.660s] Level 1:colcon.colcon_core.package_identification:_identify(.) by extension 'colcon_meta'
[0.660s] Level 1:colcon.colcon_core.package_identification:_identify(.) by extensions ['ros']
[0.660s] Level 1:colcon.colcon_core.package_identification:_identify(.) by extension 'ros'
[0.687s] Level 1:colcon.colcon_core.package_identification:_identify(.) by extensions ['cmake', 'python']
[0.687s] Level 1:colcon.colcon_core.package_identification:_identify(.) by extension 'cmake'
[0.687s] Level 1:colcon.colcon_core.package_identification:_identify(.) by extension 'python'
[0.688s] Level 1:colcon.colcon_core.package_identification:_identify(.) by extensions ['python_setup_py']
[0.688s] Level 1:colcon.colcon_core.package_identification:_identify(.) by extension 'python_setup_py'
[0.688s] Level 1:colcon.colcon_core.package_identification:_identify(build) by extensions ['ignore', 'ignore_ament_install']
[0.688s] Level 1:colcon.colcon_core.package_identification:_identify(build) by extension 'ignore'
[0.689s] Level 1:colcon.colcon_core.package_identification:_identify(build) ignored
[0.690s] Level 1:colcon.colcon_core.package_identification:_identify(install) by extensions ['ignore', 'ignore_ament_install']
[0.690s] Level 1:colcon.colcon_core.package_identification:_identify(install) by extension 'ignore'
[0.690s] Level 1:colcon.colcon_core.package_identification:_identify(install) ignored
[0.690s] Level 1:colcon.colcon_core.package_identification:_identify(log) by extensions ['ignore', 'ignore_ament_install']
[0.691s] Level 1:colcon.colcon_core.package_identification:_identify(log) by extension 'ignore'
[0.691s] Level 1:colcon.colcon_core.package_identification:_identify(log) ignored
[0.691s] Level 1:colcon.colcon_core.package_identification:_identify(src) by extensions ['ignore', 'ignore_ament_install']
[0.691s] Level 1:colcon.colcon_core.package_identification:_identify(src) by extension 'ignore'
[0.691s] Level 1:colcon.colcon_core.package_identification:_identify(src) by extension 'ignore_ament_install'
[0.691s] Level 1:colcon.colcon_core.package_identification:_identify(src) by extensions ['colcon_pkg']
[0.691s] Level 1:colcon.colcon_core.package_identification:_identify(src) by extension 'colcon_pkg'
[0.692s] Level 1:colcon.colcon_core.package_identification:_identify(src) by extensions ['colcon_meta']
[0.692s] Level 1:colcon.colcon_core.package_identification:_identify(src) by extension 'colcon_meta'
[0.692s] Level 1:colcon.colcon_core.package_identification:_identify(src) by extensions ['ros']
[0.692s] Level 1:colcon.colcon_core.package_identification:_identify(src) by extension 'ros'
[0.692s] Level 1:colcon.colcon_core.package_identification:_identify(src) by extensions ['cmake', 'python']
[0.692s] Level 1:colcon.colcon_core.package_identification:_identify(src) by extension 'cmake'
[0.692s] Level 1:colcon.colcon_core.package_identification:_identify(src) by extension 'python'
[0.692s] Level 1:colcon.colcon_core.package_identification:_identify(src) by extensions ['python_setup_py']
[0.692s] Level 1:colcon.colcon_core.package_identification:_identify(src) by extension 'python_setup_py'
[0.692s] Level 1:colcon.colcon_core.package_identification:_identify(src/random_number) by extensions ['ignore', 'ignore_ament_install']
[0.693s] Level 1:colcon.colcon_core.package_identification:_identify(src/random_number) by extension 'ignore'
[0.693s] Level 1:colcon.colcon_core.package_identification:_identify(src/random_number) by extension 'ignore_ament_install'
[0.693s] Level 1:colcon.colcon_core.package_identification:_identify(src/random_number) by extensions ['colcon_pkg']
[0.693s] Level 1:colcon.colcon_core.package_identification:_identify(src/random_number) by extension 'colcon_pkg'
[0.693s] Level 1:colcon.colcon_core.package_identification:_identify(src/random_number) by extensions ['colcon_meta']
[0.693s] Level 1:colcon.colcon_core.package_identification:_identify(src/random_number) by extension 'colcon_meta'
[0.694s] Level 1:colcon.colcon_core.package_identification:_identify(src/random_number) by extensions ['ros']
[0.694s] Level 1:colcon.colcon_core.package_identification:_identify(src/random_number) by extension 'ros'
[0.699s] DEBUG:colcon.colcon_core.package_identification:Package 'src/random_number' with type 'ros.ament_python' and name 'random_number'
[0.699s] Level 1:colcon.colcon_core.package_identification:_identify(src/service) by extensions ['ignore', 'ignore_ament_install']
[0.700s] Level 1:colcon.colcon_core.package_identification:_identify(src/service) by extension 'ignore'
[0.700s] Level 1:colcon.colcon_core.package_identification:_identify(src/service) by extension 'ignore_ament_install'
[0.700s] Level 1:colcon.colcon_core.package_identification:_identify(src/service) by extensions ['colcon_pkg']
[0.700s] Level 1:colcon.colcon_core.package_identification:_identify(src/service) by extension 'colcon_pkg'
[0.700s] Level 1:colcon.colcon_core.package_identification:_identify(src/service) by extensions ['colcon_meta']
[0.700s] Level 1:colcon.colcon_core.package_identification:_identify(src/service) by extension 'colcon_meta'
[0.700s] Level 1:colcon.colcon_core.package_identification:_identify(src/service) by extensions ['ros']
[0.700s] Level 1:colcon.colcon_core.package_identification:_identify(src/service) by extension 'ros'
[0.702s] DEBUG:colcon.colcon_core.package_identification:Package 'src/service' with type 'ros.ament_python' and name 'service'
[0.702s] Level 1:colcon.colcon_core.package_identification:_identify(src/service_msgs) by extensions ['ignore', 'ignore_ament_install']
[0.702s] Level 1:colcon.colcon_core.package_identification:_identify(src/service_msgs) by extension 'ignore'
[0.703s] Level 1:colcon.colcon_core.package_identification:_identify(src/service_msgs) by extension 'ignore_ament_install'
[0.703s] Level 1:colcon.colcon_core.package_identification:_identify(src/service_msgs) by extensions ['colcon_pkg']
[0.703s] Level 1:colcon.colcon_core.package_identification:_identify(src/service_msgs) by extension 'colcon_pkg'
[0.703s] Level 1:colcon.colcon_core.package_identification:_identify(src/service_msgs) by extensions ['colcon_meta']
[0.703s] Level 1:colcon.colcon_core.package_identification:_identify(src/service_msgs) by extension 'colcon_meta'
[0.703s] Level 1:colcon.colcon_core.package_identification:_identify(src/service_msgs) by extensions ['ros']
[0.703s] Level 1:colcon.colcon_core.package_identification:_identify(src/service_msgs) by extension 'ros'
[0.704s] DEBUG:colcon.colcon_core.package_identification:Package 'src/service_msgs' with type 'ros.ament_cmake' and name 'service_msgs'
[0.705s] Level 1:colcon.colcon_core.package_discovery:discover_packages(recursive) using defaults
[0.705s] Level 1:colcon.colcon_core.package_discovery:discover_packages(ignore) discover
[0.706s] Level 1:colcon.colcon_core.package_discovery:discover_packages(ignore) using defaults
[0.706s] Level 1:colcon.colcon_core.package_discovery:discover_packages(path) discover
[0.706s] Level 1:colcon.colcon_core.package_discovery:discover_packages(path) using defaults
[0.751s] Level 1:colcon.colcon_core.package_discovery:discover_packages(prefix_path) check parameters
[0.751s] Level 1:colcon.colcon_core.package_discovery:discover_packages(prefix_path) discover
[0.758s] DEBUG:colcon.colcon_installed_package_information.package_discovery:Found 271 installed packages in /opt/ros/humble
[0.764s] Level 1:colcon.colcon_core.package_discovery:discover_packages(prefix_path) using defaults
[0.879s] Level 5:colcon.colcon_core.verb:set package 'random_number' build argument 'cmake_args' from command line to 'None'
[0.879s] Level 5:colcon.colcon_core.verb:set package 'random_number' build argument 'cmake_target' from command line to 'None'
[0.879s] Level 5:colcon.colcon_core.verb:set package 'random_number' build argument 'cmake_target_skip_unavailable' from command line to 'False'
[0.879s] Level 5:colcon.colcon_core.verb:set package 'random_number' build argument 'cmake_clean_cache' from command line to 'False'
[0.880s] Level 5:colcon.colcon_core.verb:set package 'random_number' build argument 'cmake_clean_first' from command line to 'False'
[0.880s] Level 5:colcon.colcon_core.verb:set package 'random_number' build argument 'cmake_force_configure' from command line to 'False'
[0.880s] Level 5:colcon.colcon_core.verb:set package 'random_number' build argument 'ament_cmake_args' from command line to 'None'
[0.880s] Level 5:colcon.colcon_core.verb:set package 'random_number' build argument 'catkin_cmake_args' from command line to 'None'
[0.880s] Level 5:colcon.colcon_core.verb:set package 'random_number' build argument 'catkin_skip_building_tests' from command line to 'False'
[0.880s] DEBUG:colcon.colcon_core.verb:Building package 'random_number' with the following arguments: {'ament_cmake_args': None, 'build_base': '/home/st/sample/happy_ws/build/random_number', 'catkin_cmake_args': None, 'catkin_skip_building_tests': False, 'cmake_args': None, 'cmake_clean_cache': False, 'cmake_clean_first': False, 'cmake_force_configure': False, 'cmake_target': None, 'cmake_target_skip_unavailable': False, 'install_base': '/home/st/sample/happy_ws/install/random_number', 'merge_install': False, 'path': '/home/st/sample/happy_ws/src/random_number', 'symlink_install': False, 'test_result_base': None}
[0.881s] Level 5:colcon.colcon_core.verb:set package 'service' build argument 'cmake_args' from command line to 'None'
[0.881s] Level 5:colcon.colcon_core.verb:set package 'service' build argument 'cmake_target' from command line to 'None'
[0.881s] Level 5:colcon.colcon_core.verb:set package 'service' build argument 'cmake_target_skip_unavailable' from command line to 'False'
[0.881s] Level 5:colcon.colcon_core.verb:set package 'service' build argument 'cmake_clean_cache' from command line to 'False'
[0.881s] Level 5:colcon.colcon_core.verb:set package 'service' build argument 'cmake_clean_first' from command line to 'False'
[0.881s] Level 5:colcon.colcon_core.verb:set package 'service' build argument 'cmake_force_configure' from command line to 'False'
[0.882s] Level 5:colcon.colcon_core.verb:set package 'service' build argument 'ament_cmake_args' from command line to 'None'
[0.882s] Level 5:colcon.colcon_core.verb:set package 'service' build argument 'catkin_cmake_args' from command line to 'None'
[0.882s] Level 5:colcon.colcon_core.verb:set package 'service' build argument 'catkin_skip_building_tests' from command line to 'False'
[0.882s] DEBUG:colcon.colcon_core.verb:Building package 'service' with the following arguments: {'ament_cmake_args': None, 'build_base': '/home/st/sample/happy_ws/build/service', 'catkin_cmake_args': None, 'catkin_skip_building_tests': False, 'cmake_args': None, 'cmake_clean_cache': False, 'cmake_clean_first': False, 'cmake_force_configure': False, 'cmake_target': None, 'cmake_target_skip_unavailable': False, 'install_base': '/home/st/sample/happy_ws/install/service', 'merge_install': False, 'path': '/home/st/sample/happy_ws/src/service', 'symlink_install': False, 'test_result_base': None}
[0.882s] Level 5:colcon.colcon_core.verb:set package 'service_msgs' build argument 'cmake_args' from command line to 'None'
[0.883s] Level 5:colcon.colcon_core.verb:set package 'service_msgs' build argument 'cmake_target' from command line to 'None'
[0.883s] Level 5:colcon.colcon_core.verb:set package 'service_msgs' build argument 'cmake_target_skip_unavailable' from command line to 'False'
[0.883s] Level 5:colcon.colcon_core.verb:set package 'service_msgs' build argument 'cmake_clean_cache' from command line to 'False'
[0.883s] Level 5:colcon.colcon_core.verb:set package 'service_msgs' build argument 'cmake_clean_first' from command line to 'False'
[0.883s] Level 5:colcon.colcon_core.verb:set package 'service_msgs' build argument 'cmake_force_configure' from command line to 'False'
[0.883s] Level 5:colcon.colcon_core.verb:set package 'service_msgs' build argument 'ament_cmake_args' from command line to 'None'
[0.883s] Level 5:colcon.colcon_core.verb:set package 'service_msgs' build argument 'catkin_cmake_args' from command line to 'None'
[0.883s] Level 5:colcon.colcon_core.verb:set package 'service_msgs' build argument 'catkin_skip_building_tests' from command line to 'False'
[0.883s] DEBUG:colcon.colcon_core.verb:Building package 'service_msgs' with the following arguments: {'ament_cmake_args': None, 'build_base': '/home/st/sample/happy_ws/build/service_msgs', 'catkin_cmake_args': None, 'catkin_skip_building_tests': False, 'cmake_args': None, 'cmake_clean_cache': False, 'cmake_clean_first': False, 'cmake_force_configure': False, 'cmake_target': None, 'cmake_target_skip_unavailable': False, 'install_base': '/home/st/sample/happy_ws/install/service_msgs', 'merge_install': False, 'path': '/home/st/sample/happy_ws/src/service_msgs', 'symlink_install': False, 'test_result_base': None}
[0.883s] INFO:colcon.colcon_core.executor:Executing jobs using 'parallel' executor
[0.887s] DEBUG:colcon.colcon_parallel_executor.executor.parallel:run_until_complete
[0.889s] INFO:colcon.colcon_ros.task.ament_python.build:Building ROS package in '/home/st/sample/happy_ws/src/random_number' with build type 'ament_python'
[0.890s] Level 1:colcon.colcon_core.shell:create_environment_hook('random_number', 'ament_prefix_path')
[0.896s] INFO:colcon.colcon_core.plugin_system:Skipping extension 'colcon_core.shell.bat': Not used on non-Windows systems
[0.896s] INFO:colcon.colcon_core.shell:Creating environment hook '/home/st/sample/happy_ws/install/random_number/share/random_number/hook/ament_prefix_path.ps1'
[0.900s] INFO:colcon.colcon_core.shell:Creating environment descriptor '/home/st/sample/happy_ws/install/random_number/share/random_number/hook/ament_prefix_path.dsv'
[0.902s] INFO:colcon.colcon_core.shell:Creating environment hook '/home/st/sample/happy_ws/install/random_number/share/random_number/hook/ament_prefix_path.sh'
[0.904s] INFO:colcon.colcon_core.shell:Skip shell extension 'powershell' for command environment: Not usable outside of PowerShell
[0.904s] DEBUG:colcon.colcon_core.shell:Skip shell extension 'dsv' for command environment
[0.913s] INFO:colcon.colcon_ros.task.ament_python.build:Building ROS package in '/home/st/sample/happy_ws/src/service' with build type 'ament_python'
[0.913s] Level 1:colcon.colcon_core.shell:create_environment_hook('service', 'ament_prefix_path')
[0.914s] INFO:colcon.colcon_core.shell:Creating environment hook '/home/st/sample/happy_ws/install/service/share/service/hook/ament_prefix_path.ps1'
[0.917s] INFO:colcon.colcon_core.shell:Creating environment descriptor '/home/st/sample/happy_ws/install/service/share/service/hook/ament_prefix_path.dsv'
[0.918s] INFO:colcon.colcon_core.shell:Creating environment hook '/home/st/sample/happy_ws/install/service/share/service/hook/ament_prefix_path.sh'
[0.920s] INFO:colcon.colcon_core.shell:Skip shell extension 'powershell' for command environment: Not usable outside of PowerShell
[0.920s] DEBUG:colcon.colcon_core.shell:Skip shell extension 'dsv' for command environment
[1.843s] INFO:colcon.colcon_core.task.python.build:Building Python package in '/home/st/sample/happy_ws/src/random_number'
[1.843s] INFO:colcon.colcon_core.shell:Skip shell extension 'powershell' for command environment: Not usable outside of PowerShell
[1.844s] DEBUG:colcon.colcon_core.shell:Skip shell extension 'dsv' for command environment
[2.514s] INFO:colcon.colcon_core.task.python.build:Building Python package in '/home/st/sample/happy_ws/src/service'
[2.515s] INFO:colcon.colcon_core.shell:Skip shell extension 'powershell' for command environment: Not usable outside of PowerShell
[2.516s] DEBUG:colcon.colcon_core.shell:Skip shell extension 'dsv' for command environment
[3.584s] DEBUG:colcon.colcon_core.event_handler.log_command:Invoking command in '/home/st/sample/happy_ws/src/service': PYTHONPATH=/home/st/sample/happy_ws/build/service/prefix_override:/usr/lib/python3/dist-packages/colcon_core/task/python/colcon_distutils_commands:/home/st/sample/happy_ws/install/service/lib/python3.10/site-packages:${PYTHONPATH} /usr/bin/python3 -W ignore:setup.py install is deprecated -W ignore:easy_install command is deprecated setup.py egg_info --egg-base ../../build/service build --build-base /home/st/sample/happy_ws/build/service/build install --record /home/st/sample/happy_ws/build/service/install.log --single-version-externally-managed install_data
[3.650s] DEBUG:colcon.colcon_core.event_handler.log_command:Invoking command in '/home/st/sample/happy_ws/src/random_number': PYTHONPATH=/home/st/sample/happy_ws/build/random_number/prefix_override:/usr/lib/python3/dist-packages/colcon_core/task/python/colcon_distutils_commands:/home/st/sample/happy_ws/install/random_number/lib/python3.10/site-packages:${PYTHONPATH} /usr/bin/python3 -W ignore:setup.py install is deprecated -W ignore:easy_install command is deprecated setup.py egg_info --egg-base ../../build/random_number build --build-base /home/st/sample/happy_ws/build/random_number/build install --record /home/st/sample/happy_ws/build/random_number/install.log --single-version-externally-managed install_data
[4.633s] DEBUG:colcon.colcon_core.event_handler.log_command:Invoked command in '/home/st/sample/happy_ws/src/service' returned '0': PYTHONPATH=/home/st/sample/happy_ws/build/service/prefix_override:/usr/lib/python3/dist-packages/colcon_core/task/python/colcon_distutils_commands:/home/st/sample/happy_ws/install/service/lib/python3.10/site-packages:${PYTHONPATH} /usr/bin/python3 -W ignore:setup.py install is deprecated -W ignore:easy_install command is deprecated setup.py egg_info --egg-base ../../build/service build --build-base /home/st/sample/happy_ws/build/service/build install --record /home/st/sample/happy_ws/build/service/install.log --single-version-externally-managed install_data
[4.640s] Level 1:colcon.colcon_core.environment:checking '/home/st/sample/happy_ws/install/service' for CMake module files
[4.642s] Level 1:colcon.colcon_core.environment:checking '/home/st/sample/happy_ws/install/service' for CMake config files
[4.645s] Level 1:colcon.colcon_core.environment:checking '/home/st/sample/happy_ws/install/service/lib'
[4.645s] Level 1:colcon.colcon_core.environment:checking '/home/st/sample/happy_ws/install/service/bin'
[4.645s] Level 1:colcon.colcon_core.environment:checking '/home/st/sample/happy_ws/install/service/lib/pkgconfig/service.pc'
[4.646s] Level 1:colcon.colcon_core.environment:checking '/home/st/sample/happy_ws/install/service/lib/python3.10/site-packages'
[4.646s] Level 1:colcon.colcon_core.shell:create_environment_hook('service', 'pythonpath')
[4.647s] INFO:colcon.colcon_core.shell:Creating environment hook '/home/st/sample/happy_ws/install/service/share/service/hook/pythonpath.ps1'
[4.649s] INFO:colcon.colcon_core.shell:Creating environment descriptor '/home/st/sample/happy_ws/install/service/share/service/hook/pythonpath.dsv'
[4.651s] INFO:colcon.colcon_core.shell:Creating environment hook '/home/st/sample/happy_ws/install/service/share/service/hook/pythonpath.sh'
[4.653s] Level 1:colcon.colcon_core.environment:checking '/home/st/sample/happy_ws/install/service/bin'
[4.653s] Level 1:colcon.colcon_core.environment:create_environment_scripts_only(service)
[4.654s] INFO:colcon.colcon_core.shell:Creating package script '/home/st/sample/happy_ws/install/service/share/service/package.ps1'
[4.656s] INFO:colcon.colcon_core.shell:Creating package descriptor '/home/st/sample/happy_ws/install/service/share/service/package.dsv'
[4.658s] INFO:colcon.colcon_core.shell:Creating package script '/home/st/sample/happy_ws/install/service/share/service/package.sh'
[4.660s] INFO:colcon.colcon_core.shell:Creating package script '/home/st/sample/happy_ws/install/service/share/service/package.bash'
[4.662s] INFO:colcon.colcon_core.shell:Creating package script '/home/st/sample/happy_ws/install/service/share/service/package.zsh'
[4.664s] Level 1:colcon.colcon_core.environment:create_file_with_runtime_dependencies(/home/st/sample/happy_ws/install/service/share/colcon-core/packages/service)
[4.666s] INFO:colcon.colcon_ros.task.ament_cmake.build:Building ROS package in '/home/st/sample/happy_ws/src/service_msgs' with build type 'ament_cmake'
[4.666s] INFO:colcon.colcon_cmake.task.cmake.build:Building CMake package in '/home/st/sample/happy_ws/src/service_msgs'
[4.668s] INFO:colcon.colcon_core.shell:Skip shell extension 'powershell' for command environment: Not usable outside of PowerShell
[4.668s] DEBUG:colcon.colcon_core.shell:Skip shell extension 'dsv' for command environment
[4.685s] Level 1:colcon.colcon_core.environment:checking '/home/st/sample/happy_ws/install/random_number' for CMake module files
[4.690s] Level 1:colcon.colcon_core.environment:checking '/home/st/sample/happy_ws/install/random_number' for CMake config files
[4.697s] DEBUG:colcon.colcon_core.event_handler.log_command:Invoked command in '/home/st/sample/happy_ws/src/random_number' returned '0': PYTHONPATH=/home/st/sample/happy_ws/build/random_number/prefix_override:/usr/lib/python3/dist-packages/colcon_core/task/python/colcon_distutils_commands:/home/st/sample/happy_ws/install/random_number/lib/python3.10/site-packages:${PYTHONPATH} /usr/bin/python3 -W ignore:setup.py install is deprecated -W ignore:easy_install command is deprecated setup.py egg_info --egg-base ../../build/random_number build --build-base /home/st/sample/happy_ws/build/random_number/build install --record /home/st/sample/happy_ws/build/random_number/install.log --single-version-externally-managed install_data
[4.698s] Level 1:colcon.colcon_core.environment:checking '/home/st/sample/happy_ws/install/random_number/lib'
[4.699s] Level 1:colcon.colcon_core.environment:checking '/home/st/sample/happy_ws/install/random_number/bin'
[4.699s] Level 1:colcon.colcon_core.environment:checking '/home/st/sample/happy_ws/install/random_number/lib/pkgconfig/random_number.pc'
[4.700s] Level 1:colcon.colcon_core.environment:checking '/home/st/sample/happy_ws/install/random_number/lib/python3.10/site-packages'
[4.700s] Level 1:colcon.colcon_core.shell:create_environment_hook('random_number', 'pythonpath')
[4.701s] INFO:colcon.colcon_core.shell:Creating environment hook '/home/st/sample/happy_ws/install/random_number/share/random_number/hook/pythonpath.ps1'
[4.703s] INFO:colcon.colcon_core.shell:Creating environment descriptor '/home/st/sample/happy_ws/install/random_number/share/random_number/hook/pythonpath.dsv'
[4.705s] INFO:colcon.colcon_core.shell:Creating environment hook '/home/st/sample/happy_ws/install/random_number/share/random_number/hook/pythonpath.sh'
[4.706s] Level 1:colcon.colcon_core.environment:checking '/home/st/sample/happy_ws/install/random_number/bin'
[4.707s] Level 1:colcon.colcon_core.environment:create_environment_scripts_only(random_number)
[4.707s] INFO:colcon.colcon_core.shell:Creating package script '/home/st/sample/happy_ws/install/random_number/share/random_number/package.ps1'
[4.709s] INFO:colcon.colcon_core.shell:Creating package descriptor '/home/st/sample/happy_ws/install/random_number/share/random_number/package.dsv'
[4.711s] INFO:colcon.colcon_core.shell:Creating package script '/home/st/sample/happy_ws/install/random_number/share/random_number/package.sh'
[4.712s] INFO:colcon.colcon_core.shell:Creating package script '/home/st/sample/happy_ws/install/random_number/share/random_number/package.bash'
[4.713s] INFO:colcon.colcon_core.shell:Creating package script '/home/st/sample/happy_ws/install/random_number/share/random_number/package.zsh'
[4.714s] Level 1:colcon.colcon_core.environment:create_file_with_runtime_dependencies(/home/st/sample/happy_ws/install/random_number/share/colcon-core/packages/random_number)
[4.727s] DEBUG:colcon.colcon_core.event_handler.log_command:Invoking command in '/home/st/sample/happy_ws/build/service_msgs': CMAKE_PREFIX_PATH=/opt/ros/humble /usr/bin/cmake --build /home/st/sample/happy_ws/build/service_msgs -- -j2 -l2
[5.987s] DEBUG:colcon.colcon_core.event_handler.log_command:Invoked command in '/home/st/sample/happy_ws/build/service_msgs' returned '0': CMAKE_PREFIX_PATH=/opt/ros/humble /usr/bin/cmake --build /home/st/sample/happy_ws/build/service_msgs -- -j2 -l2
[6.015s] DEBUG:colcon.colcon_core.event_handler.log_command:Invoking command in '/home/st/sample/happy_ws/build/service_msgs': CMAKE_PREFIX_PATH=/opt/ros/humble /usr/bin/cmake --install /home/st/sample/happy_ws/build/service_msgs
[6.253s] Level 1:colcon.colcon_core.environment:create_environment_scripts_only(service_msgs)
[6.254s] Level 1:colcon.colcon_core.environment:checking '/home/st/sample/happy_ws/install/service_msgs' for CMake module files
[6.255s] DEBUG:colcon.colcon_core.event_handler.log_command:Invoked command in '/home/st/sample/happy_ws/build/service_msgs' returned '0': CMAKE_PREFIX_PATH=/opt/ros/humble /usr/bin/cmake --install /home/st/sample/happy_ws/build/service_msgs
[6.258s] Level 1:colcon.colcon_core.environment:checking '/home/st/sample/happy_ws/install/service_msgs' for CMake config files
[6.260s] Level 1:colcon.colcon_core.shell:create_environment_hook('service_msgs', 'cmake_prefix_path')
[6.261s] INFO:colcon.colcon_core.shell:Creating environment hook '/home/st/sample/happy_ws/install/service_msgs/share/service_msgs/hook/cmake_prefix_path.ps1'
[6.263s] INFO:colcon.colcon_core.shell:Creating environment descriptor '/home/st/sample/happy_ws/install/service_msgs/share/service_msgs/hook/cmake_prefix_path.dsv'
[6.264s] INFO:colcon.colcon_core.shell:Creating environment hook '/home/st/sample/happy_ws/install/service_msgs/share/service_msgs/hook/cmake_prefix_path.sh'
[6.266s] Level 1:colcon.colcon_core.environment:checking '/home/st/sample/happy_ws/install/service_msgs/lib'
[6.267s] Level 1:colcon.colcon_core.shell:create_environment_hook('service_msgs', 'ld_library_path_lib')
[6.268s] INFO:colcon.colcon_core.shell:Creating environment hook '/home/st/sample/happy_ws/install/service_msgs/share/service_msgs/hook/ld_library_path_lib.ps1'
[6.270s] INFO:colcon.colcon_core.shell:Creating environment descriptor '/home/st/sample/happy_ws/install/service_msgs/share/service_msgs/hook/ld_library_path_lib.dsv'
[6.272s] INFO:colcon.colcon_core.shell:Creating environment hook '/home/st/sample/happy_ws/install/service_msgs/share/service_msgs/hook/ld_library_path_lib.sh'
[6.273s] Level 1:colcon.colcon_core.environment:checking '/home/st/sample/happy_ws/install/service_msgs/bin'
[6.273s] Level 1:colcon.colcon_core.environment:checking '/home/st/sample/happy_ws/install/service_msgs/lib/pkgconfig/service_msgs.pc'
[6.274s] Level 1:colcon.colcon_core.environment:checking '/home/st/sample/happy_ws/install/service_msgs/lib/python3.10/site-packages'
[6.275s] Level 1:colcon.colcon_core.environment:checking '/home/st/sample/happy_ws/install/service_msgs/bin'
[6.276s] INFO:colcon.colcon_core.shell:Creating package script '/home/st/sample/happy_ws/install/service_msgs/share/service_msgs/package.ps1'
[6.277s] INFO:colcon.colcon_core.shell:Creating package descriptor '/home/st/sample/happy_ws/install/service_msgs/share/service_msgs/package.dsv'
[6.279s] INFO:colcon.colcon_core.shell:Creating package script '/home/st/sample/happy_ws/install/service_msgs/share/service_msgs/package.sh'
[6.280s] INFO:colcon.colcon_core.shell:Creating package script '/home/st/sample/happy_ws/install/service_msgs/share/service_msgs/package.bash'
[6.281s] INFO:colcon.colcon_core.shell:Creating package script '/home/st/sample/happy_ws/install/service_msgs/share/service_msgs/package.zsh'
[6.283s] Level 1:colcon.colcon_core.environment:create_file_with_runtime_dependencies(/home/st/sample/happy_ws/install/service_msgs/share/colcon-core/packages/service_msgs)
[6.284s] Level 1:colcon.colcon_core.environment:create_environment_scripts_only(service_msgs)
[6.285s] Level 1:colcon.colcon_core.environment:checking '/home/st/sample/happy_ws/install/service_msgs' for CMake module files
[6.287s] Level 1:colcon.colcon_core.environment:checking '/home/st/sample/happy_ws/install/service_msgs' for CMake config files
[6.289s] Level 1:colcon.colcon_core.shell:create_environment_hook('service_msgs', 'cmake_prefix_path')
[6.289s] INFO:colcon.colcon_core.shell:Creating environment hook '/home/st/sample/happy_ws/install/service_msgs/share/service_msgs/hook/cmake_prefix_path.ps1'
[6.291s] INFO:colcon.colcon_core.shell:Creating environment descriptor '/home/st/sample/happy_ws/install/service_msgs/share/service_msgs/hook/cmake_prefix_path.dsv'
[6.293s] INFO:colcon.colcon_core.shell:Creating environment hook '/home/st/sample/happy_ws/install/service_msgs/share/service_msgs/hook/cmake_prefix_path.sh'
[6.294s] Level 1:colcon.colcon_core.environment:checking '/home/st/sample/happy_ws/install/service_msgs/lib'
[6.295s] Level 1:colcon.colcon_core.shell:create_environment_hook('service_msgs', 'ld_library_path_lib')
[6.295s] INFO:colcon.colcon_core.shell:Creating environment hook '/home/st/sample/happy_ws/install/service_msgs/share/service_msgs/hook/ld_library_path_lib.ps1'
[6.297s] INFO:colcon.colcon_core.shell:Creating environment descriptor '/home/st/sample/happy_ws/install/service_msgs/share/service_msgs/hook/ld_library_path_lib.dsv'
[6.298s] INFO:colcon.colcon_core.shell:Creating environment hook '/home/st/sample/happy_ws/install/service_msgs/share/service_msgs/hook/ld_library_path_lib.sh'
[6.300s] Level 1:colcon.colcon_core.environment:checking '/home/st/sample/happy_ws/install/service_msgs/bin'
[6.300s] Level 1:colcon.colcon_core.environment:checking '/home/st/sample/happy_ws/install/service_msgs/lib/pkgconfig/service_msgs.pc'
[6.301s] Level 1:colcon.colcon_core.environment:checking '/home/st/sample/happy_ws/install/service_msgs/lib/python3.10/site-packages'
[6.301s] Level 1:colcon.colcon_core.environment:checking '/home/st/sample/happy_ws/install/service_msgs/bin'
[6.302s] INFO:colcon.colcon_core.shell:Creating package script '/home/st/sample/happy_ws/install/service_msgs/share/service_msgs/package.ps1'
[6.303s] INFO:colcon.colcon_core.shell:Creating package descriptor '/home/st/sample/happy_ws/install/service_msgs/share/service_msgs/package.dsv'
[6.305s] INFO:colcon.colcon_core.shell:Creating package script '/home/st/sample/happy_ws/install/service_msgs/share/service_msgs/package.sh'
[6.307s] INFO:colcon.colcon_core.shell:Creating package script '/home/st/sample/happy_ws/install/service_msgs/share/service_msgs/package.bash'
[6.308s] INFO:colcon.colcon_core.shell:Creating package script '/home/st/sample/happy_ws/install/service_msgs/share/service_msgs/package.zsh'
[6.310s] Level 1:colcon.colcon_core.environment:create_file_with_runtime_dependencies(/home/st/sample/happy_ws/install/service_msgs/share/colcon-core/packages/service_msgs)
[6.310s] DEBUG:colcon.colcon_parallel_executor.executor.parallel:closing loop
[6.313s] DEBUG:colcon.colcon_parallel_executor.executor.parallel:loop closed
[6.313s] DEBUG:colcon.colcon_parallel_executor.executor.parallel:run_until_complete finished with '0'
[6.313s] DEBUG:colcon.colcon_core.event_reactor:joining thread
[6.327s] INFO:colcon.colcon_core.plugin_system:Skipping extension 'colcon_notification.desktop_notification.terminal_notifier': Not used on non-Darwin systems
[6.327s] INFO:colcon.colcon_core.plugin_system:Skipping extension 'colcon_notification.desktop_notification.win32': Not used on non-Windows systems
[6.327s] INFO:colcon.colcon_notification.desktop_notification:Sending desktop notification using 'notify2'
[6.359s] DEBUG:colcon.colcon_core.event_reactor:joined thread
[6.361s] INFO:colcon.colcon_core.shell:Creating prefix script '/home/st/sample/happy_ws/install/local_setup.ps1'
[6.364s] INFO:colcon.colcon_core.shell:Creating prefix util module '/home/st/sample/happy_ws/install/_local_setup_util_ps1.py'
[6.368s] INFO:colcon.colcon_core.shell:Creating prefix chain script '/home/st/sample/happy_ws/install/setup.ps1'
[6.373s] INFO:colcon.colcon_core.shell:Creating prefix script '/home/st/sample/happy_ws/install/local_setup.sh'
[6.377s] INFO:colcon.colcon_core.shell:Creating prefix util module '/home/st/sample/happy_ws/install/_local_setup_util_sh.py'
[6.379s] INFO:colcon.colcon_core.shell:Creating prefix chain script '/home/st/sample/happy_ws/install/setup.sh'
[6.382s] INFO:colcon.colcon_core.shell:Creating prefix script '/home/st/sample/happy_ws/install/local_setup.bash'
[6.384s] INFO:colcon.colcon_core.shell:Creating prefix chain script '/home/st/sample/happy_ws/install/setup.bash'
[6.388s] INFO:colcon.colcon_core.shell:Creating prefix script '/home/st/sample/happy_ws/install/local_setup.zsh'
[6.390s] INFO:colcon.colcon_core.shell:Creating prefix chain script '/home/st/sample/happy_ws/install/setup.zsh'
