[3.196s] Invoking command in '/home/st/sample/happy_ws/src/service': PYTHONPATH=/home/st/sample/happy_ws/build/service/prefix_override:/usr/lib/python3/dist-packages/colcon_core/task/python/colcon_distutils_commands:/home/st/sample/happy_ws/install/service/lib/python3.10/site-packages:${PYTHONPATH} /usr/bin/python3 -W ignore:setup.py install is deprecated -W ignore:easy_install command is deprecated setup.py egg_info --egg-base ../../build/service build --build-base /home/st/sample/happy_ws/build/service/build install --record /home/st/sample/happy_ws/build/service/install.log --single-version-externally-managed install_data
[3.925s] running egg_info
[3.926s] writing ../../build/service/service.egg-info/PKG-INFO
[3.927s] writing dependency_links to ../../build/service/service.egg-info/dependency_links.txt
[3.927s] writing entry points to ../../build/service/service.egg-info/entry_points.txt
[3.928s] writing requirements to ../../build/service/service.egg-info/requires.txt
[3.931s] writing top-level names to ../../build/service/service.egg-info/top_level.txt
[3.932s] reading manifest file '../../build/service/service.egg-info/SOURCES.txt'
[3.934s] writing manifest file '../../build/service/service.egg-info/SOURCES.txt'
[3.935s] running build
[3.935s] running build_py
[3.936s] copying service/server.py -> /home/st/sample/happy_ws/build/service/build/lib/service
[3.936s] running install
[3.937s] running install_lib
[3.938s] copying /home/st/sample/happy_ws/build/service/build/lib/service/server.py -> /home/st/sample/happy_ws/install/service/lib/python3.10/site-packages/service
[3.939s] byte-compiling /home/st/sample/happy_ws/install/service/lib/python3.10/site-packages/service/server.py to server.cpython-310.pyc
[3.941s] running install_data
[3.942s] running install_egg_info
[3.952s] removing '/home/st/sample/happy_ws/install/service/lib/python3.10/site-packages/service-0.0.0-py3.10.egg-info' (and everything under it)
[3.957s] Copying ../../build/service/service.egg-info to /home/st/sample/happy_ws/install/service/lib/python3.10/site-packages/service-0.0.0-py3.10.egg-info
[3.961s] running install_scripts
[4.012s] Installing client script to /home/st/sample/happy_ws/install/service/lib/service
[4.014s] Installing server script to /home/st/sample/happy_ws/install/service/lib/service
[4.017s] writing list of installed files to '/home/st/sample/happy_ws/build/service/install.log'
[4.137s] Invoked command in '/home/st/sample/happy_ws/src/service' returned '0': PYTHONPATH=/home/st/sample/happy_ws/build/service/prefix_override:/usr/lib/python3/dist-packages/colcon_core/task/python/colcon_distutils_commands:/home/st/sample/happy_ws/install/service/lib/python3.10/site-packages:${PYTHONPATH} /usr/bin/python3 -W ignore:setup.py install is deprecated -W ignore:easy_install command is deprecated setup.py egg_info --egg-base ../../build/service build --build-base /home/st/sample/happy_ws/build/service/build install --record /home/st/sample/happy_ws/build/service/install.log --single-version-externally-managed install_data
