[0.070s] Invoking command in '/home/st/sample/happy_ws/build/service_msgs': CMAKE_PREFIX_PATH=/home/st/sample/happy_ws/install/random_number:/opt/ros/humble /usr/bin/cmake /home/st/sample/happy_ws/src/service_msgs -DCMAKE_INSTALL_PREFIX=/home/st/sample/happy_ws/install/service_msgs
[0.123s] -- Found ament_cmake: 1.3.12 (/opt/ros/humble/share/ament_cmake/cmake)
[0.606s] -- Found rosidl_default_generators: 1.2.0 (/opt/ros/humble/share/rosidl_default_generators/cmake)
[0.610s] -- Using all available rosidl_typesupport_c: rosidl_typesupport_fastrtps_c;rosidl_typesupport_introspection_c
[0.624s] -- Found rosidl_adapter: 3.1.7 (/opt/ros/humble/share/rosidl_adapter/cmake)
[0.718s] -- Using all available rosidl_typesupport_cpp: rosidl_typesupport_fastrtps_cpp;rosidl_typesupport_introspection_cpp
[1.375s] [31mCMake Error at /opt/ros/humble/share/rosidl_adapter/cmake/rosidl_adapt_interfaces.cmake:59 (message):
[1.375s]   execute_process(/usr/bin/python3 -m rosidl_adapter --package-name
[1.375s]   service_msgs --arguments-file
[1.376s]   /home/st/sample/happy_ws/build/service_msgs/rosidl_adapter__arguments__service_msgs.json
[1.378s]   --output-dir
[1.379s]   /home/st/sample/happy_ws/build/service_msgs/rosidl_adapter/service_msgs
[1.379s]   --output-file
[1.379s] -- Configuring incomplete, errors occurred!
[1.380s] See also "/home/st/sample/happy_ws/build/service_msgs/CMakeFiles/CMakeOutput.log".
[1.380s]   /home/st/sample/happy_ws/build/service_msgs/rosidl_adapter/service_msgs.idls)
[1.382s]   returned error code 1:
[1.383s] 
[1.383s]   Traceback (most recent call last):
[1.383s] 
[1.383s]     File "/usr/lib/python3.10/runpy.py", line 196, in _run_module_as_main
[1.384s]       return _run_code(code, main_globals, None,
[1.386s]     File "/usr/lib/python3.10/runpy.py", line 86, in _run_code
[1.386s]       exec(code, run_globals)
[1.387s]     File "/opt/ros/humble/local/lib/python3.10/dist-packages/rosidl_adapter/__main__.py", line 19, in <module>
[1.387s]       sys.exit(main())
[1.387s]     File "/opt/ros/humble/local/lib/python3.10/dist-packages/rosidl_adapter/main.py", line 53, in main
[1.387s]       abs_idl_file = convert_to_idl(
[1.387s]     File "/opt/ros/humble/local/lib/python3.10/dist-packages/rosidl_adapter/__init__.py", line 24, in convert_to_idl
[1.388s]       return convert_srv_to_idl(
[1.388s]     File "/opt/ros/humble/local/lib/python3.10/dist-packages/rosidl_adapter/srv/__init__.py", line 28, in convert_srv_to_idl
[1.390s]       srv = parse_service_string(package_name, input_file.stem, content)
[1.391s]     File "/opt/ros/humble/local/lib/python3.10/dist-packages/rosidl_adapter/parser.py", line 859, in parse_service_string
[1.391s]       request_message = parse_message_string(
[1.392s]     File "/opt/ros/humble/local/lib/python3.10/dist-packages/rosidl_adapter/parser.py", line 544, in parse_message_string
[1.393s]       msg = MessageSpecification(pkg_name, msg_name, fields, constants)
[1.394s]     File "/opt/ros/humble/local/lib/python3.10/dist-packages/rosidl_adapter/parser.py", line 388, in __init__
[1.394s]       self.base_type = BaseType(
[1.396s]     File "/opt/ros/humble/local/lib/python3.10/dist-packages/rosidl_adapter/parser.py", line 205, in __init__
[1.397s]       raise InvalidResourceName(
[1.397s] 
[1.400s]   rosidl_adapter.parser.InvalidResourceName: 'random_service_Request' is an
[1.401s]   invalid message name.  It should have the pattern '^[A-Z][A-Za-z0-9]*$'
[1.401s] 
[1.403s] Call Stack (most recent call first):
[1.403s]   /opt/ros/humble/share/rosidl_cmake/cmake/rosidl_generate_interfaces.cmake:130 (rosidl_adapt_interfaces)
[1.403s]   CMakeLists.txt:15 (rosidl_generate_interfaces)
[1.403s] 
[1.403s] [0m
[1.404s] Invoked command in '/home/st/sample/happy_ws/build/service_msgs' returned '1': CMAKE_PREFIX_PATH=/home/st/sample/happy_ws/install/random_number:/opt/ros/humble /usr/bin/cmake /home/st/sample/happy_ws/src/service_msgs -DCMAKE_INSTALL_PREFIX=/home/st/sample/happy_ws/install/service_msgs
