running egg_info
writing ../../build/random_number/random_number.egg-info/PKG-INFO
writing dependency_links to ../../build/random_number/random_number.egg-info/dependency_links.txt
writing entry points to ../../build/random_number/random_number.egg-info/entry_points.txt
writing requirements to ../../build/random_number/random_number.egg-info/requires.txt
writing top-level names to ../../build/random_number/random_number.egg-info/top_level.txt
reading manifest file '../../build/random_number/random_number.egg-info/SOURCES.txt'
writing manifest file '../../build/random_number/random_number.egg-info/SOURCES.txt'
running build
running build_py
copying random_number/random_topic.py -> /home/st/sample/happy_ws/build/random_number/build/lib/random_number
running install
running install_lib
copying /home/st/sample/happy_ws/build/random_number/build/lib/random_number/random_topic.py -> /home/st/sample/happy_ws/install/random_number/lib/python3.10/site-packages/random_number
byte-compiling /home/st/sample/happy_ws/install/random_number/lib/python3.10/site-packages/random_number/random_topic.py to random_topic.cpython-310.pyc
running install_data
running install_egg_info
removing '/home/st/sample/happy_ws/install/random_number/lib/python3.10/site-packages/random_number-0.0.0-py3.10.egg-info' (and everything under it)
Copying ../../build/random_number/random_number.egg-info to /home/st/sample/happy_ws/install/random_number/lib/python3.10/site-packages/random_number-0.0.0-py3.10.egg-info
running install_scripts
Installing random_topic script to /home/st/sample/happy_ws/install/random_number/lib/random_number
writing list of installed files to '/home/st/sample/happy_ws/build/random_number/install.log'
