[0.039s] Invoking command in '/home/st/sample/happy_ws/build/service_msgs': CMAKE_PREFIX_PATH=${CMAKE_PREFIX_PATH}:/home/st/sample/happy_ws/install/service:/home/st/sample/happy_ws/install/random_number:/opt/ros/humble /usr/bin/cmake --build /home/st/sample/happy_ws/build/service_msgs -- -j2 -l2
[0.249s] [  3%] Built target service_msgs__cpp
[0.259s] [ 12%] Built target service_msgs__rosidl_generator_c
[0.346s] [ 12%] Built target ament_cmake_python_copy_service_msgs
[0.359s] [ 22%] Built target service_msgs__rosidl_typesupport_introspection_cpp
[0.423s] [ 32%] Built target service_msgs__rosidl_typesupport_cpp
[0.441s] [ 41%] Built target service_msgs__rosidl_typesupport_fastrtps_c
[0.506s] [ 51%] Built target service_msgs__rosidl_typesupport_introspection_c
[0.532s] [ 61%] Built target service_msgs__rosidl_typesupport_c
[0.572s] [ 70%] Built target service_msgs__rosidl_typesupport_fastrtps_cpp
[0.639s] [ 70%] Built target service_msgs
[0.723s] [ 74%] Built target service_msgs__py
[0.826s] [ 80%] Built target service_msgs__rosidl_generator_py
[0.934s] [ 87%] Built target service_msgs__rosidl_typesupport_fastrtps_c__pyext
[1.033s] [ 93%] Built target service_msgs__rosidl_typesupport_introspection_c__pyext
[1.115s] [100%] Built target service_msgs__rosidl_typesupport_c__pyext
[1.295s] running egg_info
[1.300s] writing service_msgs.egg-info/PKG-INFO
[1.300s] writing dependency_links to service_msgs.egg-info/dependency_links.txt
[1.302s] writing top-level names to service_msgs.egg-info/top_level.txt
[1.311s] reading manifest file 'service_msgs.egg-info/SOURCES.txt'
[1.311s] writing manifest file 'service_msgs.egg-info/SOURCES.txt'
[1.379s] [100%] Built target ament_cmake_python_build_service_msgs_egg
[1.419s] Invoked command in '/home/st/sample/happy_ws/build/service_msgs' returned '0': CMAKE_PREFIX_PATH=${CMAKE_PREFIX_PATH}:/home/st/sample/happy_ws/install/service:/home/st/sample/happy_ws/install/random_number:/opt/ros/humble /usr/bin/cmake --build /home/st/sample/happy_ws/build/service_msgs -- -j2 -l2
[1.448s] Invoking command in '/home/st/sample/happy_ws/build/service_msgs': CMAKE_PREFIX_PATH=${CMAKE_PREFIX_PATH}:/home/st/sample/happy_ws/install/service:/home/st/sample/happy_ws/install/random_number:/opt/ros/humble /usr/bin/cmake --install /home/st/sample/happy_ws/build/service_msgs
[1.475s] -- Install configuration: ""
[1.477s] -- Up-to-date: /home/st/sample/happy_ws/install/service_msgs/share/ament_index/resource_index/rosidl_interfaces/service_msgs
[1.477s] -- Up-to-date: /home/st/sample/happy_ws/install/service_msgs/include/service_msgs/service_msgs
[1.480s] -- Up-to-date: /home/st/sample/happy_ws/install/service_msgs/include/service_msgs/service_msgs/srv
[1.480s] -- Up-to-date: /home/st/sample/happy_ws/install/service_msgs/include/service_msgs/service_msgs/srv/random_service.h
[1.480s] -- Up-to-date: /home/st/sample/happy_ws/install/service_msgs/include/service_msgs/service_msgs/srv/detail
[1.480s] -- Up-to-date: /home/st/sample/happy_ws/install/service_msgs/include/service_msgs/service_msgs/srv/detail/random_service__struct.h
[1.481s] -- Up-to-date: /home/st/sample/happy_ws/install/service_msgs/include/service_msgs/service_msgs/srv/detail/random_service__functions.h
[1.481s] -- Up-to-date: /home/st/sample/happy_ws/install/service_msgs/include/service_msgs/service_msgs/srv/detail/random_service__type_support.h
[1.484s] -- Up-to-date: /home/st/sample/happy_ws/install/service_msgs/include/service_msgs/service_msgs/srv/detail/random_service__functions.c
[1.484s] -- Up-to-date: /home/st/sample/happy_ws/install/service_msgs/include/service_msgs/service_msgs/msg
[1.484s] -- Up-to-date: /home/st/sample/happy_ws/install/service_msgs/include/service_msgs/service_msgs/msg/rosidl_generator_c__visibility_control.h
[1.485s] -- Up-to-date: /home/st/sample/happy_ws/install/service_msgs/share/service_msgs/environment/library_path.sh
[1.487s] -- Up-to-date: /home/st/sample/happy_ws/install/service_msgs/share/service_msgs/environment/library_path.dsv
[1.488s] -- Up-to-date: /home/st/sample/happy_ws/install/service_msgs/lib/libservice_msgs__rosidl_generator_c.so
[1.488s] -- Up-to-date: /home/st/sample/happy_ws/install/service_msgs/include/service_msgs/service_msgs
[1.489s] -- Up-to-date: /home/st/sample/happy_ws/install/service_msgs/include/service_msgs/service_msgs/srv
[1.489s] -- Up-to-date: /home/st/sample/happy_ws/install/service_msgs/include/service_msgs/service_msgs/srv/detail
[1.489s] -- Up-to-date: /home/st/sample/happy_ws/install/service_msgs/include/service_msgs/service_msgs/srv/detail/random_service__rosidl_typesupport_fastrtps_c.h
[1.492s] -- Up-to-date: /home/st/sample/happy_ws/install/service_msgs/include/service_msgs/service_msgs/msg
[1.492s] -- Up-to-date: /home/st/sample/happy_ws/install/service_msgs/include/service_msgs/service_msgs/msg/rosidl_typesupport_fastrtps_c__visibility_control.h
[1.492s] -- Up-to-date: /home/st/sample/happy_ws/install/service_msgs/lib/libservice_msgs__rosidl_typesupport_fastrtps_c.so
[1.493s] -- Up-to-date: /home/st/sample/happy_ws/install/service_msgs/include/service_msgs/service_msgs
[1.493s] -- Up-to-date: /home/st/sample/happy_ws/install/service_msgs/include/service_msgs/service_msgs/srv
[1.493s] -- Up-to-date: /home/st/sample/happy_ws/install/service_msgs/include/service_msgs/service_msgs/srv/detail
[1.493s] -- Up-to-date: /home/st/sample/happy_ws/install/service_msgs/include/service_msgs/service_msgs/srv/detail/random_service__rosidl_typesupport_introspection_c.h
[1.494s] -- Up-to-date: /home/st/sample/happy_ws/install/service_msgs/include/service_msgs/service_msgs/srv/detail/random_service__type_support.c
[1.494s] -- Up-to-date: /home/st/sample/happy_ws/install/service_msgs/include/service_msgs/service_msgs/msg
[1.494s] -- Up-to-date: /home/st/sample/happy_ws/install/service_msgs/include/service_msgs/service_msgs/msg/rosidl_typesupport_introspection_c__visibility_control.h
[1.494s] -- Up-to-date: /home/st/sample/happy_ws/install/service_msgs/lib/libservice_msgs__rosidl_typesupport_introspection_c.so
[1.497s] -- Up-to-date: /home/st/sample/happy_ws/install/service_msgs/lib/libservice_msgs__rosidl_typesupport_c.so
[1.498s] -- Up-to-date: /home/st/sample/happy_ws/install/service_msgs/include/service_msgs/service_msgs
[1.498s] -- Up-to-date: /home/st/sample/happy_ws/install/service_msgs/include/service_msgs/service_msgs/srv
[1.503s] -- Up-to-date: /home/st/sample/happy_ws/install/service_msgs/include/service_msgs/service_msgs/srv/random_service.hpp
[1.503s] -- Up-to-date: /home/st/sample/happy_ws/install/service_msgs/include/service_msgs/service_msgs/srv/detail
[1.503s] -- Up-to-date: /home/st/sample/happy_ws/install/service_msgs/include/service_msgs/service_msgs/srv/detail/random_service__type_support.hpp
[1.503s] -- Up-to-date: /home/st/sample/happy_ws/install/service_msgs/include/service_msgs/service_msgs/srv/detail/random_service__struct.hpp
[1.503s] -- Up-to-date: /home/st/sample/happy_ws/install/service_msgs/include/service_msgs/service_msgs/srv/detail/random_service__traits.hpp
[1.504s] -- Up-to-date: /home/st/sample/happy_ws/install/service_msgs/include/service_msgs/service_msgs/srv/detail/random_service__builder.hpp
[1.504s] -- Up-to-date: /home/st/sample/happy_ws/install/service_msgs/include/service_msgs/service_msgs/msg
[1.507s] -- Up-to-date: /home/st/sample/happy_ws/install/service_msgs/include/service_msgs/service_msgs/msg/rosidl_generator_cpp__visibility_control.hpp
[1.507s] -- Up-to-date: /home/st/sample/happy_ws/install/service_msgs/include/service_msgs/service_msgs
[1.507s] -- Up-to-date: /home/st/sample/happy_ws/install/service_msgs/include/service_msgs/service_msgs/srv
[1.508s] -- Up-to-date: /home/st/sample/happy_ws/install/service_msgs/include/service_msgs/service_msgs/srv/detail
[1.508s] -- Up-to-date: /home/st/sample/happy_ws/install/service_msgs/include/service_msgs/service_msgs/srv/detail/dds_fastrtps
[1.508s] -- Up-to-date: /home/st/sample/happy_ws/install/service_msgs/include/service_msgs/service_msgs/srv/detail/random_service__rosidl_typesupport_fastrtps_cpp.hpp
[1.508s] -- Up-to-date: /home/st/sample/happy_ws/install/service_msgs/include/service_msgs/service_msgs/msg
[1.512s] -- Up-to-date: /home/st/sample/happy_ws/install/service_msgs/include/service_msgs/service_msgs/msg/rosidl_typesupport_fastrtps_cpp__visibility_control.h
[1.512s] -- Up-to-date: /home/st/sample/happy_ws/install/service_msgs/lib/libservice_msgs__rosidl_typesupport_fastrtps_cpp.so
[1.512s] -- Up-to-date: /home/st/sample/happy_ws/install/service_msgs/include/service_msgs/service_msgs
[1.513s] -- Up-to-date: /home/st/sample/happy_ws/install/service_msgs/include/service_msgs/service_msgs/srv
[1.513s] -- Up-to-date: /home/st/sample/happy_ws/install/service_msgs/include/service_msgs/service_msgs/srv/detail
[1.513s] -- Up-to-date: /home/st/sample/happy_ws/install/service_msgs/include/service_msgs/service_msgs/srv/detail/random_service__rosidl_typesupport_introspection_cpp.hpp
[1.513s] -- Up-to-date: /home/st/sample/happy_ws/install/service_msgs/include/service_msgs/service_msgs/srv/detail/random_service__type_support.cpp
[1.516s] -- Up-to-date: /home/st/sample/happy_ws/install/service_msgs/lib/libservice_msgs__rosidl_typesupport_introspection_cpp.so
[1.516s] -- Up-to-date: /home/st/sample/happy_ws/install/service_msgs/lib/libservice_msgs__rosidl_typesupport_cpp.so
[1.517s] -- Up-to-date: /home/st/sample/happy_ws/install/service_msgs/share/service_msgs/environment/pythonpath.sh
[1.517s] -- Up-to-date: /home/st/sample/happy_ws/install/service_msgs/share/service_msgs/environment/pythonpath.dsv
[1.517s] -- Up-to-date: /home/st/sample/happy_ws/install/service_msgs/local/lib/python3.10/dist-packages/service_msgs-0.0.0-py3.10.egg-info
[1.517s] -- Installing: /home/st/sample/happy_ws/install/service_msgs/local/lib/python3.10/dist-packages/service_msgs-0.0.0-py3.10.egg-info/SOURCES.txt
[1.517s] -- Installing: /home/st/sample/happy_ws/install/service_msgs/local/lib/python3.10/dist-packages/service_msgs-0.0.0-py3.10.egg-info/top_level.txt
[1.519s] -- Installing: /home/st/sample/happy_ws/install/service_msgs/local/lib/python3.10/dist-packages/service_msgs-0.0.0-py3.10.egg-info/PKG-INFO
[1.519s] -- Installing: /home/st/sample/happy_ws/install/service_msgs/local/lib/python3.10/dist-packages/service_msgs-0.0.0-py3.10.egg-info/dependency_links.txt
[1.519s] -- Up-to-date: /home/st/sample/happy_ws/install/service_msgs/local/lib/python3.10/dist-packages/service_msgs
[1.519s] -- Up-to-date: /home/st/sample/happy_ws/install/service_msgs/local/lib/python3.10/dist-packages/service_msgs/libservice_msgs__rosidl_generator_py.so
[1.519s] -- Up-to-date: /home/st/sample/happy_ws/install/service_msgs/local/lib/python3.10/dist-packages/service_msgs/service_msgs_s__rosidl_typesupport_fastrtps_c.cpython-310-x86_64-linux-gnu.so
[1.521s] -- Up-to-date: /home/st/sample/happy_ws/install/service_msgs/local/lib/python3.10/dist-packages/service_msgs/_service_msgs_s.ep.rosidl_typesupport_introspection_c.c
[1.521s] -- Up-to-date: /home/st/sample/happy_ws/install/service_msgs/local/lib/python3.10/dist-packages/service_msgs/srv
[1.521s] -- Up-to-date: /home/st/sample/happy_ws/install/service_msgs/local/lib/python3.10/dist-packages/service_msgs/srv/__init__.py
[1.521s] -- Up-to-date: /home/st/sample/happy_ws/install/service_msgs/local/lib/python3.10/dist-packages/service_msgs/srv/_random_service.py
[1.521s] -- Up-to-date: /home/st/sample/happy_ws/install/service_msgs/local/lib/python3.10/dist-packages/service_msgs/srv/_random_service_s.c
[1.521s] -- Up-to-date: /home/st/sample/happy_ws/install/service_msgs/local/lib/python3.10/dist-packages/service_msgs/__init__.py
[1.524s] -- Up-to-date: /home/st/sample/happy_ws/install/service_msgs/local/lib/python3.10/dist-packages/service_msgs/service_msgs_s__rosidl_typesupport_c.cpython-310-x86_64-linux-gnu.so
[1.524s] -- Up-to-date: /home/st/sample/happy_ws/install/service_msgs/local/lib/python3.10/dist-packages/service_msgs/_service_msgs_s.ep.rosidl_typesupport_c.c
[1.524s] -- Up-to-date: /home/st/sample/happy_ws/install/service_msgs/local/lib/python3.10/dist-packages/service_msgs/service_msgs_s__rosidl_typesupport_introspection_c.cpython-310-x86_64-linux-gnu.so
[1.524s] -- Up-to-date: /home/st/sample/happy_ws/install/service_msgs/local/lib/python3.10/dist-packages/service_msgs/_service_msgs_s.ep.rosidl_typesupport_fastrtps_c.c
[1.613s] Listing '/home/st/sample/happy_ws/install/service_msgs/local/lib/python3.10/dist-packages/service_msgs'...
[1.613s] Listing '/home/st/sample/happy_ws/install/service_msgs/local/lib/python3.10/dist-packages/service_msgs/srv'...
[1.629s] -- Up-to-date: /home/st/sample/happy_ws/install/service_msgs/local/lib/python3.10/dist-packages/service_msgs/service_msgs_s__rosidl_typesupport_fastrtps_c.cpython-310-x86_64-linux-gnu.so
[1.629s] -- Up-to-date: /home/st/sample/happy_ws/install/service_msgs/local/lib/python3.10/dist-packages/service_msgs/service_msgs_s__rosidl_typesupport_introspection_c.cpython-310-x86_64-linux-gnu.so
[1.631s] -- Up-to-date: /home/st/sample/happy_ws/install/service_msgs/local/lib/python3.10/dist-packages/service_msgs/service_msgs_s__rosidl_typesupport_c.cpython-310-x86_64-linux-gnu.so
[1.632s] -- Up-to-date: /home/st/sample/happy_ws/install/service_msgs/lib/libservice_msgs__rosidl_generator_py.so
[1.636s] -- Up-to-date: /home/st/sample/happy_ws/install/service_msgs/share/service_msgs/srv/RandomService.idl
[1.636s] -- Up-to-date: /home/st/sample/happy_ws/install/service_msgs/share/service_msgs/srv/RandomService.srv
[1.636s] -- Up-to-date: /home/st/sample/happy_ws/install/service_msgs/share/service_msgs/srv/RandomService_Request.msg
[1.637s] -- Up-to-date: /home/st/sample/happy_ws/install/service_msgs/share/service_msgs/srv/RandomService_Response.msg
[1.637s] -- Up-to-date: /home/st/sample/happy_ws/install/service_msgs/share/ament_index/resource_index/package_run_dependencies/service_msgs
[1.637s] -- Up-to-date: /home/st/sample/happy_ws/install/service_msgs/share/ament_index/resource_index/parent_prefix_path/service_msgs
[1.639s] -- Up-to-date: /home/st/sample/happy_ws/install/service_msgs/share/service_msgs/environment/ament_prefix_path.sh
[1.639s] -- Up-to-date: /home/st/sample/happy_ws/install/service_msgs/share/service_msgs/environment/ament_prefix_path.dsv
[1.639s] -- Up-to-date: /home/st/sample/happy_ws/install/service_msgs/share/service_msgs/environment/path.sh
[1.640s] -- Up-to-date: /home/st/sample/happy_ws/install/service_msgs/share/service_msgs/environment/path.dsv
[1.640s] -- Up-to-date: /home/st/sample/happy_ws/install/service_msgs/share/service_msgs/local_setup.bash
[1.640s] -- Up-to-date: /home/st/sample/happy_ws/install/service_msgs/share/service_msgs/local_setup.sh
[1.640s] -- Up-to-date: /home/st/sample/happy_ws/install/service_msgs/share/service_msgs/local_setup.zsh
[1.640s] -- Up-to-date: /home/st/sample/happy_ws/install/service_msgs/share/service_msgs/local_setup.dsv
[1.642s] -- Installing: /home/st/sample/happy_ws/install/service_msgs/share/service_msgs/package.dsv
[1.642s] -- Up-to-date: /home/st/sample/happy_ws/install/service_msgs/share/ament_index/resource_index/packages/service_msgs
[1.643s] -- Up-to-date: /home/st/sample/happy_ws/install/service_msgs/share/service_msgs/cmake/export_service_msgs__rosidl_generator_cExport.cmake
[1.643s] -- Up-to-date: /home/st/sample/happy_ws/install/service_msgs/share/service_msgs/cmake/export_service_msgs__rosidl_generator_cExport-noconfig.cmake
[1.643s] -- Up-to-date: /home/st/sample/happy_ws/install/service_msgs/share/service_msgs/cmake/export_service_msgs__rosidl_typesupport_fastrtps_cExport.cmake
[1.643s] -- Up-to-date: /home/st/sample/happy_ws/install/service_msgs/share/service_msgs/cmake/export_service_msgs__rosidl_typesupport_fastrtps_cExport-noconfig.cmake
[1.646s] -- Up-to-date: /home/st/sample/happy_ws/install/service_msgs/share/service_msgs/cmake/service_msgs__rosidl_typesupport_introspection_cExport.cmake
[1.646s] -- Up-to-date: /home/st/sample/happy_ws/install/service_msgs/share/service_msgs/cmake/service_msgs__rosidl_typesupport_introspection_cExport-noconfig.cmake
[1.646s] -- Up-to-date: /home/st/sample/happy_ws/install/service_msgs/share/service_msgs/cmake/service_msgs__rosidl_typesupport_cExport.cmake
[1.647s] -- Up-to-date: /home/st/sample/happy_ws/install/service_msgs/share/service_msgs/cmake/service_msgs__rosidl_typesupport_cExport-noconfig.cmake
[1.647s] -- Up-to-date: /home/st/sample/happy_ws/install/service_msgs/share/service_msgs/cmake/export_service_msgs__rosidl_generator_cppExport.cmake
[1.647s] -- Up-to-date: /home/st/sample/happy_ws/install/service_msgs/share/service_msgs/cmake/export_service_msgs__rosidl_typesupport_fastrtps_cppExport.cmake
[1.647s] -- Up-to-date: /home/st/sample/happy_ws/install/service_msgs/share/service_msgs/cmake/export_service_msgs__rosidl_typesupport_fastrtps_cppExport-noconfig.cmake
[1.652s] -- Up-to-date: /home/st/sample/happy_ws/install/service_msgs/share/service_msgs/cmake/service_msgs__rosidl_typesupport_introspection_cppExport.cmake
[1.652s] -- Up-to-date: /home/st/sample/happy_ws/install/service_msgs/share/service_msgs/cmake/service_msgs__rosidl_typesupport_introspection_cppExport-noconfig.cmake
[1.652s] -- Up-to-date: /home/st/sample/happy_ws/install/service_msgs/share/service_msgs/cmake/service_msgs__rosidl_typesupport_cppExport.cmake
[1.652s] -- Up-to-date: /home/st/sample/happy_ws/install/service_msgs/share/service_msgs/cmake/service_msgs__rosidl_typesupport_cppExport-noconfig.cmake
[1.653s] -- Up-to-date: /home/st/sample/happy_ws/install/service_msgs/share/service_msgs/cmake/export_service_msgs__rosidl_generator_pyExport.cmake
[1.653s] -- Up-to-date: /home/st/sample/happy_ws/install/service_msgs/share/service_msgs/cmake/export_service_msgs__rosidl_generator_pyExport-noconfig.cmake
[1.653s] -- Up-to-date: /home/st/sample/happy_ws/install/service_msgs/share/service_msgs/cmake/rosidl_cmake-extras.cmake
[1.653s] -- Up-to-date: /home/st/sample/happy_ws/install/service_msgs/share/service_msgs/cmake/ament_cmake_export_include_directories-extras.cmake
[1.655s] -- Up-to-date: /home/st/sample/happy_ws/install/service_msgs/share/service_msgs/cmake/ament_cmake_export_libraries-extras.cmake
[1.657s] -- Up-to-date: /home/st/sample/happy_ws/install/service_msgs/share/service_msgs/cmake/ament_cmake_export_targets-extras.cmake
[1.657s] -- Up-to-date: /home/st/sample/happy_ws/install/service_msgs/share/service_msgs/cmake/rosidl_cmake_export_typesupport_targets-extras.cmake
[1.657s] -- Up-to-date: /home/st/sample/happy_ws/install/service_msgs/share/service_msgs/cmake/ament_cmake_export_dependencies-extras.cmake
[1.661s] -- Up-to-date: /home/st/sample/happy_ws/install/service_msgs/share/service_msgs/cmake/rosidl_cmake_export_typesupport_libraries-extras.cmake
[1.661s] -- Up-to-date: /home/st/sample/happy_ws/install/service_msgs/share/service_msgs/cmake/service_msgsConfig.cmake
[1.661s] -- Up-to-date: /home/st/sample/happy_ws/install/service_msgs/share/service_msgs/cmake/service_msgsConfig-version.cmake
[1.662s] -- Up-to-date: /home/st/sample/happy_ws/install/service_msgs/share/service_msgs/package.xml
[1.669s] Invoked command in '/home/st/sample/happy_ws/build/service_msgs' returned '0': CMAKE_PREFIX_PATH=${CMAKE_PREFIX_PATH}:/home/st/sample/happy_ws/install/service:/home/st/sample/happy_ws/install/random_number:/opt/ros/humble /usr/bin/cmake --install /home/st/sample/happy_ws/build/service_msgs
