[2.947s] Invoking command in '/home/st/sample/happy_ws/src/random_number': PYTHONPATH=/home/st/sample/happy_ws/build/random_number/prefix_override:/usr/lib/python3/dist-packages/colcon_core/task/python/colcon_distutils_commands:/home/st/sample/happy_ws/install/random_number/lib/python3.10/site-packages:${PYTHONPATH} /usr/bin/python3 -W ignore:setup.py install is deprecated -W ignore:easy_install command is deprecated setup.py egg_info --egg-base ../../build/random_number build --build-base /home/st/sample/happy_ws/build/random_number/build install --record /home/st/sample/happy_ws/build/random_number/install.log --single-version-externally-managed install_data
[3.865s] running egg_info
[3.867s] writing ../../build/random_number/random_number.egg-info/PKG-INFO
[3.871s] writing dependency_links to ../../build/random_number/random_number.egg-info/dependency_links.txt
[3.872s] writing entry points to ../../build/random_number/random_number.egg-info/entry_points.txt
[3.874s] writing requirements to ../../build/random_number/random_number.egg-info/requires.txt
[3.876s] writing top-level names to ../../build/random_number/random_number.egg-info/top_level.txt
[3.884s] reading manifest file '../../build/random_number/random_number.egg-info/SOURCES.txt'
[3.890s] writing manifest file '../../build/random_number/random_number.egg-info/SOURCES.txt'
[3.891s] running build
[3.893s] running build_py
[3.895s] running install
[3.900s] running install_lib
[3.902s] running install_data
[3.904s] running install_egg_info
[3.908s] removing '/home/st/sample/happy_ws/install/random_number/lib/python3.10/site-packages/random_number-0.0.0-py3.10.egg-info' (and everything under it)
[3.912s] Copying ../../build/random_number/random_number.egg-info to /home/st/sample/happy_ws/install/random_number/lib/python3.10/site-packages/random_number-0.0.0-py3.10.egg-info
[3.926s] running install_scripts
[4.000s] Installing random_topic script to /home/st/sample/happy_ws/install/random_number/lib/random_number
[4.003s] writing list of installed files to '/home/st/sample/happy_ws/build/random_number/install.log'
[4.081s] Invoked command in '/home/st/sample/happy_ws/src/random_number' returned '0': PYTHONPATH=/home/st/sample/happy_ws/build/random_number/prefix_override:/usr/lib/python3/dist-packages/colcon_core/task/python/colcon_distutils_commands:/home/st/sample/happy_ws/install/random_number/lib/python3.10/site-packages:${PYTHONPATH} /usr/bin/python3 -W ignore:setup.py install is deprecated -W ignore:easy_install command is deprecated setup.py egg_info --egg-base ../../build/random_number build --build-base /home/st/sample/happy_ws/build/random_number/build install --record /home/st/sample/happy_ws/build/random_number/install.log --single-version-externally-managed install_data
