[3.540s] Invoking command in '/home/st/sample/happy_ws/src/random_number': PYTHONPATH=/home/st/sample/happy_ws/build/random_number/prefix_override:/usr/lib/python3/dist-packages/colcon_core/task/python/colcon_distutils_commands:/home/st/sample/happy_ws/install/random_number/lib/python3.10/site-packages:${PYTHONPATH} /usr/bin/python3 -W ignore:setup.py install is deprecated -W ignore:easy_install command is deprecated setup.py egg_info --egg-base ../../build/random_number build --build-base /home/st/sample/happy_ws/build/random_number/build install --record /home/st/sample/happy_ws/build/random_number/install.log --single-version-externally-managed install_data
[4.341s] running egg_info
[4.341s] writing ../../build/random_number/random_number.egg-info/PKG-INFO
[4.343s] writing dependency_links to ../../build/random_number/random_number.egg-info/dependency_links.txt
[4.344s] writing entry points to ../../build/random_number/random_number.egg-info/entry_points.txt
[4.346s] writing requirements to ../../build/random_number/random_number.egg-info/requires.txt
[4.346s] writing top-level names to ../../build/random_number/random_number.egg-info/top_level.txt
[4.359s] reading manifest file '../../build/random_number/random_number.egg-info/SOURCES.txt'
[4.361s] writing manifest file '../../build/random_number/random_number.egg-info/SOURCES.txt'
[4.361s] running build
[4.367s] running build_py
[4.368s] running install
[4.368s] running install_lib
[4.373s] running install_data
[4.380s] running install_egg_info
[4.384s] removing '/home/st/sample/happy_ws/install/random_number/lib/python3.10/site-packages/random_number-0.0.0-py3.10.egg-info' (and everything under it)
[4.384s] Copying ../../build/random_number/random_number.egg-info to /home/st/sample/happy_ws/install/random_number/lib/python3.10/site-packages/random_number-0.0.0-py3.10.egg-info
[4.391s] running install_scripts
[4.475s] Installing random_topic script to /home/st/sample/happy_ws/install/random_number/lib/random_number
[4.484s] writing list of installed files to '/home/st/sample/happy_ws/build/random_number/install.log'
[4.557s] Invoked command in '/home/st/sample/happy_ws/src/random_number' returned '0': PYTHONPATH=/home/st/sample/happy_ws/build/random_number/prefix_override:/usr/lib/python3/dist-packages/colcon_core/task/python/colcon_distutils_commands:/home/st/sample/happy_ws/install/random_number/lib/python3.10/site-packages:${PYTHONPATH} /usr/bin/python3 -W ignore:setup.py install is deprecated -W ignore:easy_install command is deprecated setup.py egg_info --egg-base ../../build/random_number build --build-base /home/st/sample/happy_ws/build/random_number/build install --record /home/st/sample/happy_ws/build/random_number/install.log --single-version-externally-managed install_data
