[0.063s] Invoking command in '/home/st/sample/happy_ws/build/service_msgs': CMAKE_PREFIX_PATH=${CMAKE_PREFIX_PATH}:/home/st/sample/happy_ws/install/service:/home/st/sample/happy_ws/install/random_number:/opt/ros/humble /usr/bin/cmake --build /home/st/sample/happy_ws/build/service_msgs -- -j2 -l2
[0.296s] [  9%] Built target service_msgs__rosidl_generator_c
[0.301s] [ 12%] Built target service_msgs__cpp
[0.394s] [ 22%] Built target service_msgs__rosidl_typesupport_introspection_cpp
[0.438s] [ 22%] Built target ament_cmake_python_copy_service_msgs
[0.493s] [ 32%] Built target service_msgs__rosidl_typesupport_cpp
[0.519s] [ 41%] Built target service_msgs__rosidl_typesupport_fastrtps_c
[0.574s] [ 51%] Built target service_msgs__rosidl_typesupport_introspection_c
[0.589s] [ 61%] Built target service_msgs__rosidl_typesupport_c
[0.719s] [ 70%] Built target service_msgs__rosidl_typesupport_fastrtps_cpp
[0.820s] [ 70%] Built target service_msgs
[0.910s] [ 74%] Built target service_msgs__py
[1.008s] [ 80%] Built target service_msgs__rosidl_generator_py
[1.110s] [ 87%] Built target service_msgs__rosidl_typesupport_fastrtps_c__pyext
[1.219s] [ 93%] Built target service_msgs__rosidl_typesupport_introspection_c__pyext
[1.329s] [100%] Built target service_msgs__rosidl_typesupport_c__pyext
[1.421s] running egg_info
[1.424s] writing service_msgs.egg-info/PKG-INFO
[1.426s] writing dependency_links to service_msgs.egg-info/dependency_links.txt
[1.428s] writing top-level names to service_msgs.egg-info/top_level.txt
[1.435s] reading manifest file 'service_msgs.egg-info/SOURCES.txt'
[1.437s] writing manifest file 'service_msgs.egg-info/SOURCES.txt'
[1.498s] [100%] Built target ament_cmake_python_build_service_msgs_egg
[1.537s] Invoked command in '/home/st/sample/happy_ws/build/service_msgs' returned '0': CMAKE_PREFIX_PATH=${CMAKE_PREFIX_PATH}:/home/st/sample/happy_ws/install/service:/home/st/sample/happy_ws/install/random_number:/opt/ros/humble /usr/bin/cmake --build /home/st/sample/happy_ws/build/service_msgs -- -j2 -l2
[1.565s] Invoking command in '/home/st/sample/happy_ws/build/service_msgs': CMAKE_PREFIX_PATH=${CMAKE_PREFIX_PATH}:/home/st/sample/happy_ws/install/service:/home/st/sample/happy_ws/install/random_number:/opt/ros/humble /usr/bin/cmake --install /home/st/sample/happy_ws/build/service_msgs
[1.590s] -- Install configuration: ""
[1.592s] -- Up-to-date: /home/st/sample/happy_ws/install/service_msgs/share/ament_index/resource_index/rosidl_interfaces/service_msgs
[1.592s] -- Up-to-date: /home/st/sample/happy_ws/install/service_msgs/include/service_msgs/service_msgs
[1.593s] -- Up-to-date: /home/st/sample/happy_ws/install/service_msgs/include/service_msgs/service_msgs/srv
[1.593s] -- Up-to-date: /home/st/sample/happy_ws/install/service_msgs/include/service_msgs/service_msgs/srv/random_service.h
[1.593s] -- Up-to-date: /home/st/sample/happy_ws/install/service_msgs/include/service_msgs/service_msgs/srv/detail
[1.593s] -- Up-to-date: /home/st/sample/happy_ws/install/service_msgs/include/service_msgs/service_msgs/srv/detail/random_service__struct.h
[1.593s] -- Up-to-date: /home/st/sample/happy_ws/install/service_msgs/include/service_msgs/service_msgs/srv/detail/random_service__functions.h
[1.595s] -- Up-to-date: /home/st/sample/happy_ws/install/service_msgs/include/service_msgs/service_msgs/srv/detail/random_service__type_support.h
[1.596s] -- Up-to-date: /home/st/sample/happy_ws/install/service_msgs/include/service_msgs/service_msgs/srv/detail/random_service__functions.c
[1.596s] -- Up-to-date: /home/st/sample/happy_ws/install/service_msgs/include/service_msgs/service_msgs/msg
[1.596s] -- Up-to-date: /home/st/sample/happy_ws/install/service_msgs/include/service_msgs/service_msgs/msg/rosidl_generator_c__visibility_control.h
[1.596s] -- Up-to-date: /home/st/sample/happy_ws/install/service_msgs/share/service_msgs/environment/library_path.sh
[1.596s] -- Up-to-date: /home/st/sample/happy_ws/install/service_msgs/share/service_msgs/environment/library_path.dsv
[1.598s] -- Up-to-date: /home/st/sample/happy_ws/install/service_msgs/lib/libservice_msgs__rosidl_generator_c.so
[1.598s] -- Up-to-date: /home/st/sample/happy_ws/install/service_msgs/include/service_msgs/service_msgs
[1.599s] -- Up-to-date: /home/st/sample/happy_ws/install/service_msgs/include/service_msgs/service_msgs/srv
[1.600s] -- Up-to-date: /home/st/sample/happy_ws/install/service_msgs/include/service_msgs/service_msgs/srv/detail
[1.601s] -- Up-to-date: /home/st/sample/happy_ws/install/service_msgs/include/service_msgs/service_msgs/srv/detail/random_service__rosidl_typesupport_fastrtps_c.h
[1.601s] -- Up-to-date: /home/st/sample/happy_ws/install/service_msgs/include/service_msgs/service_msgs/msg
[1.601s] -- Up-to-date: /home/st/sample/happy_ws/install/service_msgs/include/service_msgs/service_msgs/msg/rosidl_typesupport_fastrtps_c__visibility_control.h
[1.604s] -- Up-to-date: /home/st/sample/happy_ws/install/service_msgs/lib/libservice_msgs__rosidl_typesupport_fastrtps_c.so
[1.605s] -- Up-to-date: /home/st/sample/happy_ws/install/service_msgs/include/service_msgs/service_msgs
[1.606s] -- Up-to-date: /home/st/sample/happy_ws/install/service_msgs/include/service_msgs/service_msgs/srv
[1.607s] -- Up-to-date: /home/st/sample/happy_ws/install/service_msgs/include/service_msgs/service_msgs/srv/detail
[1.610s] -- Up-to-date: /home/st/sample/happy_ws/install/service_msgs/include/service_msgs/service_msgs/srv/detail/random_service__rosidl_typesupport_introspection_c.h
[1.610s] -- Up-to-date: /home/st/sample/happy_ws/install/service_msgs/include/service_msgs/service_msgs/srv/detail/random_service__type_support.c
[1.610s] -- Up-to-date: /home/st/sample/happy_ws/install/service_msgs/include/service_msgs/service_msgs/msg
[1.610s] -- Up-to-date: /home/st/sample/happy_ws/install/service_msgs/include/service_msgs/service_msgs/msg/rosidl_typesupport_introspection_c__visibility_control.h
[1.610s] -- Up-to-date: /home/st/sample/happy_ws/install/service_msgs/lib/libservice_msgs__rosidl_typesupport_introspection_c.so
[1.611s] -- Up-to-date: /home/st/sample/happy_ws/install/service_msgs/lib/libservice_msgs__rosidl_typesupport_c.so
[1.612s] -- Up-to-date: /home/st/sample/happy_ws/install/service_msgs/include/service_msgs/service_msgs
[1.613s] -- Up-to-date: /home/st/sample/happy_ws/install/service_msgs/include/service_msgs/service_msgs/srv
[1.614s] -- Up-to-date: /home/st/sample/happy_ws/install/service_msgs/include/service_msgs/service_msgs/srv/random_service.hpp
[1.615s] -- Up-to-date: /home/st/sample/happy_ws/install/service_msgs/include/service_msgs/service_msgs/srv/detail
[1.615s] -- Up-to-date: /home/st/sample/happy_ws/install/service_msgs/include/service_msgs/service_msgs/srv/detail/random_service__type_support.hpp
[1.616s] -- Up-to-date: /home/st/sample/happy_ws/install/service_msgs/include/service_msgs/service_msgs/srv/detail/random_service__struct.hpp
[1.617s] -- Up-to-date: /home/st/sample/happy_ws/install/service_msgs/include/service_msgs/service_msgs/srv/detail/random_service__traits.hpp
[1.617s] -- Up-to-date: /home/st/sample/happy_ws/install/service_msgs/include/service_msgs/service_msgs/srv/detail/random_service__builder.hpp
[1.617s] -- Up-to-date: /home/st/sample/happy_ws/install/service_msgs/include/service_msgs/service_msgs/msg
[1.618s] -- Up-to-date: /home/st/sample/happy_ws/install/service_msgs/include/service_msgs/service_msgs/msg/rosidl_generator_cpp__visibility_control.hpp
[1.619s] -- Up-to-date: /home/st/sample/happy_ws/install/service_msgs/include/service_msgs/service_msgs
[1.620s] -- Up-to-date: /home/st/sample/happy_ws/install/service_msgs/include/service_msgs/service_msgs/srv
[1.620s] -- Up-to-date: /home/st/sample/happy_ws/install/service_msgs/include/service_msgs/service_msgs/srv/detail
[1.620s] -- Up-to-date: /home/st/sample/happy_ws/install/service_msgs/include/service_msgs/service_msgs/srv/detail/dds_fastrtps
[1.622s] -- Up-to-date: /home/st/sample/happy_ws/install/service_msgs/include/service_msgs/service_msgs/srv/detail/random_service__rosidl_typesupport_fastrtps_cpp.hpp
[1.622s] -- Up-to-date: /home/st/sample/happy_ws/install/service_msgs/include/service_msgs/service_msgs/msg
[1.622s] -- Up-to-date: /home/st/sample/happy_ws/install/service_msgs/include/service_msgs/service_msgs/msg/rosidl_typesupport_fastrtps_cpp__visibility_control.h
[1.623s] -- Up-to-date: /home/st/sample/happy_ws/install/service_msgs/lib/libservice_msgs__rosidl_typesupport_fastrtps_cpp.so
[1.626s] -- Up-to-date: /home/st/sample/happy_ws/install/service_msgs/include/service_msgs/service_msgs
[1.627s] -- Up-to-date: /home/st/sample/happy_ws/install/service_msgs/include/service_msgs/service_msgs/srv
[1.628s] -- Up-to-date: /home/st/sample/happy_ws/install/service_msgs/include/service_msgs/service_msgs/srv/detail
[1.630s] -- Up-to-date: /home/st/sample/happy_ws/install/service_msgs/include/service_msgs/service_msgs/srv/detail/random_service__rosidl_typesupport_introspection_cpp.hpp
[1.630s] -- Up-to-date: /home/st/sample/happy_ws/install/service_msgs/include/service_msgs/service_msgs/srv/detail/random_service__type_support.cpp
[1.630s] -- Up-to-date: /home/st/sample/happy_ws/install/service_msgs/lib/libservice_msgs__rosidl_typesupport_introspection_cpp.so
[1.633s] -- Up-to-date: /home/st/sample/happy_ws/install/service_msgs/lib/libservice_msgs__rosidl_typesupport_cpp.so
[1.634s] -- Up-to-date: /home/st/sample/happy_ws/install/service_msgs/share/service_msgs/environment/pythonpath.sh
[1.635s] -- Up-to-date: /home/st/sample/happy_ws/install/service_msgs/share/service_msgs/environment/pythonpath.dsv
[1.637s] -- Up-to-date: /home/st/sample/happy_ws/install/service_msgs/local/lib/python3.10/dist-packages/service_msgs-0.0.0-py3.10.egg-info
[1.637s] -- Installing: /home/st/sample/happy_ws/install/service_msgs/local/lib/python3.10/dist-packages/service_msgs-0.0.0-py3.10.egg-info/SOURCES.txt
[1.638s] -- Installing: /home/st/sample/happy_ws/install/service_msgs/local/lib/python3.10/dist-packages/service_msgs-0.0.0-py3.10.egg-info/top_level.txt
[1.638s] -- Installing: /home/st/sample/happy_ws/install/service_msgs/local/lib/python3.10/dist-packages/service_msgs-0.0.0-py3.10.egg-info/PKG-INFO
[1.638s] -- Installing: /home/st/sample/happy_ws/install/service_msgs/local/lib/python3.10/dist-packages/service_msgs-0.0.0-py3.10.egg-info/dependency_links.txt
[1.639s] -- Up-to-date: /home/st/sample/happy_ws/install/service_msgs/local/lib/python3.10/dist-packages/service_msgs
[1.640s] -- Up-to-date: /home/st/sample/happy_ws/install/service_msgs/local/lib/python3.10/dist-packages/service_msgs/libservice_msgs__rosidl_generator_py.so
[1.640s] -- Up-to-date: /home/st/sample/happy_ws/install/service_msgs/local/lib/python3.10/dist-packages/service_msgs/service_msgs_s__rosidl_typesupport_fastrtps_c.cpython-310-x86_64-linux-gnu.so
[1.641s] -- Up-to-date: /home/st/sample/happy_ws/install/service_msgs/local/lib/python3.10/dist-packages/service_msgs/_service_msgs_s.ep.rosidl_typesupport_introspection_c.c
[1.641s] -- Up-to-date: /home/st/sample/happy_ws/install/service_msgs/local/lib/python3.10/dist-packages/service_msgs/srv
[1.642s] -- Up-to-date: /home/st/sample/happy_ws/install/service_msgs/local/lib/python3.10/dist-packages/service_msgs/srv/__init__.py
[1.645s] -- Up-to-date: /home/st/sample/happy_ws/install/service_msgs/local/lib/python3.10/dist-packages/service_msgs/srv/_random_service.py
[1.645s] -- Up-to-date: /home/st/sample/happy_ws/install/service_msgs/local/lib/python3.10/dist-packages/service_msgs/srv/_random_service_s.c
[1.645s] -- Up-to-date: /home/st/sample/happy_ws/install/service_msgs/local/lib/python3.10/dist-packages/service_msgs/__init__.py
[1.646s] -- Up-to-date: /home/st/sample/happy_ws/install/service_msgs/local/lib/python3.10/dist-packages/service_msgs/service_msgs_s__rosidl_typesupport_c.cpython-310-x86_64-linux-gnu.so
[1.646s] -- Up-to-date: /home/st/sample/happy_ws/install/service_msgs/local/lib/python3.10/dist-packages/service_msgs/_service_msgs_s.ep.rosidl_typesupport_c.c
[1.646s] -- Up-to-date: /home/st/sample/happy_ws/install/service_msgs/local/lib/python3.10/dist-packages/service_msgs/service_msgs_s__rosidl_typesupport_introspection_c.cpython-310-x86_64-linux-gnu.so
[1.646s] -- Up-to-date: /home/st/sample/happy_ws/install/service_msgs/local/lib/python3.10/dist-packages/service_msgs/_service_msgs_s.ep.rosidl_typesupport_fastrtps_c.c
[1.768s] Listing '/home/st/sample/happy_ws/install/service_msgs/local/lib/python3.10/dist-packages/service_msgs'...
[1.768s] Listing '/home/st/sample/happy_ws/install/service_msgs/local/lib/python3.10/dist-packages/service_msgs/srv'...
[1.781s] -- Up-to-date: /home/st/sample/happy_ws/install/service_msgs/local/lib/python3.10/dist-packages/service_msgs/service_msgs_s__rosidl_typesupport_fastrtps_c.cpython-310-x86_64-linux-gnu.so
[1.785s] -- Up-to-date: /home/st/sample/happy_ws/install/service_msgs/local/lib/python3.10/dist-packages/service_msgs/service_msgs_s__rosidl_typesupport_introspection_c.cpython-310-x86_64-linux-gnu.so
[1.787s] -- Up-to-date: /home/st/sample/happy_ws/install/service_msgs/local/lib/python3.10/dist-packages/service_msgs/service_msgs_s__rosidl_typesupport_c.cpython-310-x86_64-linux-gnu.so
[1.789s] -- Up-to-date: /home/st/sample/happy_ws/install/service_msgs/lib/libservice_msgs__rosidl_generator_py.so
[1.790s] -- Up-to-date: /home/st/sample/happy_ws/install/service_msgs/share/service_msgs/srv/RandomService.idl
[1.790s] -- Up-to-date: /home/st/sample/happy_ws/install/service_msgs/share/service_msgs/srv/RandomService.srv
[1.791s] -- Up-to-date: /home/st/sample/happy_ws/install/service_msgs/share/service_msgs/srv/RandomService_Request.msg
[1.791s] -- Up-to-date: /home/st/sample/happy_ws/install/service_msgs/share/service_msgs/srv/RandomService_Response.msg
[1.791s] -- Up-to-date: /home/st/sample/happy_ws/install/service_msgs/share/ament_index/resource_index/package_run_dependencies/service_msgs
[1.791s] -- Up-to-date: /home/st/sample/happy_ws/install/service_msgs/share/ament_index/resource_index/parent_prefix_path/service_msgs
[1.793s] -- Up-to-date: /home/st/sample/happy_ws/install/service_msgs/share/service_msgs/environment/ament_prefix_path.sh
[1.796s] -- Up-to-date: /home/st/sample/happy_ws/install/service_msgs/share/service_msgs/environment/ament_prefix_path.dsv
[1.796s] -- Up-to-date: /home/st/sample/happy_ws/install/service_msgs/share/service_msgs/environment/path.sh
[1.796s] -- Up-to-date: /home/st/sample/happy_ws/install/service_msgs/share/service_msgs/environment/path.dsv
[1.796s] -- Up-to-date: /home/st/sample/happy_ws/install/service_msgs/share/service_msgs/local_setup.bash
[1.797s] -- Up-to-date: /home/st/sample/happy_ws/install/service_msgs/share/service_msgs/local_setup.sh
[1.797s] -- Up-to-date: /home/st/sample/happy_ws/install/service_msgs/share/service_msgs/local_setup.zsh
[1.798s] -- Up-to-date: /home/st/sample/happy_ws/install/service_msgs/share/service_msgs/local_setup.dsv
[1.800s] -- Installing: /home/st/sample/happy_ws/install/service_msgs/share/service_msgs/package.dsv
[1.800s] -- Up-to-date: /home/st/sample/happy_ws/install/service_msgs/share/ament_index/resource_index/packages/service_msgs
[1.801s] -- Up-to-date: /home/st/sample/happy_ws/install/service_msgs/share/service_msgs/cmake/export_service_msgs__rosidl_generator_cExport.cmake
[1.802s] -- Up-to-date: /home/st/sample/happy_ws/install/service_msgs/share/service_msgs/cmake/export_service_msgs__rosidl_generator_cExport-noconfig.cmake
[1.802s] -- Up-to-date: /home/st/sample/happy_ws/install/service_msgs/share/service_msgs/cmake/export_service_msgs__rosidl_typesupport_fastrtps_cExport.cmake
[1.802s] -- Up-to-date: /home/st/sample/happy_ws/install/service_msgs/share/service_msgs/cmake/export_service_msgs__rosidl_typesupport_fastrtps_cExport-noconfig.cmake
[1.802s] -- Up-to-date: /home/st/sample/happy_ws/install/service_msgs/share/service_msgs/cmake/service_msgs__rosidl_typesupport_introspection_cExport.cmake
[1.802s] -- Up-to-date: /home/st/sample/happy_ws/install/service_msgs/share/service_msgs/cmake/service_msgs__rosidl_typesupport_introspection_cExport-noconfig.cmake
[1.802s] -- Up-to-date: /home/st/sample/happy_ws/install/service_msgs/share/service_msgs/cmake/service_msgs__rosidl_typesupport_cExport.cmake
[1.802s] -- Up-to-date: /home/st/sample/happy_ws/install/service_msgs/share/service_msgs/cmake/service_msgs__rosidl_typesupport_cExport-noconfig.cmake
[1.802s] -- Up-to-date: /home/st/sample/happy_ws/install/service_msgs/share/service_msgs/cmake/export_service_msgs__rosidl_generator_cppExport.cmake
[1.803s] -- Up-to-date: /home/st/sample/happy_ws/install/service_msgs/share/service_msgs/cmake/export_service_msgs__rosidl_typesupport_fastrtps_cppExport.cmake
[1.803s] -- Up-to-date: /home/st/sample/happy_ws/install/service_msgs/share/service_msgs/cmake/export_service_msgs__rosidl_typesupport_fastrtps_cppExport-noconfig.cmake
[1.803s] -- Up-to-date: /home/st/sample/happy_ws/install/service_msgs/share/service_msgs/cmake/service_msgs__rosidl_typesupport_introspection_cppExport.cmake
[1.805s] -- Up-to-date: /home/st/sample/happy_ws/install/service_msgs/share/service_msgs/cmake/service_msgs__rosidl_typesupport_introspection_cppExport-noconfig.cmake
[1.806s] -- Up-to-date: /home/st/sample/happy_ws/install/service_msgs/share/service_msgs/cmake/service_msgs__rosidl_typesupport_cppExport.cmake
[1.806s] -- Up-to-date: /home/st/sample/happy_ws/install/service_msgs/share/service_msgs/cmake/service_msgs__rosidl_typesupport_cppExport-noconfig.cmake
[1.806s] -- Up-to-date: /home/st/sample/happy_ws/install/service_msgs/share/service_msgs/cmake/export_service_msgs__rosidl_generator_pyExport.cmake
[1.809s] -- Up-to-date: /home/st/sample/happy_ws/install/service_msgs/share/service_msgs/cmake/export_service_msgs__rosidl_generator_pyExport-noconfig.cmake
[1.811s] -- Up-to-date: /home/st/sample/happy_ws/install/service_msgs/share/service_msgs/cmake/rosidl_cmake-extras.cmake
[1.812s] -- Up-to-date: /home/st/sample/happy_ws/install/service_msgs/share/service_msgs/cmake/ament_cmake_export_include_directories-extras.cmake
[1.812s] -- Up-to-date: /home/st/sample/happy_ws/install/service_msgs/share/service_msgs/cmake/ament_cmake_export_libraries-extras.cmake
[1.813s] -- Up-to-date: /home/st/sample/happy_ws/install/service_msgs/share/service_msgs/cmake/ament_cmake_export_targets-extras.cmake
[1.813s] -- Up-to-date: /home/st/sample/happy_ws/install/service_msgs/share/service_msgs/cmake/rosidl_cmake_export_typesupport_targets-extras.cmake
[1.820s] -- Up-to-date: /home/st/sample/happy_ws/install/service_msgs/share/service_msgs/cmake/ament_cmake_export_dependencies-extras.cmake
[1.820s] -- Up-to-date: /home/st/sample/happy_ws/install/service_msgs/share/service_msgs/cmake/rosidl_cmake_export_typesupport_libraries-extras.cmake
[1.820s] -- Up-to-date: /home/st/sample/happy_ws/install/service_msgs/share/service_msgs/cmake/service_msgsConfig.cmake
[1.820s] -- Up-to-date: /home/st/sample/happy_ws/install/service_msgs/share/service_msgs/cmake/service_msgsConfig-version.cmake
[1.821s] -- Up-to-date: /home/st/sample/happy_ws/install/service_msgs/share/service_msgs/package.xml
[1.821s] Invoked command in '/home/st/sample/happy_ws/build/service_msgs' returned '0': CMAKE_PREFIX_PATH=${CMAKE_PREFIX_PATH}:/home/st/sample/happy_ws/install/service:/home/st/sample/happy_ws/install/random_number:/opt/ros/humble /usr/bin/cmake --install /home/st/sample/happy_ws/build/service_msgs
