[2.498s] Invoking command in '/home/st/sample/happy_ws/src/service': PYTHONPATH=/home/st/sample/happy_ws/build/service/prefix_override:/usr/lib/python3/dist-packages/colcon_core/task/python/colcon_distutils_commands:/home/st/sample/happy_ws/install/service/lib/python3.10/site-packages:${PYTHONPATH} /usr/bin/python3 -W ignore:setup.py install is deprecated -W ignore:easy_install command is deprecated setup.py egg_info --egg-base ../../build/service build --build-base /home/st/sample/happy_ws/build/service/build install --record /home/st/sample/happy_ws/build/service/install.log --single-version-externally-managed install_data
[3.320s] running egg_info
[3.324s] writing ../../build/service/service.egg-info/PKG-INFO
[3.325s] writing dependency_links to ../../build/service/service.egg-info/dependency_links.txt
[3.329s] writing entry points to ../../build/service/service.egg-info/entry_points.txt
[3.330s] writing requirements to ../../build/service/service.egg-info/requires.txt
[3.330s] writing top-level names to ../../build/service/service.egg-info/top_level.txt
[3.337s] reading manifest file '../../build/service/service.egg-info/SOURCES.txt'
[3.341s] writing manifest file '../../build/service/service.egg-info/SOURCES.txt'
[3.344s] running build
[3.344s] running build_py
[3.348s] copying service/client.py -> /home/st/sample/happy_ws/build/service/build/lib/service
[3.349s] copying service/server.py -> /home/st/sample/happy_ws/build/service/build/lib/service
[3.350s] running install
[3.351s] running install_lib
[3.355s] copying /home/st/sample/happy_ws/build/service/build/lib/service/client.py -> /home/st/sample/happy_ws/install/service/lib/python3.10/site-packages/service
[3.357s] copying /home/st/sample/happy_ws/build/service/build/lib/service/server.py -> /home/st/sample/happy_ws/install/service/lib/python3.10/site-packages/service
[3.365s] byte-compiling /home/st/sample/happy_ws/install/service/lib/python3.10/site-packages/service/client.py to client.cpython-310.pyc
[3.367s] byte-compiling /home/st/sample/happy_ws/install/service/lib/python3.10/site-packages/service/server.py to server.cpython-310.pyc
[3.368s] Sorry: IndentationError: expected an indented block after function definition on line 18 (server.py, line 20)
[3.373s] running install_data
[3.373s] running install_egg_info
[3.379s] removing '/home/st/sample/happy_ws/install/service/lib/python3.10/site-packages/service-0.0.0-py3.10.egg-info' (and everything under it)
[3.387s] Copying ../../build/service/service.egg-info to /home/st/sample/happy_ws/install/service/lib/python3.10/site-packages/service-0.0.0-py3.10.egg-info
[3.393s] running install_scripts
[3.470s] Installing server = service.server:mainclient script to /home/st/sample/happy_ws/install/service/lib/service
[3.473s] writing list of installed files to '/home/st/sample/happy_ws/build/service/install.log'
[3.553s] Invoked command in '/home/st/sample/happy_ws/src/service' returned '0': PYTHONPATH=/home/st/sample/happy_ws/build/service/prefix_override:/usr/lib/python3/dist-packages/colcon_core/task/python/colcon_distutils_commands:/home/st/sample/happy_ws/install/service/lib/python3.10/site-packages:${PYTHONPATH} /usr/bin/python3 -W ignore:setup.py install is deprecated -W ignore:easy_install command is deprecated setup.py egg_info --egg-base ../../build/service build --build-base /home/st/sample/happy_ws/build/service/build install --record /home/st/sample/happy_ws/build/service/install.log --single-version-externally-managed install_data
