[2.479s] Invoking command in '/home/st/sample/happy_ws/src/service': PYTHONPATH=/home/st/sample/happy_ws/build/service/prefix_override:/usr/lib/python3/dist-packages/colcon_core/task/python/colcon_distutils_commands:/home/st/sample/happy_ws/install/service/lib/python3.10/site-packages:${PYTHONPATH} /usr/bin/python3 -W ignore:setup.py install is deprecated -W ignore:easy_install command is deprecated setup.py egg_info --egg-base ../../build/service build --build-base /home/st/sample/happy_ws/build/service/build install --record /home/st/sample/happy_ws/build/service/install.log --single-version-externally-managed install_data
[3.240s] running egg_info
[3.244s] writing ../../build/service/service.egg-info/PKG-INFO
[3.244s] writing dependency_links to ../../build/service/service.egg-info/dependency_links.txt
[3.244s] writing entry points to ../../build/service/service.egg-info/entry_points.txt
[3.245s] writing requirements to ../../build/service/service.egg-info/requires.txt
[3.246s] writing top-level names to ../../build/service/service.egg-info/top_level.txt
[3.255s] reading manifest file '../../build/service/service.egg-info/SOURCES.txt'
[3.257s] writing manifest file '../../build/service/service.egg-info/SOURCES.txt'
[3.259s] running build
[3.259s] running build_py
[3.263s] copying service/server.py -> /home/st/sample/happy_ws/build/service/build/lib/service
[3.264s] running install
[3.264s] running install_lib
[3.268s] copying /home/st/sample/happy_ws/build/service/build/lib/service/server.py -> /home/st/sample/happy_ws/install/service/lib/python3.10/site-packages/service
[3.269s] byte-compiling /home/st/sample/happy_ws/install/service/lib/python3.10/site-packages/service/server.py to server.cpython-310.pyc
[3.270s] running install_data
[3.274s] running install_egg_info
[3.276s] removing '/home/st/sample/happy_ws/install/service/lib/python3.10/site-packages/service-0.0.0-py3.10.egg-info' (and everything under it)
[3.278s] Copying ../../build/service/service.egg-info to /home/st/sample/happy_ws/install/service/lib/python3.10/site-packages/service-0.0.0-py3.10.egg-info
[3.281s] running install_scripts
[3.338s] Installing client script to /home/st/sample/happy_ws/install/service/lib/service
[3.343s] Installing server script to /home/st/sample/happy_ws/install/service/lib/service
[3.343s] writing list of installed files to '/home/st/sample/happy_ws/build/service/install.log'
[3.397s] Invoked command in '/home/st/sample/happy_ws/src/service' returned '0': PYTHONPATH=/home/st/sample/happy_ws/build/service/prefix_override:/usr/lib/python3/dist-packages/colcon_core/task/python/colcon_distutils_commands:/home/st/sample/happy_ws/install/service/lib/python3.10/site-packages:${PYTHONPATH} /usr/bin/python3 -W ignore:setup.py install is deprecated -W ignore:easy_install command is deprecated setup.py egg_info --egg-base ../../build/service build --build-base /home/st/sample/happy_ws/build/service/build install --record /home/st/sample/happy_ws/build/service/install.log --single-version-externally-managed install_data
