[3.378s] Invoking command in '/home/st/sample/happy_ws/src/service': PYTHONPATH=/home/st/sample/happy_ws/build/service/prefix_override:/usr/lib/python3/dist-packages/colcon_core/task/python/colcon_distutils_commands:/home/st/sample/happy_ws/install/service/lib/python3.10/site-packages:${PYTHONPATH} /usr/bin/python3 -W ignore:setup.py install is deprecated -W ignore:easy_install command is deprecated setup.py egg_info --egg-base ../../build/service build --build-base /home/st/sample/happy_ws/build/service/build install --record /home/st/sample/happy_ws/build/service/install.log --single-version-externally-managed install_data
[4.215s] running egg_info
[4.219s] writing ../../build/service/service.egg-info/PKG-INFO
[4.221s] writing dependency_links to ../../build/service/service.egg-info/dependency_links.txt
[4.226s] writing entry points to ../../build/service/service.egg-info/entry_points.txt
[4.226s] writing requirements to ../../build/service/service.egg-info/requires.txt
[4.226s] writing top-level names to ../../build/service/service.egg-info/top_level.txt
[4.237s] reading manifest file '../../build/service/service.egg-info/SOURCES.txt'
[4.246s] writing manifest file '../../build/service/service.egg-info/SOURCES.txt'
[4.247s] running build
[4.247s] running build_py
[4.251s] running install
[4.252s] running install_lib
[4.261s] running install_data
[4.261s] running install_egg_info
[4.277s] removing '/home/st/sample/happy_ws/install/service/lib/python3.10/site-packages/service-0.0.0-py3.10.egg-info' (and everything under it)
[4.278s] Copying ../../build/service/service.egg-info to /home/st/sample/happy_ws/install/service/lib/python3.10/site-packages/service-0.0.0-py3.10.egg-info
[4.289s] running install_scripts
[4.358s] Installing server script to /home/st/sample/happy_ws/install/service/lib/service
[4.361s] writing list of installed files to '/home/st/sample/happy_ws/build/service/install.log'
[4.442s] Invoked command in '/home/st/sample/happy_ws/src/service' returned '0': PYTHONPATH=/home/st/sample/happy_ws/build/service/prefix_override:/usr/lib/python3/dist-packages/colcon_core/task/python/colcon_distutils_commands:/home/st/sample/happy_ws/install/service/lib/python3.10/site-packages:${PYTHONPATH} /usr/bin/python3 -W ignore:setup.py install is deprecated -W ignore:easy_install command is deprecated setup.py egg_info --egg-base ../../build/service build --build-base /home/st/sample/happy_ws/build/service/build install --record /home/st/sample/happy_ws/build/service/install.log --single-version-externally-managed install_data
