[0.542s] Invoking command in '/home/st/sample/happy_ws/src/service': PYTHONPATH=/home/st/sample/happy_ws/build/service/prefix_override:/usr/lib/python3/dist-packages/colcon_core/task/python/colcon_distutils_commands:/home/st/sample/happy_ws/install/service/lib/python3.10/site-packages:${PYTHONPATH} /usr/bin/python3 -W ignore:setup.py install is deprecated -W ignore:easy_install command is deprecated setup.py egg_info --egg-base ../../build/service build --build-base /home/st/sample/happy_ws/build/service/build install --record /home/st/sample/happy_ws/build/service/install.log --single-version-externally-managed install_data
[0.687s] running egg_info
[0.687s] writing ../../build/service/service.egg-info/PKG-INFO
[0.687s] writing dependency_links to ../../build/service/service.egg-info/dependency_links.txt
[0.687s] writing entry points to ../../build/service/service.egg-info/entry_points.txt
[0.688s] writing requirements to ../../build/service/service.egg-info/requires.txt
[0.688s] writing top-level names to ../../build/service/service.egg-info/top_level.txt
[0.689s] reading manifest file '../../build/service/service.egg-info/SOURCES.txt'
[0.689s] writing manifest file '../../build/service/service.egg-info/SOURCES.txt'
[0.689s] running build
[0.689s] running build_py
[0.689s] running install
[0.689s] running install_lib
[0.690s] running install_data
[0.690s] running install_egg_info
[0.691s] removing '/home/st/sample/happy_ws/install/service/lib/python3.10/site-packages/service-0.0.0-py3.10.egg-info' (and everything under it)
[0.691s] Copying ../../build/service/service.egg-info to /home/st/sample/happy_ws/install/service/lib/python3.10/site-packages/service-0.0.0-py3.10.egg-info
[0.692s] running install_scripts
[0.705s] Installing client script to /home/st/sample/happy_ws/install/service/lib/service
[0.705s] Installing server script to /home/st/sample/happy_ws/install/service/lib/service
[0.706s] writing list of installed files to '/home/st/sample/happy_ws/build/service/install.log'
[0.722s] Invoked command in '/home/st/sample/happy_ws/src/service' returned '0': PYTHONPATH=/home/st/sample/happy_ws/build/service/prefix_override:/usr/lib/python3/dist-packages/colcon_core/task/python/colcon_distutils_commands:/home/st/sample/happy_ws/install/service/lib/python3.10/site-packages:${PYTHONPATH} /usr/bin/python3 -W ignore:setup.py install is deprecated -W ignore:easy_install command is deprecated setup.py egg_info --egg-base ../../build/service build --build-base /home/st/sample/happy_ws/build/service/build install --record /home/st/sample/happy_ws/build/service/install.log --single-version-externally-managed install_data
