[2.608s] Invoking command in '/home/st/sample/happy_ws/src/service': PYTHONPATH=/home/st/sample/happy_ws/build/service/prefix_override:/usr/lib/python3/dist-packages/colcon_core/task/python/colcon_distutils_commands:/home/st/sample/happy_ws/install/service/lib/python3.10/site-packages:${PYTHONPATH} /usr/bin/python3 -W ignore:setup.py install is deprecated -W ignore:easy_install command is deprecated setup.py egg_info --egg-base ../../build/service build --build-base /home/st/sample/happy_ws/build/service/build install --record /home/st/sample/happy_ws/build/service/install.log --single-version-externally-managed install_data
[4.209s] running egg_info
[4.219s] writing ../../build/service/service.egg-info/PKG-INFO
[4.220s] writing dependency_links to ../../build/service/service.egg-info/dependency_links.txt
[4.224s] writing entry points to ../../build/service/service.egg-info/entry_points.txt
[4.224s] writing requirements to ../../build/service/service.egg-info/requires.txt
[4.225s] writing top-level names to ../../build/service/service.egg-info/top_level.txt
[4.238s] reading manifest file '../../build/service/service.egg-info/SOURCES.txt'
[4.250s] writing manifest file '../../build/service/service.egg-info/SOURCES.txt'
[4.250s] running build
[4.250s] running build_py
[4.255s] copying service/server.py -> /home/st/sample/happy_ws/build/service/build/lib/service
[4.255s] running install
[4.260s] running install_lib
[4.265s] copying /home/st/sample/happy_ws/build/service/build/lib/service/server.py -> /home/st/sample/happy_ws/install/service/lib/python3.10/site-packages/service
[4.275s] byte-compiling /home/st/sample/happy_ws/install/service/lib/python3.10/site-packages/service/server.py to server.cpython-310.pyc
[4.276s] running install_data
[4.278s] running install_egg_info
[4.289s] removing '/home/st/sample/happy_ws/install/service/lib/python3.10/site-packages/service-0.0.0-py3.10.egg-info' (and everything under it)
[4.297s] Copying ../../build/service/service.egg-info to /home/st/sample/happy_ws/install/service/lib/python3.10/site-packages/service-0.0.0-py3.10.egg-info
[4.303s] running install_scripts
[4.448s] Installing client script to /home/st/sample/happy_ws/install/service/lib/service
[4.448s] Installing server script to /home/st/sample/happy_ws/install/service/lib/service
[4.457s] writing list of installed files to '/home/st/sample/happy_ws/build/service/install.log'
[4.564s] Invoked command in '/home/st/sample/happy_ws/src/service' returned '0': PYTHONPATH=/home/st/sample/happy_ws/build/service/prefix_override:/usr/lib/python3/dist-packages/colcon_core/task/python/colcon_distutils_commands:/home/st/sample/happy_ws/install/service/lib/python3.10/site-packages:${PYTHONPATH} /usr/bin/python3 -W ignore:setup.py install is deprecated -W ignore:easy_install command is deprecated setup.py egg_info --egg-base ../../build/service build --build-base /home/st/sample/happy_ws/build/service/build install --record /home/st/sample/happy_ws/build/service/install.log --single-version-externally-managed install_data
