[0.057s] Invoking command in '/home/st/sample/happy_ws/build/service_msgs': CMAKE_PREFIX_PATH=${CMAKE_PREFIX_PATH}:/home/st/sample/happy_ws/install/service:/home/st/sample/happy_ws/install/random_number:/opt/ros/humble /usr/bin/cmake --build /home/st/sample/happy_ws/build/service_msgs -- -j2 -l2
[0.240s] [  9%] Built target service_msgs__cpp
[0.240s] [ 12%] Built target service_msgs__rosidl_generator_c
[0.323s] [ 22%] Built target service_msgs__rosidl_typesupport_introspection_cpp
[0.366s] [ 22%] Built target ament_cmake_python_copy_service_msgs
[0.429s] [ 32%] Built target service_msgs__rosidl_typesupport_cpp
[0.465s] [ 41%] Built target service_msgs__rosidl_typesupport_fastrtps_c
[0.515s] [ 51%] Built target service_msgs__rosidl_typesupport_introspection_c
[0.572s] [ 61%] Built target service_msgs__rosidl_typesupport_c
[0.626s] [ 70%] Built target service_msgs__rosidl_typesupport_fastrtps_cpp
[0.711s] [ 70%] Built target service_msgs
[0.799s] [ 74%] Built target service_msgs__py
[0.881s] [ 80%] Built target service_msgs__rosidl_generator_py
[0.969s] [ 87%] Built target service_msgs__rosidl_typesupport_fastrtps_c__pyext
[1.079s] [ 93%] Built target service_msgs__rosidl_typesupport_introspection_c__pyext
[1.182s] [100%] Built target service_msgs__rosidl_typesupport_c__pyext
[1.433s] running egg_info
[1.434s] writing service_msgs.egg-info/PKG-INFO
[1.437s] writing dependency_links to service_msgs.egg-info/dependency_links.txt
[1.440s] writing top-level names to service_msgs.egg-info/top_level.txt
[1.445s] reading manifest file 'service_msgs.egg-info/SOURCES.txt'
[1.447s] writing manifest file 'service_msgs.egg-info/SOURCES.txt'
[1.530s] [100%] Built target ament_cmake_python_build_service_msgs_egg
[1.586s] Invoked command in '/home/st/sample/happy_ws/build/service_msgs' returned '0': CMAKE_PREFIX_PATH=${CMAKE_PREFIX_PATH}:/home/st/sample/happy_ws/install/service:/home/st/sample/happy_ws/install/random_number:/opt/ros/humble /usr/bin/cmake --build /home/st/sample/happy_ws/build/service_msgs -- -j2 -l2
[1.669s] Invoking command in '/home/st/sample/happy_ws/build/service_msgs': CMAKE_PREFIX_PATH=${CMAKE_PREFIX_PATH}:/home/st/sample/happy_ws/install/service:/home/st/sample/happy_ws/install/random_number:/opt/ros/humble /usr/bin/cmake --install /home/st/sample/happy_ws/build/service_msgs
[1.697s] -- Install configuration: ""
[1.699s] -- Up-to-date: /home/st/sample/happy_ws/install/service_msgs/share/ament_index/resource_index/rosidl_interfaces/service_msgs
[1.700s] -- Up-to-date: /home/st/sample/happy_ws/install/service_msgs/include/service_msgs/service_msgs
[1.700s] -- Up-to-date: /home/st/sample/happy_ws/install/service_msgs/include/service_msgs/service_msgs/srv
[1.701s] -- Up-to-date: /home/st/sample/happy_ws/install/service_msgs/include/service_msgs/service_msgs/srv/random_service.h
[1.702s] -- Up-to-date: /home/st/sample/happy_ws/install/service_msgs/include/service_msgs/service_msgs/srv/detail
[1.702s] -- Up-to-date: /home/st/sample/happy_ws/install/service_msgs/include/service_msgs/service_msgs/srv/detail/random_service__struct.h
[1.702s] -- Up-to-date: /home/st/sample/happy_ws/install/service_msgs/include/service_msgs/service_msgs/srv/detail/random_service__functions.h
[1.702s] -- Up-to-date: /home/st/sample/happy_ws/install/service_msgs/include/service_msgs/service_msgs/srv/detail/random_service__type_support.h
[1.703s] -- Up-to-date: /home/st/sample/happy_ws/install/service_msgs/include/service_msgs/service_msgs/srv/detail/random_service__functions.c
[1.703s] -- Up-to-date: /home/st/sample/happy_ws/install/service_msgs/include/service_msgs/service_msgs/msg
[1.705s] -- Up-to-date: /home/st/sample/happy_ws/install/service_msgs/include/service_msgs/service_msgs/msg/rosidl_generator_c__visibility_control.h
[1.706s] -- Up-to-date: /home/st/sample/happy_ws/install/service_msgs/share/service_msgs/environment/library_path.sh
[1.706s] -- Up-to-date: /home/st/sample/happy_ws/install/service_msgs/share/service_msgs/environment/library_path.dsv
[1.706s] -- Up-to-date: /home/st/sample/happy_ws/install/service_msgs/lib/libservice_msgs__rosidl_generator_c.so
[1.706s] -- Up-to-date: /home/st/sample/happy_ws/install/service_msgs/include/service_msgs/service_msgs
[1.707s] -- Up-to-date: /home/st/sample/happy_ws/install/service_msgs/include/service_msgs/service_msgs/srv
[1.707s] -- Up-to-date: /home/st/sample/happy_ws/install/service_msgs/include/service_msgs/service_msgs/srv/detail
[1.707s] -- Up-to-date: /home/st/sample/happy_ws/install/service_msgs/include/service_msgs/service_msgs/srv/detail/random_service__rosidl_typesupport_fastrtps_c.h
[1.707s] -- Up-to-date: /home/st/sample/happy_ws/install/service_msgs/include/service_msgs/service_msgs/msg
[1.707s] -- Up-to-date: /home/st/sample/happy_ws/install/service_msgs/include/service_msgs/service_msgs/msg/rosidl_typesupport_fastrtps_c__visibility_control.h
[1.708s] -- Up-to-date: /home/st/sample/happy_ws/install/service_msgs/lib/libservice_msgs__rosidl_typesupport_fastrtps_c.so
[1.712s] -- Up-to-date: /home/st/sample/happy_ws/install/service_msgs/include/service_msgs/service_msgs
[1.713s] -- Up-to-date: /home/st/sample/happy_ws/install/service_msgs/include/service_msgs/service_msgs/srv
[1.713s] -- Up-to-date: /home/st/sample/happy_ws/install/service_msgs/include/service_msgs/service_msgs/srv/detail
[1.713s] -- Up-to-date: /home/st/sample/happy_ws/install/service_msgs/include/service_msgs/service_msgs/srv/detail/random_service__rosidl_typesupport_introspection_c.h
[1.713s] -- Up-to-date: /home/st/sample/happy_ws/install/service_msgs/include/service_msgs/service_msgs/srv/detail/random_service__type_support.c
[1.713s] -- Up-to-date: /home/st/sample/happy_ws/install/service_msgs/include/service_msgs/service_msgs/msg
[1.713s] -- Up-to-date: /home/st/sample/happy_ws/install/service_msgs/include/service_msgs/service_msgs/msg/rosidl_typesupport_introspection_c__visibility_control.h
[1.713s] -- Up-to-date: /home/st/sample/happy_ws/install/service_msgs/lib/libservice_msgs__rosidl_typesupport_introspection_c.so
[1.714s] -- Up-to-date: /home/st/sample/happy_ws/install/service_msgs/lib/libservice_msgs__rosidl_typesupport_c.so
[1.715s] -- Up-to-date: /home/st/sample/happy_ws/install/service_msgs/include/service_msgs/service_msgs
[1.715s] -- Up-to-date: /home/st/sample/happy_ws/install/service_msgs/include/service_msgs/service_msgs/srv
[1.717s] -- Up-to-date: /home/st/sample/happy_ws/install/service_msgs/include/service_msgs/service_msgs/srv/random_service.hpp
[1.717s] -- Up-to-date: /home/st/sample/happy_ws/install/service_msgs/include/service_msgs/service_msgs/srv/detail
[1.718s] -- Up-to-date: /home/st/sample/happy_ws/install/service_msgs/include/service_msgs/service_msgs/srv/detail/random_service__type_support.hpp
[1.718s] -- Up-to-date: /home/st/sample/happy_ws/install/service_msgs/include/service_msgs/service_msgs/srv/detail/random_service__struct.hpp
[1.718s] -- Up-to-date: /home/st/sample/happy_ws/install/service_msgs/include/service_msgs/service_msgs/srv/detail/random_service__traits.hpp
[1.718s] -- Up-to-date: /home/st/sample/happy_ws/install/service_msgs/include/service_msgs/service_msgs/srv/detail/random_service__builder.hpp
[1.718s] -- Up-to-date: /home/st/sample/happy_ws/install/service_msgs/include/service_msgs/service_msgs/msg
[1.719s] -- Up-to-date: /home/st/sample/happy_ws/install/service_msgs/include/service_msgs/service_msgs/msg/rosidl_generator_cpp__visibility_control.hpp
[1.719s] -- Up-to-date: /home/st/sample/happy_ws/install/service_msgs/include/service_msgs/service_msgs
[1.721s] -- Up-to-date: /home/st/sample/happy_ws/install/service_msgs/include/service_msgs/service_msgs/srv
[1.721s] -- Up-to-date: /home/st/sample/happy_ws/install/service_msgs/include/service_msgs/service_msgs/srv/detail
[1.722s] -- Up-to-date: /home/st/sample/happy_ws/install/service_msgs/include/service_msgs/service_msgs/srv/detail/dds_fastrtps
[1.722s] -- Up-to-date: /home/st/sample/happy_ws/install/service_msgs/include/service_msgs/service_msgs/srv/detail/random_service__rosidl_typesupport_fastrtps_cpp.hpp
[1.722s] -- Up-to-date: /home/st/sample/happy_ws/install/service_msgs/include/service_msgs/service_msgs/msg
[1.722s] -- Up-to-date: /home/st/sample/happy_ws/install/service_msgs/include/service_msgs/service_msgs/msg/rosidl_typesupport_fastrtps_cpp__visibility_control.h
[1.722s] -- Up-to-date: /home/st/sample/happy_ws/install/service_msgs/lib/libservice_msgs__rosidl_typesupport_fastrtps_cpp.so
[1.725s] -- Up-to-date: /home/st/sample/happy_ws/install/service_msgs/include/service_msgs/service_msgs
[1.725s] -- Up-to-date: /home/st/sample/happy_ws/install/service_msgs/include/service_msgs/service_msgs/srv
[1.725s] -- Up-to-date: /home/st/sample/happy_ws/install/service_msgs/include/service_msgs/service_msgs/srv/detail
[1.725s] -- Up-to-date: /home/st/sample/happy_ws/install/service_msgs/include/service_msgs/service_msgs/srv/detail/random_service__rosidl_typesupport_introspection_cpp.hpp
[1.726s] -- Up-to-date: /home/st/sample/happy_ws/install/service_msgs/include/service_msgs/service_msgs/srv/detail/random_service__type_support.cpp
[1.726s] -- Up-to-date: /home/st/sample/happy_ws/install/service_msgs/lib/libservice_msgs__rosidl_typesupport_introspection_cpp.so
[1.726s] -- Up-to-date: /home/st/sample/happy_ws/install/service_msgs/lib/libservice_msgs__rosidl_typesupport_cpp.so
[1.726s] -- Up-to-date: /home/st/sample/happy_ws/install/service_msgs/share/service_msgs/environment/pythonpath.sh
[1.726s] -- Up-to-date: /home/st/sample/happy_ws/install/service_msgs/share/service_msgs/environment/pythonpath.dsv
[1.727s] -- Up-to-date: /home/st/sample/happy_ws/install/service_msgs/local/lib/python3.10/dist-packages/service_msgs-0.0.0-py3.10.egg-info
[1.727s] -- Installing: /home/st/sample/happy_ws/install/service_msgs/local/lib/python3.10/dist-packages/service_msgs-0.0.0-py3.10.egg-info/SOURCES.txt
[1.727s] -- Installing: /home/st/sample/happy_ws/install/service_msgs/local/lib/python3.10/dist-packages/service_msgs-0.0.0-py3.10.egg-info/top_level.txt
[1.727s] -- Installing: /home/st/sample/happy_ws/install/service_msgs/local/lib/python3.10/dist-packages/service_msgs-0.0.0-py3.10.egg-info/PKG-INFO
[1.727s] -- Installing: /home/st/sample/happy_ws/install/service_msgs/local/lib/python3.10/dist-packages/service_msgs-0.0.0-py3.10.egg-info/dependency_links.txt
[1.727s] -- Up-to-date: /home/st/sample/happy_ws/install/service_msgs/local/lib/python3.10/dist-packages/service_msgs
[1.728s] -- Up-to-date: /home/st/sample/happy_ws/install/service_msgs/local/lib/python3.10/dist-packages/service_msgs/libservice_msgs__rosidl_generator_py.so
[1.728s] -- Up-to-date: /home/st/sample/happy_ws/install/service_msgs/local/lib/python3.10/dist-packages/service_msgs/service_msgs_s__rosidl_typesupport_fastrtps_c.cpython-310-x86_64-linux-gnu.so
[1.730s] -- Up-to-date: /home/st/sample/happy_ws/install/service_msgs/local/lib/python3.10/dist-packages/service_msgs/_service_msgs_s.ep.rosidl_typesupport_introspection_c.c
[1.730s] -- Up-to-date: /home/st/sample/happy_ws/install/service_msgs/local/lib/python3.10/dist-packages/service_msgs/srv
[1.731s] -- Up-to-date: /home/st/sample/happy_ws/install/service_msgs/local/lib/python3.10/dist-packages/service_msgs/srv/__init__.py
[1.731s] -- Up-to-date: /home/st/sample/happy_ws/install/service_msgs/local/lib/python3.10/dist-packages/service_msgs/srv/_random_service.py
[1.731s] -- Up-to-date: /home/st/sample/happy_ws/install/service_msgs/local/lib/python3.10/dist-packages/service_msgs/srv/_random_service_s.c
[1.731s] -- Up-to-date: /home/st/sample/happy_ws/install/service_msgs/local/lib/python3.10/dist-packages/service_msgs/__init__.py
[1.731s] -- Up-to-date: /home/st/sample/happy_ws/install/service_msgs/local/lib/python3.10/dist-packages/service_msgs/service_msgs_s__rosidl_typesupport_c.cpython-310-x86_64-linux-gnu.so
[1.731s] -- Up-to-date: /home/st/sample/happy_ws/install/service_msgs/local/lib/python3.10/dist-packages/service_msgs/_service_msgs_s.ep.rosidl_typesupport_c.c
[1.732s] -- Up-to-date: /home/st/sample/happy_ws/install/service_msgs/local/lib/python3.10/dist-packages/service_msgs/service_msgs_s__rosidl_typesupport_introspection_c.cpython-310-x86_64-linux-gnu.so
[1.732s] -- Up-to-date: /home/st/sample/happy_ws/install/service_msgs/local/lib/python3.10/dist-packages/service_msgs/_service_msgs_s.ep.rosidl_typesupport_fastrtps_c.c
[1.840s] Listing '/home/st/sample/happy_ws/install/service_msgs/local/lib/python3.10/dist-packages/service_msgs'...
[1.840s] Listing '/home/st/sample/happy_ws/install/service_msgs/local/lib/python3.10/dist-packages/service_msgs/srv'...
[1.850s] -- Up-to-date: /home/st/sample/happy_ws/install/service_msgs/local/lib/python3.10/dist-packages/service_msgs/service_msgs_s__rosidl_typesupport_fastrtps_c.cpython-310-x86_64-linux-gnu.so
[1.852s] -- Up-to-date: /home/st/sample/happy_ws/install/service_msgs/local/lib/python3.10/dist-packages/service_msgs/service_msgs_s__rosidl_typesupport_introspection_c.cpython-310-x86_64-linux-gnu.so
[1.853s] -- Up-to-date: /home/st/sample/happy_ws/install/service_msgs/local/lib/python3.10/dist-packages/service_msgs/service_msgs_s__rosidl_typesupport_c.cpython-310-x86_64-linux-gnu.so
[1.855s] -- Up-to-date: /home/st/sample/happy_ws/install/service_msgs/lib/libservice_msgs__rosidl_generator_py.so
[1.857s] -- Up-to-date: /home/st/sample/happy_ws/install/service_msgs/share/service_msgs/srv/RandomService.idl
[1.858s] -- Up-to-date: /home/st/sample/happy_ws/install/service_msgs/share/service_msgs/srv/RandomService.srv
[1.858s] -- Up-to-date: /home/st/sample/happy_ws/install/service_msgs/share/service_msgs/srv/RandomService_Request.msg
[1.858s] -- Up-to-date: /home/st/sample/happy_ws/install/service_msgs/share/service_msgs/srv/RandomService_Response.msg
[1.858s] -- Up-to-date: /home/st/sample/happy_ws/install/service_msgs/share/ament_index/resource_index/package_run_dependencies/service_msgs
[1.859s] -- Up-to-date: /home/st/sample/happy_ws/install/service_msgs/share/ament_index/resource_index/parent_prefix_path/service_msgs
[1.861s] -- Up-to-date: /home/st/sample/happy_ws/install/service_msgs/share/service_msgs/environment/ament_prefix_path.sh
[1.862s] -- Up-to-date: /home/st/sample/happy_ws/install/service_msgs/share/service_msgs/environment/ament_prefix_path.dsv
[1.862s] -- Up-to-date: /home/st/sample/happy_ws/install/service_msgs/share/service_msgs/environment/path.sh
[1.866s] -- Up-to-date: /home/st/sample/happy_ws/install/service_msgs/share/service_msgs/environment/path.dsv
[1.867s] -- Up-to-date: /home/st/sample/happy_ws/install/service_msgs/share/service_msgs/local_setup.bash
[1.867s] -- Up-to-date: /home/st/sample/happy_ws/install/service_msgs/share/service_msgs/local_setup.sh
[1.867s] -- Up-to-date: /home/st/sample/happy_ws/install/service_msgs/share/service_msgs/local_setup.zsh
[1.867s] -- Up-to-date: /home/st/sample/happy_ws/install/service_msgs/share/service_msgs/local_setup.dsv
[1.868s] -- Installing: /home/st/sample/happy_ws/install/service_msgs/share/service_msgs/package.dsv
[1.868s] -- Up-to-date: /home/st/sample/happy_ws/install/service_msgs/share/ament_index/resource_index/packages/service_msgs
[1.868s] -- Up-to-date: /home/st/sample/happy_ws/install/service_msgs/share/service_msgs/cmake/export_service_msgs__rosidl_generator_cExport.cmake
[1.868s] -- Up-to-date: /home/st/sample/happy_ws/install/service_msgs/share/service_msgs/cmake/export_service_msgs__rosidl_generator_cExport-noconfig.cmake
[1.868s] -- Up-to-date: /home/st/sample/happy_ws/install/service_msgs/share/service_msgs/cmake/export_service_msgs__rosidl_typesupport_fastrtps_cExport.cmake
[1.868s] -- Up-to-date: /home/st/sample/happy_ws/install/service_msgs/share/service_msgs/cmake/export_service_msgs__rosidl_typesupport_fastrtps_cExport-noconfig.cmake
[1.868s] -- Up-to-date: /home/st/sample/happy_ws/install/service_msgs/share/service_msgs/cmake/service_msgs__rosidl_typesupport_introspection_cExport.cmake
[1.869s] -- Up-to-date: /home/st/sample/happy_ws/install/service_msgs/share/service_msgs/cmake/service_msgs__rosidl_typesupport_introspection_cExport-noconfig.cmake
[1.869s] -- Up-to-date: /home/st/sample/happy_ws/install/service_msgs/share/service_msgs/cmake/service_msgs__rosidl_typesupport_cExport.cmake
[1.872s] -- Up-to-date: /home/st/sample/happy_ws/install/service_msgs/share/service_msgs/cmake/service_msgs__rosidl_typesupport_cExport-noconfig.cmake
[1.877s] -- Up-to-date: /home/st/sample/happy_ws/install/service_msgs/share/service_msgs/cmake/export_service_msgs__rosidl_generator_cppExport.cmake
[1.878s] -- Up-to-date: /home/st/sample/happy_ws/install/service_msgs/share/service_msgs/cmake/export_service_msgs__rosidl_typesupport_fastrtps_cppExport.cmake
[1.878s] -- Up-to-date: /home/st/sample/happy_ws/install/service_msgs/share/service_msgs/cmake/export_service_msgs__rosidl_typesupport_fastrtps_cppExport-noconfig.cmake
[1.879s] -- Up-to-date: /home/st/sample/happy_ws/install/service_msgs/share/service_msgs/cmake/service_msgs__rosidl_typesupport_introspection_cppExport.cmake
[1.879s] -- Up-to-date: /home/st/sample/happy_ws/install/service_msgs/share/service_msgs/cmake/service_msgs__rosidl_typesupport_introspection_cppExport-noconfig.cmake
[1.879s] -- Up-to-date: /home/st/sample/happy_ws/install/service_msgs/share/service_msgs/cmake/service_msgs__rosidl_typesupport_cppExport.cmake
[1.879s] -- Up-to-date: /home/st/sample/happy_ws/install/service_msgs/share/service_msgs/cmake/service_msgs__rosidl_typesupport_cppExport-noconfig.cmake
[1.879s] -- Up-to-date: /home/st/sample/happy_ws/install/service_msgs/share/service_msgs/cmake/export_service_msgs__rosidl_generator_pyExport.cmake
[1.880s] -- Up-to-date: /home/st/sample/happy_ws/install/service_msgs/share/service_msgs/cmake/export_service_msgs__rosidl_generator_pyExport-noconfig.cmake
[1.880s] -- Up-to-date: /home/st/sample/happy_ws/install/service_msgs/share/service_msgs/cmake/rosidl_cmake-extras.cmake
[1.880s] -- Up-to-date: /home/st/sample/happy_ws/install/service_msgs/share/service_msgs/cmake/ament_cmake_export_include_directories-extras.cmake
[1.880s] -- Up-to-date: /home/st/sample/happy_ws/install/service_msgs/share/service_msgs/cmake/ament_cmake_export_libraries-extras.cmake
[1.881s] -- Up-to-date: /home/st/sample/happy_ws/install/service_msgs/share/service_msgs/cmake/ament_cmake_export_targets-extras.cmake
[1.881s] -- Up-to-date: /home/st/sample/happy_ws/install/service_msgs/share/service_msgs/cmake/rosidl_cmake_export_typesupport_targets-extras.cmake
[1.881s] -- Up-to-date: /home/st/sample/happy_ws/install/service_msgs/share/service_msgs/cmake/ament_cmake_export_dependencies-extras.cmake
[1.882s] -- Up-to-date: /home/st/sample/happy_ws/install/service_msgs/share/service_msgs/cmake/rosidl_cmake_export_typesupport_libraries-extras.cmake
[1.882s] -- Up-to-date: /home/st/sample/happy_ws/install/service_msgs/share/service_msgs/cmake/service_msgsConfig.cmake
[1.882s] -- Up-to-date: /home/st/sample/happy_ws/install/service_msgs/share/service_msgs/cmake/service_msgsConfig-version.cmake
[1.883s] -- Up-to-date: /home/st/sample/happy_ws/install/service_msgs/share/service_msgs/package.xml
[1.883s] Invoked command in '/home/st/sample/happy_ws/build/service_msgs' returned '0': CMAKE_PREFIX_PATH=${CMAKE_PREFIX_PATH}:/home/st/sample/happy_ws/install/service:/home/st/sample/happy_ws/install/random_number:/opt/ros/humble /usr/bin/cmake --install /home/st/sample/happy_ws/build/service_msgs
