[0.342s] DEBUG:colcon:Command line arguments: ['/usr/bin/colcon', 'build']
[0.342s] DEBUG:colcon:Parsed command line arguments: Namespace(log_base=None, log_level=None, verb_name='build', build_base='build', install_base='install', merge_install=False, symlink_install=False, test_result_base=None, continue_on_error=False, executor='parallel', parallel_workers=2, event_handlers=None, ignore_user_meta=False, metas=['./colcon.meta'], base_paths=['.'], packages_ignore=None, packages_ignore_regex=None, paths=None, packages_up_to=None, packages_up_to_regex=None, packages_above=None, packages_above_and_dependencies=None, packages_above_depth=None, packages_select_by_dep=None, packages_skip_by_dep=None, packages_skip_up_to=None, packages_select_build_failed=False, packages_skip_build_finished=False, packages_select_test_failures=False, packages_skip_test_passed=False, packages_select=None, packages_skip=None, packages_select_regex=None, packages_skip_regex=None, packages_start=None, packages_end=None, allow_overriding=[], cmake_args=None, cmake_target=None, cmake_target_skip_unavailable=False, cmake_clean_cache=False, cmake_clean_first=False, cmake_force_configure=False, ament_cmake_args=None, catkin_cmake_args=None, catkin_skip_building_tests=False, verb_parser=<colcon_defaults.argument_parser.defaults.DefaultArgumentsDecorator object at 0x7388b9e33880>, verb_extension=<colcon_core.verb.build.BuildVerb object at 0x7388b9fe1660>, main=<bound method BuildVerb.main of <colcon_core.verb.build.BuildVerb object at 0x7388b9fe1660>>)
[0.761s] Level 1:colcon.colcon_core.package_discovery:discover_packages(colcon_meta) check parameters
[0.761s] Level 1:colcon.colcon_core.package_discovery:discover_packages(recursive) check parameters
[0.767s] Level 1:colcon.colcon_core.package_discovery:discover_packages(ignore) check parameters
[0.774s] Level 1:colcon.colcon_core.package_discovery:discover_packages(path) check parameters
[0.776s] Level 1:colcon.colcon_core.package_discovery:discover_packages(colcon_meta) discover
[0.776s] Level 1:colcon.colcon_core.package_discovery:discover_packages(recursive) discover
[0.776s] INFO:colcon.colcon_core.package_discovery:Crawling recursively for packages in '/home/st/sample/happy_ws'
[0.778s] Level 1:colcon.colcon_core.package_identification:_identify(.) by extensions ['ignore', 'ignore_ament_install']
[0.778s] Level 1:colcon.colcon_core.package_identification:_identify(.) by extension 'ignore'
[0.779s] Level 1:colcon.colcon_core.package_identification:_identify(.) by extension 'ignore_ament_install'
[0.779s] Level 1:colcon.colcon_core.package_identification:_identify(.) by extensions ['colcon_pkg']
[0.779s] Level 1:colcon.colcon_core.package_identification:_identify(.) by extension 'colcon_pkg'
[0.779s] Level 1:colcon.colcon_core.package_identification:_identify(.) by extensions ['colcon_meta']
[0.779s] Level 1:colcon.colcon_core.package_identification:_identify(.) by extension 'colcon_meta'
[0.780s] Level 1:colcon.colcon_core.package_identification:_identify(.) by extensions ['ros']
[0.780s] Level 1:colcon.colcon_core.package_identification:_identify(.) by extension 'ros'
[0.814s] Level 1:colcon.colcon_core.package_identification:_identify(.) by extensions ['cmake', 'python']
[0.814s] Level 1:colcon.colcon_core.package_identification:_identify(.) by extension 'cmake'
[0.814s] Level 1:colcon.colcon_core.package_identification:_identify(.) by extension 'python'
[0.815s] Level 1:colcon.colcon_core.package_identification:_identify(.) by extensions ['python_setup_py']
[0.815s] Level 1:colcon.colcon_core.package_identification:_identify(.) by extension 'python_setup_py'
[0.815s] Level 1:colcon.colcon_core.package_identification:_identify(build) by extensions ['ignore', 'ignore_ament_install']
[0.816s] Level 1:colcon.colcon_core.package_identification:_identify(build) by extension 'ignore'
[0.816s] Level 1:colcon.colcon_core.package_identification:_identify(build) ignored
[0.816s] Level 1:colcon.colcon_core.package_identification:_identify(install) by extensions ['ignore', 'ignore_ament_install']
[0.817s] Level 1:colcon.colcon_core.package_identification:_identify(install) by extension 'ignore'
[0.817s] Level 1:colcon.colcon_core.package_identification:_identify(install) ignored
[0.818s] Level 1:colcon.colcon_core.package_identification:_identify(log) by extensions ['ignore', 'ignore_ament_install']
[0.818s] Level 1:colcon.colcon_core.package_identification:_identify(log) by extension 'ignore'
[0.818s] Level 1:colcon.colcon_core.package_identification:_identify(log) ignored
[0.818s] Level 1:colcon.colcon_core.package_identification:_identify(src) by extensions ['ignore', 'ignore_ament_install']
[0.818s] Level 1:colcon.colcon_core.package_identification:_identify(src) by extension 'ignore'
[0.818s] Level 1:colcon.colcon_core.package_identification:_identify(src) by extension 'ignore_ament_install'
[0.818s] Level 1:colcon.colcon_core.package_identification:_identify(src) by extensions ['colcon_pkg']
[0.818s] Level 1:colcon.colcon_core.package_identification:_identify(src) by extension 'colcon_pkg'
[0.819s] Level 1:colcon.colcon_core.package_identification:_identify(src) by extensions ['colcon_meta']
[0.819s] Level 1:colcon.colcon_core.package_identification:_identify(src) by extension 'colcon_meta'
[0.819s] Level 1:colcon.colcon_core.package_identification:_identify(src) by extensions ['ros']
[0.819s] Level 1:colcon.colcon_core.package_identification:_identify(src) by extension 'ros'
[0.819s] Level 1:colcon.colcon_core.package_identification:_identify(src) by extensions ['cmake', 'python']
[0.819s] Level 1:colcon.colcon_core.package_identification:_identify(src) by extension 'cmake'
[0.819s] Level 1:colcon.colcon_core.package_identification:_identify(src) by extension 'python'
[0.819s] Level 1:colcon.colcon_core.package_identification:_identify(src) by extensions ['python_setup_py']
[0.820s] Level 1:colcon.colcon_core.package_identification:_identify(src) by extension 'python_setup_py'
[0.820s] Level 1:colcon.colcon_core.package_identification:_identify(src/random_number) by extensions ['ignore', 'ignore_ament_install']
[0.820s] Level 1:colcon.colcon_core.package_identification:_identify(src/random_number) by extension 'ignore'
[0.820s] Level 1:colcon.colcon_core.package_identification:_identify(src/random_number) by extension 'ignore_ament_install'
[0.821s] Level 1:colcon.colcon_core.package_identification:_identify(src/random_number) by extensions ['colcon_pkg']
[0.821s] Level 1:colcon.colcon_core.package_identification:_identify(src/random_number) by extension 'colcon_pkg'
[0.821s] Level 1:colcon.colcon_core.package_identification:_identify(src/random_number) by extensions ['colcon_meta']
[0.822s] Level 1:colcon.colcon_core.package_identification:_identify(src/random_number) by extension 'colcon_meta'
[0.822s] Level 1:colcon.colcon_core.package_identification:_identify(src/random_number) by extensions ['ros']
[0.822s] Level 1:colcon.colcon_core.package_identification:_identify(src/random_number) by extension 'ros'
[0.830s] DEBUG:colcon.colcon_core.package_identification:Package 'src/random_number' with type 'ros.ament_python' and name 'random_number'
[0.830s] Level 1:colcon.colcon_core.package_identification:_identify(src/service) by extensions ['ignore', 'ignore_ament_install']
[0.831s] Level 1:colcon.colcon_core.package_identification:_identify(src/service) by extension 'ignore'
[0.831s] Level 1:colcon.colcon_core.package_identification:_identify(src/service) by extension 'ignore_ament_install'
[0.831s] Level 1:colcon.colcon_core.package_identification:_identify(src/service) by extensions ['colcon_pkg']
[0.831s] Level 1:colcon.colcon_core.package_identification:_identify(src/service) by extension 'colcon_pkg'
[0.832s] Level 1:colcon.colcon_core.package_identification:_identify(src/service) by extensions ['colcon_meta']
[0.832s] Level 1:colcon.colcon_core.package_identification:_identify(src/service) by extension 'colcon_meta'
[0.832s] Level 1:colcon.colcon_core.package_identification:_identify(src/service) by extensions ['ros']
[0.832s] Level 1:colcon.colcon_core.package_identification:_identify(src/service) by extension 'ros'
[0.835s] DEBUG:colcon.colcon_core.package_identification:Package 'src/service' with type 'ros.ament_python' and name 'service'
[0.835s] Level 1:colcon.colcon_core.package_identification:_identify(src/service_msgs) by extensions ['ignore', 'ignore_ament_install']
[0.835s] Level 1:colcon.colcon_core.package_identification:_identify(src/service_msgs) by extension 'ignore'
[0.835s] Level 1:colcon.colcon_core.package_identification:_identify(src/service_msgs) by extension 'ignore_ament_install'
[0.835s] Level 1:colcon.colcon_core.package_identification:_identify(src/service_msgs) by extensions ['colcon_pkg']
[0.835s] Level 1:colcon.colcon_core.package_identification:_identify(src/service_msgs) by extension 'colcon_pkg'
[0.835s] Level 1:colcon.colcon_core.package_identification:_identify(src/service_msgs) by extensions ['colcon_meta']
[0.835s] Level 1:colcon.colcon_core.package_identification:_identify(src/service_msgs) by extension 'colcon_meta'
[0.835s] Level 1:colcon.colcon_core.package_identification:_identify(src/service_msgs) by extensions ['ros']
[0.836s] Level 1:colcon.colcon_core.package_identification:_identify(src/service_msgs) by extension 'ros'
[0.837s] DEBUG:colcon.colcon_core.package_identification:Package 'src/service_msgs' with type 'ros.ament_cmake' and name 'service_msgs'
[0.837s] Level 1:colcon.colcon_core.package_discovery:discover_packages(recursive) using defaults
[0.838s] Level 1:colcon.colcon_core.package_discovery:discover_packages(ignore) discover
[0.838s] Level 1:colcon.colcon_core.package_discovery:discover_packages(ignore) using defaults
[0.838s] Level 1:colcon.colcon_core.package_discovery:discover_packages(path) discover
[0.838s] Level 1:colcon.colcon_core.package_discovery:discover_packages(path) using defaults
[0.941s] Level 1:colcon.colcon_core.package_discovery:discover_packages(prefix_path) check parameters
[0.942s] Level 1:colcon.colcon_core.package_discovery:discover_packages(prefix_path) discover
[0.951s] DEBUG:colcon.colcon_installed_package_information.package_discovery:Found 3 installed packages in /home/st/sample/happy_ws/install
[0.961s] DEBUG:colcon.colcon_installed_package_information.package_discovery:Found 271 installed packages in /opt/ros/humble
[0.971s] Level 1:colcon.colcon_core.package_discovery:discover_packages(prefix_path) using defaults
[1.092s] Level 5:colcon.colcon_core.verb:set package 'random_number' build argument 'cmake_args' from command line to 'None'
[1.092s] Level 5:colcon.colcon_core.verb:set package 'random_number' build argument 'cmake_target' from command line to 'None'
[1.092s] Level 5:colcon.colcon_core.verb:set package 'random_number' build argument 'cmake_target_skip_unavailable' from command line to 'False'
[1.093s] Level 5:colcon.colcon_core.verb:set package 'random_number' build argument 'cmake_clean_cache' from command line to 'False'
[1.093s] Level 5:colcon.colcon_core.verb:set package 'random_number' build argument 'cmake_clean_first' from command line to 'False'
[1.093s] Level 5:colcon.colcon_core.verb:set package 'random_number' build argument 'cmake_force_configure' from command line to 'False'
[1.094s] Level 5:colcon.colcon_core.verb:set package 'random_number' build argument 'ament_cmake_args' from command line to 'None'
[1.094s] Level 5:colcon.colcon_core.verb:set package 'random_number' build argument 'catkin_cmake_args' from command line to 'None'
[1.094s] Level 5:colcon.colcon_core.verb:set package 'random_number' build argument 'catkin_skip_building_tests' from command line to 'False'
[1.094s] DEBUG:colcon.colcon_core.verb:Building package 'random_number' with the following arguments: {'ament_cmake_args': None, 'build_base': '/home/st/sample/happy_ws/build/random_number', 'catkin_cmake_args': None, 'catkin_skip_building_tests': False, 'cmake_args': None, 'cmake_clean_cache': False, 'cmake_clean_first': False, 'cmake_force_configure': False, 'cmake_target': None, 'cmake_target_skip_unavailable': False, 'install_base': '/home/st/sample/happy_ws/install/random_number', 'merge_install': False, 'path': '/home/st/sample/happy_ws/src/random_number', 'symlink_install': False, 'test_result_base': None}
[1.095s] Level 5:colcon.colcon_core.verb:set package 'service' build argument 'cmake_args' from command line to 'None'
[1.095s] Level 5:colcon.colcon_core.verb:set package 'service' build argument 'cmake_target' from command line to 'None'
[1.096s] Level 5:colcon.colcon_core.verb:set package 'service' build argument 'cmake_target_skip_unavailable' from command line to 'False'
[1.096s] Level 5:colcon.colcon_core.verb:set package 'service' build argument 'cmake_clean_cache' from command line to 'False'
[1.096s] Level 5:colcon.colcon_core.verb:set package 'service' build argument 'cmake_clean_first' from command line to 'False'
[1.096s] Level 5:colcon.colcon_core.verb:set package 'service' build argument 'cmake_force_configure' from command line to 'False'
[1.096s] Level 5:colcon.colcon_core.verb:set package 'service' build argument 'ament_cmake_args' from command line to 'None'
[1.096s] Level 5:colcon.colcon_core.verb:set package 'service' build argument 'catkin_cmake_args' from command line to 'None'
[1.096s] Level 5:colcon.colcon_core.verb:set package 'service' build argument 'catkin_skip_building_tests' from command line to 'False'
[1.097s] DEBUG:colcon.colcon_core.verb:Building package 'service' with the following arguments: {'ament_cmake_args': None, 'build_base': '/home/st/sample/happy_ws/build/service', 'catkin_cmake_args': None, 'catkin_skip_building_tests': False, 'cmake_args': None, 'cmake_clean_cache': False, 'cmake_clean_first': False, 'cmake_force_configure': False, 'cmake_target': None, 'cmake_target_skip_unavailable': False, 'install_base': '/home/st/sample/happy_ws/install/service', 'merge_install': False, 'path': '/home/st/sample/happy_ws/src/service', 'symlink_install': False, 'test_result_base': None}
[1.098s] Level 5:colcon.colcon_core.verb:set package 'service_msgs' build argument 'cmake_args' from command line to 'None'
[1.098s] Level 5:colcon.colcon_core.verb:set package 'service_msgs' build argument 'cmake_target' from command line to 'None'
[1.098s] Level 5:colcon.colcon_core.verb:set package 'service_msgs' build argument 'cmake_target_skip_unavailable' from command line to 'False'
[1.098s] Level 5:colcon.colcon_core.verb:set package 'service_msgs' build argument 'cmake_clean_cache' from command line to 'False'
[1.098s] Level 5:colcon.colcon_core.verb:set package 'service_msgs' build argument 'cmake_clean_first' from command line to 'False'
[1.098s] Level 5:colcon.colcon_core.verb:set package 'service_msgs' build argument 'cmake_force_configure' from command line to 'False'
[1.099s] Level 5:colcon.colcon_core.verb:set package 'service_msgs' build argument 'ament_cmake_args' from command line to 'None'
[1.099s] Level 5:colcon.colcon_core.verb:set package 'service_msgs' build argument 'catkin_cmake_args' from command line to 'None'
[1.099s] Level 5:colcon.colcon_core.verb:set package 'service_msgs' build argument 'catkin_skip_building_tests' from command line to 'False'
[1.099s] DEBUG:colcon.colcon_core.verb:Building package 'service_msgs' with the following arguments: {'ament_cmake_args': None, 'build_base': '/home/st/sample/happy_ws/build/service_msgs', 'catkin_cmake_args': None, 'catkin_skip_building_tests': False, 'cmake_args': None, 'cmake_clean_cache': False, 'cmake_clean_first': False, 'cmake_force_configure': False, 'cmake_target': None, 'cmake_target_skip_unavailable': False, 'install_base': '/home/st/sample/happy_ws/install/service_msgs', 'merge_install': False, 'path': '/home/st/sample/happy_ws/src/service_msgs', 'symlink_install': False, 'test_result_base': None}
[1.100s] INFO:colcon.colcon_core.executor:Executing jobs using 'parallel' executor
[1.103s] DEBUG:colcon.colcon_parallel_executor.executor.parallel:run_until_complete
[1.103s] INFO:colcon.colcon_ros.task.ament_python.build:Building ROS package in '/home/st/sample/happy_ws/src/random_number' with build type 'ament_python'
[1.104s] Level 1:colcon.colcon_core.shell:create_environment_hook('random_number', 'ament_prefix_path')
[1.110s] INFO:colcon.colcon_core.plugin_system:Skipping extension 'colcon_core.shell.bat': Not used on non-Windows systems
[1.112s] INFO:colcon.colcon_core.shell:Creating environment hook '/home/st/sample/happy_ws/install/random_number/share/random_number/hook/ament_prefix_path.ps1'
[1.114s] INFO:colcon.colcon_core.shell:Creating environment descriptor '/home/st/sample/happy_ws/install/random_number/share/random_number/hook/ament_prefix_path.dsv'
[1.116s] INFO:colcon.colcon_core.shell:Creating environment hook '/home/st/sample/happy_ws/install/random_number/share/random_number/hook/ament_prefix_path.sh'
[1.118s] INFO:colcon.colcon_core.shell:Skip shell extension 'powershell' for command environment: Not usable outside of PowerShell
[1.118s] DEBUG:colcon.colcon_core.shell:Skip shell extension 'dsv' for command environment
[1.132s] INFO:colcon.colcon_ros.task.ament_python.build:Building ROS package in '/home/st/sample/happy_ws/src/service' with build type 'ament_python'
[1.132s] Level 1:colcon.colcon_core.shell:create_environment_hook('service', 'ament_prefix_path')
[1.133s] INFO:colcon.colcon_core.shell:Creating environment hook '/home/st/sample/happy_ws/install/service/share/service/hook/ament_prefix_path.ps1'
[1.134s] INFO:colcon.colcon_core.shell:Creating environment descriptor '/home/st/sample/happy_ws/install/service/share/service/hook/ament_prefix_path.dsv'
[1.136s] INFO:colcon.colcon_core.shell:Creating environment hook '/home/st/sample/happy_ws/install/service/share/service/hook/ament_prefix_path.sh'
[1.139s] INFO:colcon.colcon_core.shell:Skip shell extension 'powershell' for command environment: Not usable outside of PowerShell
[1.139s] DEBUG:colcon.colcon_core.shell:Skip shell extension 'dsv' for command environment
[1.845s] INFO:colcon.colcon_core.task.python.build:Building Python package in '/home/st/sample/happy_ws/src/random_number'
[1.845s] INFO:colcon.colcon_core.shell:Skip shell extension 'powershell' for command environment: Not usable outside of PowerShell
[1.846s] DEBUG:colcon.colcon_core.shell:Skip shell extension 'dsv' for command environment
[2.574s] INFO:colcon.colcon_core.task.python.build:Building Python package in '/home/st/sample/happy_ws/src/service'
[2.575s] INFO:colcon.colcon_core.shell:Skip shell extension 'powershell' for command environment: Not usable outside of PowerShell
[2.576s] DEBUG:colcon.colcon_core.shell:Skip shell extension 'dsv' for command environment
[3.670s] DEBUG:colcon.colcon_core.event_handler.log_command:Invoking command in '/home/st/sample/happy_ws/src/random_number': PYTHONPATH=/home/st/sample/happy_ws/build/random_number/prefix_override:/usr/lib/python3/dist-packages/colcon_core/task/python/colcon_distutils_commands:/home/st/sample/happy_ws/install/random_number/lib/python3.10/site-packages:${PYTHONPATH} /usr/bin/python3 -W ignore:setup.py install is deprecated -W ignore:easy_install command is deprecated setup.py egg_info --egg-base ../../build/random_number build --build-base /home/st/sample/happy_ws/build/random_number/build install --record /home/st/sample/happy_ws/build/random_number/install.log --single-version-externally-managed install_data
[3.710s] DEBUG:colcon.colcon_core.event_handler.log_command:Invoking command in '/home/st/sample/happy_ws/src/service': PYTHONPATH=/home/st/sample/happy_ws/build/service/prefix_override:/usr/lib/python3/dist-packages/colcon_core/task/python/colcon_distutils_commands:/home/st/sample/happy_ws/install/service/lib/python3.10/site-packages:${PYTHONPATH} /usr/bin/python3 -W ignore:setup.py install is deprecated -W ignore:easy_install command is deprecated setup.py egg_info --egg-base ../../build/service build --build-base /home/st/sample/happy_ws/build/service/build install --record /home/st/sample/happy_ws/build/service/install.log --single-version-externally-managed install_data
[4.634s] DEBUG:colcon.colcon_core.event_handler.log_command:Invoked command in '/home/st/sample/happy_ws/src/random_number' returned '0': PYTHONPATH=/home/st/sample/happy_ws/build/random_number/prefix_override:/usr/lib/python3/dist-packages/colcon_core/task/python/colcon_distutils_commands:/home/st/sample/happy_ws/install/random_number/lib/python3.10/site-packages:${PYTHONPATH} /usr/bin/python3 -W ignore:setup.py install is deprecated -W ignore:easy_install command is deprecated setup.py egg_info --egg-base ../../build/random_number build --build-base /home/st/sample/happy_ws/build/random_number/build install --record /home/st/sample/happy_ws/build/random_number/install.log --single-version-externally-managed install_data
[4.645s] Level 1:colcon.colcon_core.environment:checking '/home/st/sample/happy_ws/install/random_number' for CMake module files
[4.647s] Level 1:colcon.colcon_core.environment:checking '/home/st/sample/happy_ws/install/random_number' for CMake config files
[4.648s] Level 1:colcon.colcon_core.environment:checking '/home/st/sample/happy_ws/install/random_number/lib'
[4.649s] Level 1:colcon.colcon_core.environment:checking '/home/st/sample/happy_ws/install/random_number/bin'
[4.649s] Level 1:colcon.colcon_core.environment:checking '/home/st/sample/happy_ws/install/random_number/lib/pkgconfig/random_number.pc'
[4.650s] Level 1:colcon.colcon_core.environment:checking '/home/st/sample/happy_ws/install/random_number/lib/python3.10/site-packages'
[4.650s] Level 1:colcon.colcon_core.shell:create_environment_hook('random_number', 'pythonpath')
[4.651s] INFO:colcon.colcon_core.shell:Creating environment hook '/home/st/sample/happy_ws/install/random_number/share/random_number/hook/pythonpath.ps1'
[4.654s] INFO:colcon.colcon_core.shell:Creating environment descriptor '/home/st/sample/happy_ws/install/random_number/share/random_number/hook/pythonpath.dsv'
[4.656s] INFO:colcon.colcon_core.shell:Creating environment hook '/home/st/sample/happy_ws/install/random_number/share/random_number/hook/pythonpath.sh'
[4.658s] Level 1:colcon.colcon_core.environment:checking '/home/st/sample/happy_ws/install/random_number/bin'
[4.659s] Level 1:colcon.colcon_core.environment:create_environment_scripts_only(random_number)
[4.660s] INFO:colcon.colcon_core.shell:Creating package script '/home/st/sample/happy_ws/install/random_number/share/random_number/package.ps1'
[4.664s] INFO:colcon.colcon_core.shell:Creating package descriptor '/home/st/sample/happy_ws/install/random_number/share/random_number/package.dsv'
[4.666s] INFO:colcon.colcon_core.shell:Creating package script '/home/st/sample/happy_ws/install/random_number/share/random_number/package.sh'
[4.670s] INFO:colcon.colcon_core.shell:Creating package script '/home/st/sample/happy_ws/install/random_number/share/random_number/package.bash'
[4.674s] INFO:colcon.colcon_core.shell:Creating package script '/home/st/sample/happy_ws/install/random_number/share/random_number/package.zsh'
[4.676s] Level 1:colcon.colcon_core.environment:create_file_with_runtime_dependencies(/home/st/sample/happy_ws/install/random_number/share/colcon-core/packages/random_number)
[4.677s] INFO:colcon.colcon_ros.task.ament_cmake.build:Building ROS package in '/home/st/sample/happy_ws/src/service_msgs' with build type 'ament_cmake'
[4.678s] INFO:colcon.colcon_cmake.task.cmake.build:Building CMake package in '/home/st/sample/happy_ws/src/service_msgs'
[4.680s] INFO:colcon.colcon_core.shell:Skip shell extension 'powershell' for command environment: Not usable outside of PowerShell
[4.681s] DEBUG:colcon.colcon_core.shell:Skip shell extension 'dsv' for command environment
[4.719s] DEBUG:colcon.colcon_core.event_handler.log_command:Invoking command in '/home/st/sample/happy_ws/build/service_msgs': CMAKE_PREFIX_PATH=${CMAKE_PREFIX_PATH}:/home/st/sample/happy_ws/install/service:/home/st/sample/happy_ws/install/random_number:/opt/ros/humble /usr/bin/cmake --build /home/st/sample/happy_ws/build/service_msgs -- -j2 -l2
[4.738s] Level 1:colcon.colcon_core.environment:checking '/home/st/sample/happy_ws/install/service' for CMake module files
[4.739s] Level 1:colcon.colcon_core.environment:checking '/home/st/sample/happy_ws/install/service' for CMake config files
[4.743s] Level 1:colcon.colcon_core.environment:checking '/home/st/sample/happy_ws/install/service/lib'
[4.744s] Level 1:colcon.colcon_core.environment:checking '/home/st/sample/happy_ws/install/service/bin'
[4.744s] Level 1:colcon.colcon_core.environment:checking '/home/st/sample/happy_ws/install/service/lib/pkgconfig/service.pc'
[4.747s] Level 1:colcon.colcon_core.environment:checking '/home/st/sample/happy_ws/install/service/lib/python3.10/site-packages'
[4.748s] DEBUG:colcon.colcon_core.event_handler.log_command:Invoked command in '/home/st/sample/happy_ws/src/service' returned '0': PYTHONPATH=/home/st/sample/happy_ws/build/service/prefix_override:/usr/lib/python3/dist-packages/colcon_core/task/python/colcon_distutils_commands:/home/st/sample/happy_ws/install/service/lib/python3.10/site-packages:${PYTHONPATH} /usr/bin/python3 -W ignore:setup.py install is deprecated -W ignore:easy_install command is deprecated setup.py egg_info --egg-base ../../build/service build --build-base /home/st/sample/happy_ws/build/service/build install --record /home/st/sample/happy_ws/build/service/install.log --single-version-externally-managed install_data
[4.752s] Level 1:colcon.colcon_core.shell:create_environment_hook('service', 'pythonpath')
[4.755s] INFO:colcon.colcon_core.shell:Creating environment hook '/home/st/sample/happy_ws/install/service/share/service/hook/pythonpath.ps1'
[4.761s] INFO:colcon.colcon_core.shell:Creating environment descriptor '/home/st/sample/happy_ws/install/service/share/service/hook/pythonpath.dsv'
[4.769s] INFO:colcon.colcon_core.shell:Creating environment hook '/home/st/sample/happy_ws/install/service/share/service/hook/pythonpath.sh'
[4.783s] Level 1:colcon.colcon_core.environment:checking '/home/st/sample/happy_ws/install/service/bin'
[4.783s] Level 1:colcon.colcon_core.environment:create_environment_scripts_only(service)
[4.784s] INFO:colcon.colcon_core.shell:Creating package script '/home/st/sample/happy_ws/install/service/share/service/package.ps1'
[4.796s] INFO:colcon.colcon_core.shell:Creating package descriptor '/home/st/sample/happy_ws/install/service/share/service/package.dsv'
[4.806s] INFO:colcon.colcon_core.shell:Creating package script '/home/st/sample/happy_ws/install/service/share/service/package.sh'
[4.821s] INFO:colcon.colcon_core.shell:Creating package script '/home/st/sample/happy_ws/install/service/share/service/package.bash'
[4.829s] INFO:colcon.colcon_core.shell:Creating package script '/home/st/sample/happy_ws/install/service/share/service/package.zsh'
[4.837s] Level 1:colcon.colcon_core.environment:create_file_with_runtime_dependencies(/home/st/sample/happy_ws/install/service/share/colcon-core/packages/service)
[6.262s] DEBUG:colcon.colcon_core.event_handler.log_command:Invoked command in '/home/st/sample/happy_ws/build/service_msgs' returned '0': CMAKE_PREFIX_PATH=${CMAKE_PREFIX_PATH}:/home/st/sample/happy_ws/install/service:/home/st/sample/happy_ws/install/random_number:/opt/ros/humble /usr/bin/cmake --build /home/st/sample/happy_ws/build/service_msgs -- -j2 -l2
[6.290s] DEBUG:colcon.colcon_core.event_handler.log_command:Invoking command in '/home/st/sample/happy_ws/build/service_msgs': CMAKE_PREFIX_PATH=${CMAKE_PREFIX_PATH}:/home/st/sample/happy_ws/install/service:/home/st/sample/happy_ws/install/random_number:/opt/ros/humble /usr/bin/cmake --install /home/st/sample/happy_ws/build/service_msgs
[6.502s] Level 1:colcon.colcon_core.environment:create_environment_scripts_only(service_msgs)
[6.502s] Level 1:colcon.colcon_core.environment:checking '/home/st/sample/happy_ws/install/service_msgs' for CMake module files
[6.504s] DEBUG:colcon.colcon_core.event_handler.log_command:Invoked command in '/home/st/sample/happy_ws/build/service_msgs' returned '0': CMAKE_PREFIX_PATH=${CMAKE_PREFIX_PATH}:/home/st/sample/happy_ws/install/service:/home/st/sample/happy_ws/install/random_number:/opt/ros/humble /usr/bin/cmake --install /home/st/sample/happy_ws/build/service_msgs
[6.509s] Level 1:colcon.colcon_core.environment:checking '/home/st/sample/happy_ws/install/service_msgs' for CMake config files
[6.512s] Level 1:colcon.colcon_core.shell:create_environment_hook('service_msgs', 'cmake_prefix_path')
[6.513s] INFO:colcon.colcon_core.shell:Creating environment hook '/home/st/sample/happy_ws/install/service_msgs/share/service_msgs/hook/cmake_prefix_path.ps1'
[6.520s] INFO:colcon.colcon_core.shell:Creating environment descriptor '/home/st/sample/happy_ws/install/service_msgs/share/service_msgs/hook/cmake_prefix_path.dsv'
[6.523s] INFO:colcon.colcon_core.shell:Creating environment hook '/home/st/sample/happy_ws/install/service_msgs/share/service_msgs/hook/cmake_prefix_path.sh'
[6.524s] Level 1:colcon.colcon_core.environment:checking '/home/st/sample/happy_ws/install/service_msgs/lib'
[6.524s] Level 1:colcon.colcon_core.shell:create_environment_hook('service_msgs', 'ld_library_path_lib')
[6.525s] INFO:colcon.colcon_core.shell:Creating environment hook '/home/st/sample/happy_ws/install/service_msgs/share/service_msgs/hook/ld_library_path_lib.ps1'
[6.526s] INFO:colcon.colcon_core.shell:Creating environment descriptor '/home/st/sample/happy_ws/install/service_msgs/share/service_msgs/hook/ld_library_path_lib.dsv'
[6.527s] INFO:colcon.colcon_core.shell:Creating environment hook '/home/st/sample/happy_ws/install/service_msgs/share/service_msgs/hook/ld_library_path_lib.sh'
[6.528s] Level 1:colcon.colcon_core.environment:checking '/home/st/sample/happy_ws/install/service_msgs/bin'
[6.528s] Level 1:colcon.colcon_core.environment:checking '/home/st/sample/happy_ws/install/service_msgs/lib/pkgconfig/service_msgs.pc'
[6.529s] Level 1:colcon.colcon_core.environment:checking '/home/st/sample/happy_ws/install/service_msgs/lib/python3.10/site-packages'
[6.529s] Level 1:colcon.colcon_core.environment:checking '/home/st/sample/happy_ws/install/service_msgs/bin'
[6.531s] INFO:colcon.colcon_core.shell:Creating package script '/home/st/sample/happy_ws/install/service_msgs/share/service_msgs/package.ps1'
[6.532s] INFO:colcon.colcon_core.shell:Creating package descriptor '/home/st/sample/happy_ws/install/service_msgs/share/service_msgs/package.dsv'
[6.533s] INFO:colcon.colcon_core.shell:Creating package script '/home/st/sample/happy_ws/install/service_msgs/share/service_msgs/package.sh'
[6.535s] INFO:colcon.colcon_core.shell:Creating package script '/home/st/sample/happy_ws/install/service_msgs/share/service_msgs/package.bash'
[6.536s] INFO:colcon.colcon_core.shell:Creating package script '/home/st/sample/happy_ws/install/service_msgs/share/service_msgs/package.zsh'
[6.538s] Level 1:colcon.colcon_core.environment:create_file_with_runtime_dependencies(/home/st/sample/happy_ws/install/service_msgs/share/colcon-core/packages/service_msgs)
[6.541s] Level 1:colcon.colcon_core.environment:create_environment_scripts_only(service_msgs)
[6.541s] Level 1:colcon.colcon_core.environment:checking '/home/st/sample/happy_ws/install/service_msgs' for CMake module files
[6.543s] Level 1:colcon.colcon_core.environment:checking '/home/st/sample/happy_ws/install/service_msgs' for CMake config files
[6.546s] Level 1:colcon.colcon_core.shell:create_environment_hook('service_msgs', 'cmake_prefix_path')
[6.546s] INFO:colcon.colcon_core.shell:Creating environment hook '/home/st/sample/happy_ws/install/service_msgs/share/service_msgs/hook/cmake_prefix_path.ps1'
[6.547s] INFO:colcon.colcon_core.shell:Creating environment descriptor '/home/st/sample/happy_ws/install/service_msgs/share/service_msgs/hook/cmake_prefix_path.dsv'
[6.548s] INFO:colcon.colcon_core.shell:Creating environment hook '/home/st/sample/happy_ws/install/service_msgs/share/service_msgs/hook/cmake_prefix_path.sh'
[6.549s] Level 1:colcon.colcon_core.environment:checking '/home/st/sample/happy_ws/install/service_msgs/lib'
[6.550s] Level 1:colcon.colcon_core.shell:create_environment_hook('service_msgs', 'ld_library_path_lib')
[6.550s] INFO:colcon.colcon_core.shell:Creating environment hook '/home/st/sample/happy_ws/install/service_msgs/share/service_msgs/hook/ld_library_path_lib.ps1'
[6.552s] INFO:colcon.colcon_core.shell:Creating environment descriptor '/home/st/sample/happy_ws/install/service_msgs/share/service_msgs/hook/ld_library_path_lib.dsv'
[6.553s] INFO:colcon.colcon_core.shell:Creating environment hook '/home/st/sample/happy_ws/install/service_msgs/share/service_msgs/hook/ld_library_path_lib.sh'
[6.555s] Level 1:colcon.colcon_core.environment:checking '/home/st/sample/happy_ws/install/service_msgs/bin'
[6.555s] Level 1:colcon.colcon_core.environment:checking '/home/st/sample/happy_ws/install/service_msgs/lib/pkgconfig/service_msgs.pc'
[6.556s] Level 1:colcon.colcon_core.environment:checking '/home/st/sample/happy_ws/install/service_msgs/lib/python3.10/site-packages'
[6.557s] Level 1:colcon.colcon_core.environment:checking '/home/st/sample/happy_ws/install/service_msgs/bin'
[6.558s] INFO:colcon.colcon_core.shell:Creating package script '/home/st/sample/happy_ws/install/service_msgs/share/service_msgs/package.ps1'
[6.560s] INFO:colcon.colcon_core.shell:Creating package descriptor '/home/st/sample/happy_ws/install/service_msgs/share/service_msgs/package.dsv'
[6.562s] INFO:colcon.colcon_core.shell:Creating package script '/home/st/sample/happy_ws/install/service_msgs/share/service_msgs/package.sh'
[6.579s] INFO:colcon.colcon_core.shell:Creating package script '/home/st/sample/happy_ws/install/service_msgs/share/service_msgs/package.bash'
[6.607s] INFO:colcon.colcon_core.shell:Creating package script '/home/st/sample/happy_ws/install/service_msgs/share/service_msgs/package.zsh'
[6.611s] Level 1:colcon.colcon_core.environment:create_file_with_runtime_dependencies(/home/st/sample/happy_ws/install/service_msgs/share/colcon-core/packages/service_msgs)
[6.612s] DEBUG:colcon.colcon_parallel_executor.executor.parallel:closing loop
[6.612s] DEBUG:colcon.colcon_parallel_executor.executor.parallel:loop closed
[6.612s] DEBUG:colcon.colcon_parallel_executor.executor.parallel:run_until_complete finished with '0'
[6.613s] DEBUG:colcon.colcon_core.event_reactor:joining thread
[6.650s] INFO:colcon.colcon_core.plugin_system:Skipping extension 'colcon_notification.desktop_notification.terminal_notifier': Not used on non-Darwin systems
[6.650s] INFO:colcon.colcon_core.plugin_system:Skipping extension 'colcon_notification.desktop_notification.win32': Not used on non-Windows systems
[6.650s] INFO:colcon.colcon_notification.desktop_notification:Sending desktop notification using 'notify2'
[6.687s] DEBUG:colcon.colcon_core.event_reactor:joined thread
[6.687s] INFO:colcon.colcon_core.shell:Creating prefix script '/home/st/sample/happy_ws/install/local_setup.ps1'
[6.691s] INFO:colcon.colcon_core.shell:Creating prefix util module '/home/st/sample/happy_ws/install/_local_setup_util_ps1.py'
[6.697s] INFO:colcon.colcon_core.shell:Creating prefix chain script '/home/st/sample/happy_ws/install/setup.ps1'
[6.702s] INFO:colcon.colcon_core.shell:Creating prefix script '/home/st/sample/happy_ws/install/local_setup.sh'
[6.704s] INFO:colcon.colcon_core.shell:Creating prefix util module '/home/st/sample/happy_ws/install/_local_setup_util_sh.py'
[6.706s] INFO:colcon.colcon_core.shell:Creating prefix chain script '/home/st/sample/happy_ws/install/setup.sh'
[6.710s] INFO:colcon.colcon_core.shell:Creating prefix script '/home/st/sample/happy_ws/install/local_setup.bash'
[6.712s] INFO:colcon.colcon_core.shell:Creating prefix chain script '/home/st/sample/happy_ws/install/setup.bash'
[6.715s] INFO:colcon.colcon_core.shell:Creating prefix script '/home/st/sample/happy_ws/install/local_setup.zsh'
[6.717s] INFO:colcon.colcon_core.shell:Creating prefix chain script '/home/st/sample/happy_ws/install/setup.zsh'
