[0.063s] Invoking command in '/home/st/sample/happy_ws/build/service_msgs': CMAKE_PREFIX_PATH=${CMAKE_PREFIX_PATH}:/home/st/sample/happy_ws/install/service:/home/st/sample/happy_ws/install/random_number:/opt/ros/humble /usr/bin/cmake --build /home/st/sample/happy_ws/build/service_msgs -- -j2 -l2
[0.241s] [  9%] Built target service_msgs__rosidl_generator_c
[0.294s] [ 12%] Built target service_msgs__cpp
[0.379s] [ 12%] Built target ament_cmake_python_copy_service_msgs
[0.392s] [ 22%] Built target service_msgs__rosidl_typesupport_introspection_cpp
[0.468s] [ 32%] Built target service_msgs__rosidl_typesupport_cpp
[0.478s] [ 41%] Built target service_msgs__rosidl_typesupport_fastrtps_c
[0.556s] [ 51%] Built target service_msgs__rosidl_typesupport_introspection_c
[0.559s] [ 61%] Built target service_msgs__rosidl_typesupport_c
[0.642s] [ 70%] Built target service_msgs__rosidl_typesupport_fastrtps_cpp
[0.722s] [ 70%] Built target service_msgs
[0.806s] [ 74%] Built target service_msgs__py
[0.916s] [ 80%] Built target service_msgs__rosidl_generator_py
[1.023s] [ 87%] Built target service_msgs__rosidl_typesupport_fastrtps_c__pyext
[1.114s] [ 93%] Built target service_msgs__rosidl_typesupport_introspection_c__pyext
[1.198s] [100%] Built target service_msgs__rosidl_typesupport_c__pyext
[1.462s] running egg_info
[1.464s] writing service_msgs.egg-info/PKG-INFO
[1.466s] writing dependency_links to service_msgs.egg-info/dependency_links.txt
[1.466s] writing top-level names to service_msgs.egg-info/top_level.txt
[1.472s] reading manifest file 'service_msgs.egg-info/SOURCES.txt'
[1.474s] writing manifest file 'service_msgs.egg-info/SOURCES.txt'
[1.563s] [100%] Built target ament_cmake_python_build_service_msgs_egg
[1.602s] Invoked command in '/home/st/sample/happy_ws/build/service_msgs' returned '0': CMAKE_PREFIX_PATH=${CMAKE_PREFIX_PATH}:/home/st/sample/happy_ws/install/service:/home/st/sample/happy_ws/install/random_number:/opt/ros/humble /usr/bin/cmake --build /home/st/sample/happy_ws/build/service_msgs -- -j2 -l2
[1.632s] Invoking command in '/home/st/sample/happy_ws/build/service_msgs': CMAKE_PREFIX_PATH=${CMAKE_PREFIX_PATH}:/home/st/sample/happy_ws/install/service:/home/st/sample/happy_ws/install/random_number:/opt/ros/humble /usr/bin/cmake --install /home/st/sample/happy_ws/build/service_msgs
[1.659s] -- Install configuration: ""
[1.661s] -- Up-to-date: /home/st/sample/happy_ws/install/service_msgs/share/ament_index/resource_index/rosidl_interfaces/service_msgs
[1.662s] -- Up-to-date: /home/st/sample/happy_ws/install/service_msgs/include/service_msgs/service_msgs
[1.662s] -- Up-to-date: /home/st/sample/happy_ws/install/service_msgs/include/service_msgs/service_msgs/srv
[1.662s] -- Up-to-date: /home/st/sample/happy_ws/install/service_msgs/include/service_msgs/service_msgs/srv/random_service.h
[1.663s] -- Up-to-date: /home/st/sample/happy_ws/install/service_msgs/include/service_msgs/service_msgs/srv/detail
[1.666s] -- Up-to-date: /home/st/sample/happy_ws/install/service_msgs/include/service_msgs/service_msgs/srv/detail/random_service__struct.h
[1.667s] -- Up-to-date: /home/st/sample/happy_ws/install/service_msgs/include/service_msgs/service_msgs/srv/detail/random_service__functions.h
[1.667s] -- Up-to-date: /home/st/sample/happy_ws/install/service_msgs/include/service_msgs/service_msgs/srv/detail/random_service__type_support.h
[1.667s] -- Up-to-date: /home/st/sample/happy_ws/install/service_msgs/include/service_msgs/service_msgs/srv/detail/random_service__functions.c
[1.670s] -- Up-to-date: /home/st/sample/happy_ws/install/service_msgs/include/service_msgs/service_msgs/msg
[1.670s] -- Up-to-date: /home/st/sample/happy_ws/install/service_msgs/include/service_msgs/service_msgs/msg/rosidl_generator_c__visibility_control.h
[1.670s] -- Up-to-date: /home/st/sample/happy_ws/install/service_msgs/share/service_msgs/environment/library_path.sh
[1.670s] -- Up-to-date: /home/st/sample/happy_ws/install/service_msgs/share/service_msgs/environment/library_path.dsv
[1.671s] -- Up-to-date: /home/st/sample/happy_ws/install/service_msgs/lib/libservice_msgs__rosidl_generator_c.so
[1.671s] -- Up-to-date: /home/st/sample/happy_ws/install/service_msgs/include/service_msgs/service_msgs
[1.671s] -- Up-to-date: /home/st/sample/happy_ws/install/service_msgs/include/service_msgs/service_msgs/srv
[1.671s] -- Up-to-date: /home/st/sample/happy_ws/install/service_msgs/include/service_msgs/service_msgs/srv/detail
[1.672s] -- Up-to-date: /home/st/sample/happy_ws/install/service_msgs/include/service_msgs/service_msgs/srv/detail/random_service__rosidl_typesupport_fastrtps_c.h
[1.672s] -- Up-to-date: /home/st/sample/happy_ws/install/service_msgs/include/service_msgs/service_msgs/msg
[1.674s] -- Up-to-date: /home/st/sample/happy_ws/install/service_msgs/include/service_msgs/service_msgs/msg/rosidl_typesupport_fastrtps_c__visibility_control.h
[1.675s] -- Up-to-date: /home/st/sample/happy_ws/install/service_msgs/lib/libservice_msgs__rosidl_typesupport_fastrtps_c.so
[1.675s] -- Up-to-date: /home/st/sample/happy_ws/install/service_msgs/include/service_msgs/service_msgs
[1.677s] -- Up-to-date: /home/st/sample/happy_ws/install/service_msgs/include/service_msgs/service_msgs/srv
[1.678s] -- Up-to-date: /home/st/sample/happy_ws/install/service_msgs/include/service_msgs/service_msgs/srv/detail
[1.678s] -- Up-to-date: /home/st/sample/happy_ws/install/service_msgs/include/service_msgs/service_msgs/srv/detail/random_service__rosidl_typesupport_introspection_c.h
[1.678s] -- Up-to-date: /home/st/sample/happy_ws/install/service_msgs/include/service_msgs/service_msgs/srv/detail/random_service__type_support.c
[1.679s] -- Up-to-date: /home/st/sample/happy_ws/install/service_msgs/include/service_msgs/service_msgs/msg
[1.679s] -- Up-to-date: /home/st/sample/happy_ws/install/service_msgs/include/service_msgs/service_msgs/msg/rosidl_typesupport_introspection_c__visibility_control.h
[1.679s] -- Up-to-date: /home/st/sample/happy_ws/install/service_msgs/lib/libservice_msgs__rosidl_typesupport_introspection_c.so
[1.682s] -- Up-to-date: /home/st/sample/happy_ws/install/service_msgs/lib/libservice_msgs__rosidl_typesupport_c.so
[1.682s] -- Up-to-date: /home/st/sample/happy_ws/install/service_msgs/include/service_msgs/service_msgs
[1.682s] -- Up-to-date: /home/st/sample/happy_ws/install/service_msgs/include/service_msgs/service_msgs/srv
[1.682s] -- Up-to-date: /home/st/sample/happy_ws/install/service_msgs/include/service_msgs/service_msgs/srv/random_service.hpp
[1.684s] -- Up-to-date: /home/st/sample/happy_ws/install/service_msgs/include/service_msgs/service_msgs/srv/detail
[1.684s] -- Up-to-date: /home/st/sample/happy_ws/install/service_msgs/include/service_msgs/service_msgs/srv/detail/random_service__type_support.hpp
[1.684s] -- Up-to-date: /home/st/sample/happy_ws/install/service_msgs/include/service_msgs/service_msgs/srv/detail/random_service__struct.hpp
[1.684s] -- Up-to-date: /home/st/sample/happy_ws/install/service_msgs/include/service_msgs/service_msgs/srv/detail/random_service__traits.hpp
[1.687s] -- Up-to-date: /home/st/sample/happy_ws/install/service_msgs/include/service_msgs/service_msgs/srv/detail/random_service__builder.hpp
[1.689s] -- Up-to-date: /home/st/sample/happy_ws/install/service_msgs/include/service_msgs/service_msgs/msg
[1.690s] -- Up-to-date: /home/st/sample/happy_ws/install/service_msgs/include/service_msgs/service_msgs/msg/rosidl_generator_cpp__visibility_control.hpp
[1.690s] -- Up-to-date: /home/st/sample/happy_ws/install/service_msgs/include/service_msgs/service_msgs
[1.690s] -- Up-to-date: /home/st/sample/happy_ws/install/service_msgs/include/service_msgs/service_msgs/srv
[1.690s] -- Up-to-date: /home/st/sample/happy_ws/install/service_msgs/include/service_msgs/service_msgs/srv/detail
[1.691s] -- Up-to-date: /home/st/sample/happy_ws/install/service_msgs/include/service_msgs/service_msgs/srv/detail/dds_fastrtps
[1.691s] -- Up-to-date: /home/st/sample/happy_ws/install/service_msgs/include/service_msgs/service_msgs/srv/detail/random_service__rosidl_typesupport_fastrtps_cpp.hpp
[1.692s] -- Up-to-date: /home/st/sample/happy_ws/install/service_msgs/include/service_msgs/service_msgs/msg
[1.692s] -- Up-to-date: /home/st/sample/happy_ws/install/service_msgs/include/service_msgs/service_msgs/msg/rosidl_typesupport_fastrtps_cpp__visibility_control.h
[1.692s] -- Up-to-date: /home/st/sample/happy_ws/install/service_msgs/lib/libservice_msgs__rosidl_typesupport_fastrtps_cpp.so
[1.692s] -- Up-to-date: /home/st/sample/happy_ws/install/service_msgs/include/service_msgs/service_msgs
[1.693s] -- Up-to-date: /home/st/sample/happy_ws/install/service_msgs/include/service_msgs/service_msgs/srv
[1.693s] -- Up-to-date: /home/st/sample/happy_ws/install/service_msgs/include/service_msgs/service_msgs/srv/detail
[1.693s] -- Up-to-date: /home/st/sample/happy_ws/install/service_msgs/include/service_msgs/service_msgs/srv/detail/random_service__rosidl_typesupport_introspection_cpp.hpp
[1.698s] -- Up-to-date: /home/st/sample/happy_ws/install/service_msgs/include/service_msgs/service_msgs/srv/detail/random_service__type_support.cpp
[1.698s] -- Up-to-date: /home/st/sample/happy_ws/install/service_msgs/lib/libservice_msgs__rosidl_typesupport_introspection_cpp.so
[1.698s] -- Up-to-date: /home/st/sample/happy_ws/install/service_msgs/lib/libservice_msgs__rosidl_typesupport_cpp.so
[1.699s] -- Up-to-date: /home/st/sample/happy_ws/install/service_msgs/share/service_msgs/environment/pythonpath.sh
[1.699s] -- Up-to-date: /home/st/sample/happy_ws/install/service_msgs/share/service_msgs/environment/pythonpath.dsv
[1.699s] -- Up-to-date: /home/st/sample/happy_ws/install/service_msgs/local/lib/python3.10/dist-packages/service_msgs-0.0.0-py3.10.egg-info
[1.702s] -- Installing: /home/st/sample/happy_ws/install/service_msgs/local/lib/python3.10/dist-packages/service_msgs-0.0.0-py3.10.egg-info/SOURCES.txt
[1.702s] -- Installing: /home/st/sample/happy_ws/install/service_msgs/local/lib/python3.10/dist-packages/service_msgs-0.0.0-py3.10.egg-info/top_level.txt
[1.702s] -- Installing: /home/st/sample/happy_ws/install/service_msgs/local/lib/python3.10/dist-packages/service_msgs-0.0.0-py3.10.egg-info/PKG-INFO
[1.703s] -- Installing: /home/st/sample/happy_ws/install/service_msgs/local/lib/python3.10/dist-packages/service_msgs-0.0.0-py3.10.egg-info/dependency_links.txt
[1.703s] -- Up-to-date: /home/st/sample/happy_ws/install/service_msgs/local/lib/python3.10/dist-packages/service_msgs
[1.703s] -- Up-to-date: /home/st/sample/happy_ws/install/service_msgs/local/lib/python3.10/dist-packages/service_msgs/libservice_msgs__rosidl_generator_py.so
[1.706s] -- Up-to-date: /home/st/sample/happy_ws/install/service_msgs/local/lib/python3.10/dist-packages/service_msgs/service_msgs_s__rosidl_typesupport_fastrtps_c.cpython-310-x86_64-linux-gnu.so
[1.707s] -- Up-to-date: /home/st/sample/happy_ws/install/service_msgs/local/lib/python3.10/dist-packages/service_msgs/_service_msgs_s.ep.rosidl_typesupport_introspection_c.c
[1.707s] -- Up-to-date: /home/st/sample/happy_ws/install/service_msgs/local/lib/python3.10/dist-packages/service_msgs/srv
[1.707s] -- Up-to-date: /home/st/sample/happy_ws/install/service_msgs/local/lib/python3.10/dist-packages/service_msgs/srv/__init__.py
[1.708s] -- Up-to-date: /home/st/sample/happy_ws/install/service_msgs/local/lib/python3.10/dist-packages/service_msgs/srv/_random_service.py
[1.711s] -- Up-to-date: /home/st/sample/happy_ws/install/service_msgs/local/lib/python3.10/dist-packages/service_msgs/srv/_random_service_s.c
[1.711s] -- Up-to-date: /home/st/sample/happy_ws/install/service_msgs/local/lib/python3.10/dist-packages/service_msgs/__init__.py
[1.711s] -- Up-to-date: /home/st/sample/happy_ws/install/service_msgs/local/lib/python3.10/dist-packages/service_msgs/service_msgs_s__rosidl_typesupport_c.cpython-310-x86_64-linux-gnu.so
[1.711s] -- Up-to-date: /home/st/sample/happy_ws/install/service_msgs/local/lib/python3.10/dist-packages/service_msgs/_service_msgs_s.ep.rosidl_typesupport_c.c
[1.712s] -- Up-to-date: /home/st/sample/happy_ws/install/service_msgs/local/lib/python3.10/dist-packages/service_msgs/service_msgs_s__rosidl_typesupport_introspection_c.cpython-310-x86_64-linux-gnu.so
[1.712s] -- Up-to-date: /home/st/sample/happy_ws/install/service_msgs/local/lib/python3.10/dist-packages/service_msgs/_service_msgs_s.ep.rosidl_typesupport_fastrtps_c.c
[1.801s] Listing '/home/st/sample/happy_ws/install/service_msgs/local/lib/python3.10/dist-packages/service_msgs'...
[1.802s] Listing '/home/st/sample/happy_ws/install/service_msgs/local/lib/python3.10/dist-packages/service_msgs/srv'...
[1.815s] -- Up-to-date: /home/st/sample/happy_ws/install/service_msgs/local/lib/python3.10/dist-packages/service_msgs/service_msgs_s__rosidl_typesupport_fastrtps_c.cpython-310-x86_64-linux-gnu.so
[1.816s] -- Up-to-date: /home/st/sample/happy_ws/install/service_msgs/local/lib/python3.10/dist-packages/service_msgs/service_msgs_s__rosidl_typesupport_introspection_c.cpython-310-x86_64-linux-gnu.so
[1.816s] -- Up-to-date: /home/st/sample/happy_ws/install/service_msgs/local/lib/python3.10/dist-packages/service_msgs/service_msgs_s__rosidl_typesupport_c.cpython-310-x86_64-linux-gnu.so
[1.819s] -- Up-to-date: /home/st/sample/happy_ws/install/service_msgs/lib/libservice_msgs__rosidl_generator_py.so
[1.820s] -- Up-to-date: /home/st/sample/happy_ws/install/service_msgs/share/service_msgs/srv/RandomService.idl
[1.822s] -- Up-to-date: /home/st/sample/happy_ws/install/service_msgs/share/service_msgs/srv/RandomService.srv
[1.822s] -- Up-to-date: /home/st/sample/happy_ws/install/service_msgs/share/service_msgs/srv/RandomService_Request.msg
[1.822s] -- Up-to-date: /home/st/sample/happy_ws/install/service_msgs/share/service_msgs/srv/RandomService_Response.msg
[1.822s] -- Up-to-date: /home/st/sample/happy_ws/install/service_msgs/share/ament_index/resource_index/package_run_dependencies/service_msgs
[1.823s] -- Up-to-date: /home/st/sample/happy_ws/install/service_msgs/share/ament_index/resource_index/parent_prefix_path/service_msgs
[1.823s] -- Up-to-date: /home/st/sample/happy_ws/install/service_msgs/share/service_msgs/environment/ament_prefix_path.sh
[1.823s] -- Up-to-date: /home/st/sample/happy_ws/install/service_msgs/share/service_msgs/environment/ament_prefix_path.dsv
[1.824s] -- Up-to-date: /home/st/sample/happy_ws/install/service_msgs/share/service_msgs/environment/path.sh
[1.824s] -- Up-to-date: /home/st/sample/happy_ws/install/service_msgs/share/service_msgs/environment/path.dsv
[1.824s] -- Up-to-date: /home/st/sample/happy_ws/install/service_msgs/share/service_msgs/local_setup.bash
[1.827s] -- Up-to-date: /home/st/sample/happy_ws/install/service_msgs/share/service_msgs/local_setup.sh
[1.827s] -- Up-to-date: /home/st/sample/happy_ws/install/service_msgs/share/service_msgs/local_setup.zsh
[1.829s] -- Up-to-date: /home/st/sample/happy_ws/install/service_msgs/share/service_msgs/local_setup.dsv
[1.830s] -- Installing: /home/st/sample/happy_ws/install/service_msgs/share/service_msgs/package.dsv
[1.830s] -- Up-to-date: /home/st/sample/happy_ws/install/service_msgs/share/ament_index/resource_index/packages/service_msgs
[1.830s] -- Up-to-date: /home/st/sample/happy_ws/install/service_msgs/share/service_msgs/cmake/export_service_msgs__rosidl_generator_cExport.cmake
[1.830s] -- Up-to-date: /home/st/sample/happy_ws/install/service_msgs/share/service_msgs/cmake/export_service_msgs__rosidl_generator_cExport-noconfig.cmake
[1.831s] -- Up-to-date: /home/st/sample/happy_ws/install/service_msgs/share/service_msgs/cmake/export_service_msgs__rosidl_typesupport_fastrtps_cExport.cmake
[1.831s] -- Up-to-date: /home/st/sample/happy_ws/install/service_msgs/share/service_msgs/cmake/export_service_msgs__rosidl_typesupport_fastrtps_cExport-noconfig.cmake
[1.831s] -- Up-to-date: /home/st/sample/happy_ws/install/service_msgs/share/service_msgs/cmake/service_msgs__rosidl_typesupport_introspection_cExport.cmake
[1.831s] -- Up-to-date: /home/st/sample/happy_ws/install/service_msgs/share/service_msgs/cmake/service_msgs__rosidl_typesupport_introspection_cExport-noconfig.cmake
[1.832s] -- Up-to-date: /home/st/sample/happy_ws/install/service_msgs/share/service_msgs/cmake/service_msgs__rosidl_typesupport_cExport.cmake
[1.832s] -- Up-to-date: /home/st/sample/happy_ws/install/service_msgs/share/service_msgs/cmake/service_msgs__rosidl_typesupport_cExport-noconfig.cmake
[1.832s] -- Up-to-date: /home/st/sample/happy_ws/install/service_msgs/share/service_msgs/cmake/export_service_msgs__rosidl_generator_cppExport.cmake
[1.832s] -- Up-to-date: /home/st/sample/happy_ws/install/service_msgs/share/service_msgs/cmake/export_service_msgs__rosidl_typesupport_fastrtps_cppExport.cmake
[1.832s] -- Up-to-date: /home/st/sample/happy_ws/install/service_msgs/share/service_msgs/cmake/export_service_msgs__rosidl_typesupport_fastrtps_cppExport-noconfig.cmake
[1.834s] -- Up-to-date: /home/st/sample/happy_ws/install/service_msgs/share/service_msgs/cmake/service_msgs__rosidl_typesupport_introspection_cppExport.cmake
[1.835s] -- Up-to-date: /home/st/sample/happy_ws/install/service_msgs/share/service_msgs/cmake/service_msgs__rosidl_typesupport_introspection_cppExport-noconfig.cmake
[1.835s] -- Up-to-date: /home/st/sample/happy_ws/install/service_msgs/share/service_msgs/cmake/service_msgs__rosidl_typesupport_cppExport.cmake
[1.836s] -- Up-to-date: /home/st/sample/happy_ws/install/service_msgs/share/service_msgs/cmake/service_msgs__rosidl_typesupport_cppExport-noconfig.cmake
[1.836s] -- Up-to-date: /home/st/sample/happy_ws/install/service_msgs/share/service_msgs/cmake/export_service_msgs__rosidl_generator_pyExport.cmake
[1.838s] -- Up-to-date: /home/st/sample/happy_ws/install/service_msgs/share/service_msgs/cmake/export_service_msgs__rosidl_generator_pyExport-noconfig.cmake
[1.839s] -- Up-to-date: /home/st/sample/happy_ws/install/service_msgs/share/service_msgs/cmake/rosidl_cmake-extras.cmake
[1.839s] -- Up-to-date: /home/st/sample/happy_ws/install/service_msgs/share/service_msgs/cmake/ament_cmake_export_include_directories-extras.cmake
[1.839s] -- Up-to-date: /home/st/sample/happy_ws/install/service_msgs/share/service_msgs/cmake/ament_cmake_export_libraries-extras.cmake
[1.841s] -- Up-to-date: /home/st/sample/happy_ws/install/service_msgs/share/service_msgs/cmake/ament_cmake_export_targets-extras.cmake
[1.841s] -- Up-to-date: /home/st/sample/happy_ws/install/service_msgs/share/service_msgs/cmake/rosidl_cmake_export_typesupport_targets-extras.cmake
[1.841s] -- Up-to-date: /home/st/sample/happy_ws/install/service_msgs/share/service_msgs/cmake/ament_cmake_export_dependencies-extras.cmake
[1.842s] -- Up-to-date: /home/st/sample/happy_ws/install/service_msgs/share/service_msgs/cmake/rosidl_cmake_export_typesupport_libraries-extras.cmake
[1.842s] -- Up-to-date: /home/st/sample/happy_ws/install/service_msgs/share/service_msgs/cmake/service_msgsConfig.cmake
[1.842s] -- Up-to-date: /home/st/sample/happy_ws/install/service_msgs/share/service_msgs/cmake/service_msgsConfig-version.cmake
[1.842s] -- Up-to-date: /home/st/sample/happy_ws/install/service_msgs/share/service_msgs/package.xml
[1.845s] Invoked command in '/home/st/sample/happy_ws/build/service_msgs' returned '0': CMAKE_PREFIX_PATH=${CMAKE_PREFIX_PATH}:/home/st/sample/happy_ws/install/service:/home/st/sample/happy_ws/install/random_number:/opt/ros/humble /usr/bin/cmake --install /home/st/sample/happy_ws/build/service_msgs
