[2.652s] Invoking command in '/home/st/sample/happy_ws/src/service': PYTHONPATH=/home/st/sample/happy_ws/build/service/prefix_override:/usr/lib/python3/dist-packages/colcon_core/task/python/colcon_distutils_commands:/home/st/sample/happy_ws/install/service/lib/python3.10/site-packages:${PYTHONPATH} /usr/bin/python3 -W ignore:setup.py install is deprecated -W ignore:easy_install command is deprecated setup.py egg_info --egg-base ../../build/service build --build-base /home/st/sample/happy_ws/build/service/build install --record /home/st/sample/happy_ws/build/service/install.log --single-version-externally-managed install_data
[3.509s] running egg_info
[3.514s] writing ../../build/service/service.egg-info/PKG-INFO
[3.520s] writing dependency_links to ../../build/service/service.egg-info/dependency_links.txt
[3.522s] writing entry points to ../../build/service/service.egg-info/entry_points.txt
[3.522s] writing requirements to ../../build/service/service.egg-info/requires.txt
[3.549s] writing top-level names to ../../build/service/service.egg-info/top_level.txt
[3.551s] reading manifest file '../../build/service/service.egg-info/SOURCES.txt'
[3.551s] writing manifest file '../../build/service/service.egg-info/SOURCES.txt'
[3.551s] running build
[3.551s] running build_py
[3.551s] copying service/server.py -> /home/st/sample/happy_ws/build/service/build/lib/service
[3.562s] running install
[3.562s] running install_lib
[3.562s] copying /home/st/sample/happy_ws/build/service/build/lib/service/server.py -> /home/st/sample/happy_ws/install/service/lib/python3.10/site-packages/service
[3.563s] byte-compiling /home/st/sample/happy_ws/install/service/lib/python3.10/site-packages/service/server.py to server.cpython-310.pyc
[3.563s] running install_data
[3.563s] running install_egg_info
[3.590s] removing '/home/st/sample/happy_ws/install/service/lib/python3.10/site-packages/service-0.0.0-py3.10.egg-info' (and everything under it)
[3.590s] Copying ../../build/service/service.egg-info to /home/st/sample/happy_ws/install/service/lib/python3.10/site-packages/service-0.0.0-py3.10.egg-info
[3.590s] running install_scripts
[3.650s] Installing client script to /home/st/sample/happy_ws/install/service/lib/service
[3.654s] Installing server script to /home/st/sample/happy_ws/install/service/lib/service
[3.657s] writing list of installed files to '/home/st/sample/happy_ws/build/service/install.log'
[3.717s] Invoked command in '/home/st/sample/happy_ws/src/service' returned '0': PYTHONPATH=/home/st/sample/happy_ws/build/service/prefix_override:/usr/lib/python3/dist-packages/colcon_core/task/python/colcon_distutils_commands:/home/st/sample/happy_ws/install/service/lib/python3.10/site-packages:${PYTHONPATH} /usr/bin/python3 -W ignore:setup.py install is deprecated -W ignore:easy_install command is deprecated setup.py egg_info --egg-base ../../build/service build --build-base /home/st/sample/happy_ws/build/service/build install --record /home/st/sample/happy_ws/build/service/install.log --single-version-externally-managed install_data
