[0.078s] Invoking command in '/home/st/sample/happy_ws/build/service_msgs': CMAKE_PREFIX_PATH=${CMAKE_PREFIX_PATH}:/home/st/sample/happy_ws/install/service:/home/st/sample/happy_ws/install/random_number:/opt/ros/humble /usr/bin/cmake --build /home/st/sample/happy_ws/build/service_msgs -- -j2 -l2
[0.363s] [  3%] Built target service_msgs__cpp
[0.439s] [ 12%] Built target service_msgs__rosidl_generator_c
[0.550s] [ 12%] Built target ament_cmake_python_copy_service_msgs
[0.627s] [ 22%] Built target service_msgs__rosidl_typesupport_introspection_cpp
[0.710s] [ 32%] Built target service_msgs__rosidl_typesupport_cpp
[0.792s] [ 41%] Built target service_msgs__rosidl_typesupport_fastrtps_c
[0.864s] [ 51%] Built target service_msgs__rosidl_typesupport_introspection_c
[0.938s] [ 61%] Built target service_msgs__rosidl_typesupport_c
[1.031s] [ 70%] Built target service_msgs__rosidl_typesupport_fastrtps_cpp
[1.830s] running egg_info
[1.831s] writing service_msgs.egg-info/PKG-INFO
[1.833s] writing dependency_links to service_msgs.egg-info/dependency_links.txt
[1.834s] writing top-level names to service_msgs.egg-info/top_level.txt
[1.845s] reading manifest file 'service_msgs.egg-info/SOURCES.txt'
[1.845s] writing manifest file 'service_msgs.egg-info/SOURCES.txt'
[1.924s] [ 70%] Built target ament_cmake_python_build_service_msgs_egg
[2.020s] [ 70%] Built target service_msgs
[2.110s] [ 74%] Built target service_msgs__py
[2.187s] [ 80%] Built target service_msgs__rosidl_generator_py
[2.269s] [ 87%] Built target service_msgs__rosidl_typesupport_fastrtps_c__pyext
[2.408s] [ 93%] Built target service_msgs__rosidl_typesupport_introspection_c__pyext
[2.487s] [100%] Built target service_msgs__rosidl_typesupport_c__pyext
[2.521s] Invoked command in '/home/st/sample/happy_ws/build/service_msgs' returned '0': CMAKE_PREFIX_PATH=${CMAKE_PREFIX_PATH}:/home/st/sample/happy_ws/install/service:/home/st/sample/happy_ws/install/random_number:/opt/ros/humble /usr/bin/cmake --build /home/st/sample/happy_ws/build/service_msgs -- -j2 -l2
[2.575s] Invoking command in '/home/st/sample/happy_ws/build/service_msgs': CMAKE_PREFIX_PATH=${CMAKE_PREFIX_PATH}:/home/st/sample/happy_ws/install/service:/home/st/sample/happy_ws/install/random_number:/opt/ros/humble /usr/bin/cmake --install /home/st/sample/happy_ws/build/service_msgs
[2.598s] -- Install configuration: ""
[2.598s] -- Up-to-date: /home/st/sample/happy_ws/install/service_msgs/share/ament_index/resource_index/rosidl_interfaces/service_msgs
[2.599s] -- Up-to-date: /home/st/sample/happy_ws/install/service_msgs/include/service_msgs/service_msgs
[2.599s] -- Up-to-date: /home/st/sample/happy_ws/install/service_msgs/include/service_msgs/service_msgs/srv
[2.599s] -- Up-to-date: /home/st/sample/happy_ws/install/service_msgs/include/service_msgs/service_msgs/srv/random_service.h
[2.599s] -- Up-to-date: /home/st/sample/happy_ws/install/service_msgs/include/service_msgs/service_msgs/srv/detail
[2.599s] -- Up-to-date: /home/st/sample/happy_ws/install/service_msgs/include/service_msgs/service_msgs/srv/detail/random_service__struct.h
[2.599s] -- Up-to-date: /home/st/sample/happy_ws/install/service_msgs/include/service_msgs/service_msgs/srv/detail/random_service__functions.h
[2.600s] -- Up-to-date: /home/st/sample/happy_ws/install/service_msgs/include/service_msgs/service_msgs/srv/detail/random_service__type_support.h
[2.602s] -- Up-to-date: /home/st/sample/happy_ws/install/service_msgs/include/service_msgs/service_msgs/srv/detail/random_service__functions.c
[2.602s] -- Up-to-date: /home/st/sample/happy_ws/install/service_msgs/include/service_msgs/service_msgs/msg
[2.602s] -- Up-to-date: /home/st/sample/happy_ws/install/service_msgs/include/service_msgs/service_msgs/msg/rosidl_generator_c__visibility_control.h
[2.602s] -- Up-to-date: /home/st/sample/happy_ws/install/service_msgs/share/service_msgs/environment/library_path.sh
[2.603s] -- Up-to-date: /home/st/sample/happy_ws/install/service_msgs/share/service_msgs/environment/library_path.dsv
[2.603s] -- Up-to-date: /home/st/sample/happy_ws/install/service_msgs/lib/libservice_msgs__rosidl_generator_c.so
[2.603s] -- Up-to-date: /home/st/sample/happy_ws/install/service_msgs/include/service_msgs/service_msgs
[2.604s] -- Up-to-date: /home/st/sample/happy_ws/install/service_msgs/include/service_msgs/service_msgs/srv
[2.604s] -- Up-to-date: /home/st/sample/happy_ws/install/service_msgs/include/service_msgs/service_msgs/srv/detail
[2.605s] -- Up-to-date: /home/st/sample/happy_ws/install/service_msgs/include/service_msgs/service_msgs/srv/detail/random_service__rosidl_typesupport_fastrtps_c.h
[2.605s] -- Up-to-date: /home/st/sample/happy_ws/install/service_msgs/include/service_msgs/service_msgs/msg
[2.607s] -- Up-to-date: /home/st/sample/happy_ws/install/service_msgs/include/service_msgs/service_msgs/msg/rosidl_typesupport_fastrtps_c__visibility_control.h
[2.607s] -- Up-to-date: /home/st/sample/happy_ws/install/service_msgs/lib/libservice_msgs__rosidl_typesupport_fastrtps_c.so
[2.607s] -- Up-to-date: /home/st/sample/happy_ws/install/service_msgs/include/service_msgs/service_msgs
[2.610s] -- Up-to-date: /home/st/sample/happy_ws/install/service_msgs/include/service_msgs/service_msgs/srv
[2.611s] -- Up-to-date: /home/st/sample/happy_ws/install/service_msgs/include/service_msgs/service_msgs/srv/detail
[2.611s] -- Up-to-date: /home/st/sample/happy_ws/install/service_msgs/include/service_msgs/service_msgs/srv/detail/random_service__rosidl_typesupport_introspection_c.h
[2.612s] -- Up-to-date: /home/st/sample/happy_ws/install/service_msgs/include/service_msgs/service_msgs/srv/detail/random_service__type_support.c
[2.612s] -- Up-to-date: /home/st/sample/happy_ws/install/service_msgs/include/service_msgs/service_msgs/msg
[2.615s] -- Up-to-date: /home/st/sample/happy_ws/install/service_msgs/include/service_msgs/service_msgs/msg/rosidl_typesupport_introspection_c__visibility_control.h
[2.615s] -- Up-to-date: /home/st/sample/happy_ws/install/service_msgs/lib/libservice_msgs__rosidl_typesupport_introspection_c.so
[2.616s] -- Up-to-date: /home/st/sample/happy_ws/install/service_msgs/lib/libservice_msgs__rosidl_typesupport_c.so
[2.616s] -- Up-to-date: /home/st/sample/happy_ws/install/service_msgs/include/service_msgs/service_msgs
[2.616s] -- Up-to-date: /home/st/sample/happy_ws/install/service_msgs/include/service_msgs/service_msgs/srv
[2.616s] -- Up-to-date: /home/st/sample/happy_ws/install/service_msgs/include/service_msgs/service_msgs/srv/random_service.hpp
[2.616s] -- Up-to-date: /home/st/sample/happy_ws/install/service_msgs/include/service_msgs/service_msgs/srv/detail
[2.616s] -- Up-to-date: /home/st/sample/happy_ws/install/service_msgs/include/service_msgs/service_msgs/srv/detail/random_service__type_support.hpp
[2.617s] -- Up-to-date: /home/st/sample/happy_ws/install/service_msgs/include/service_msgs/service_msgs/srv/detail/random_service__struct.hpp
[2.617s] -- Up-to-date: /home/st/sample/happy_ws/install/service_msgs/include/service_msgs/service_msgs/srv/detail/random_service__traits.hpp
[2.617s] -- Up-to-date: /home/st/sample/happy_ws/install/service_msgs/include/service_msgs/service_msgs/srv/detail/random_service__builder.hpp
[2.617s] -- Up-to-date: /home/st/sample/happy_ws/install/service_msgs/include/service_msgs/service_msgs/msg
[2.617s] -- Up-to-date: /home/st/sample/happy_ws/install/service_msgs/include/service_msgs/service_msgs/msg/rosidl_generator_cpp__visibility_control.hpp
[2.622s] -- Up-to-date: /home/st/sample/happy_ws/install/service_msgs/include/service_msgs/service_msgs
[2.622s] -- Up-to-date: /home/st/sample/happy_ws/install/service_msgs/include/service_msgs/service_msgs/srv
[2.622s] -- Up-to-date: /home/st/sample/happy_ws/install/service_msgs/include/service_msgs/service_msgs/srv/detail
[2.623s] -- Up-to-date: /home/st/sample/happy_ws/install/service_msgs/include/service_msgs/service_msgs/srv/detail/dds_fastrtps
[2.623s] -- Up-to-date: /home/st/sample/happy_ws/install/service_msgs/include/service_msgs/service_msgs/srv/detail/random_service__rosidl_typesupport_fastrtps_cpp.hpp
[2.626s] -- Up-to-date: /home/st/sample/happy_ws/install/service_msgs/include/service_msgs/service_msgs/msg
[2.626s] -- Up-to-date: /home/st/sample/happy_ws/install/service_msgs/include/service_msgs/service_msgs/msg/rosidl_typesupport_fastrtps_cpp__visibility_control.h
[2.627s] -- Up-to-date: /home/st/sample/happy_ws/install/service_msgs/lib/libservice_msgs__rosidl_typesupport_fastrtps_cpp.so
[2.627s] -- Up-to-date: /home/st/sample/happy_ws/install/service_msgs/include/service_msgs/service_msgs
[2.627s] -- Up-to-date: /home/st/sample/happy_ws/install/service_msgs/include/service_msgs/service_msgs/srv
[2.627s] -- Up-to-date: /home/st/sample/happy_ws/install/service_msgs/include/service_msgs/service_msgs/srv/detail
[2.628s] -- Up-to-date: /home/st/sample/happy_ws/install/service_msgs/include/service_msgs/service_msgs/srv/detail/random_service__rosidl_typesupport_introspection_cpp.hpp
[2.631s] -- Up-to-date: /home/st/sample/happy_ws/install/service_msgs/include/service_msgs/service_msgs/srv/detail/random_service__type_support.cpp
[2.631s] -- Up-to-date: /home/st/sample/happy_ws/install/service_msgs/lib/libservice_msgs__rosidl_typesupport_introspection_cpp.so
[2.631s] -- Up-to-date: /home/st/sample/happy_ws/install/service_msgs/lib/libservice_msgs__rosidl_typesupport_cpp.so
[2.632s] -- Up-to-date: /home/st/sample/happy_ws/install/service_msgs/share/service_msgs/environment/pythonpath.sh
[2.632s] -- Up-to-date: /home/st/sample/happy_ws/install/service_msgs/share/service_msgs/environment/pythonpath.dsv
[2.632s] -- Up-to-date: /home/st/sample/happy_ws/install/service_msgs/local/lib/python3.10/dist-packages/service_msgs-0.0.0-py3.10.egg-info
[2.632s] -- Installing: /home/st/sample/happy_ws/install/service_msgs/local/lib/python3.10/dist-packages/service_msgs-0.0.0-py3.10.egg-info/SOURCES.txt
[2.632s] -- Installing: /home/st/sample/happy_ws/install/service_msgs/local/lib/python3.10/dist-packages/service_msgs-0.0.0-py3.10.egg-info/top_level.txt
[2.635s] -- Installing: /home/st/sample/happy_ws/install/service_msgs/local/lib/python3.10/dist-packages/service_msgs-0.0.0-py3.10.egg-info/PKG-INFO
[2.635s] -- Installing: /home/st/sample/happy_ws/install/service_msgs/local/lib/python3.10/dist-packages/service_msgs-0.0.0-py3.10.egg-info/dependency_links.txt
[2.635s] -- Up-to-date: /home/st/sample/happy_ws/install/service_msgs/local/lib/python3.10/dist-packages/service_msgs
[2.635s] -- Up-to-date: /home/st/sample/happy_ws/install/service_msgs/local/lib/python3.10/dist-packages/service_msgs/libservice_msgs__rosidl_generator_py.so
[2.635s] -- Up-to-date: /home/st/sample/happy_ws/install/service_msgs/local/lib/python3.10/dist-packages/service_msgs/service_msgs_s__rosidl_typesupport_fastrtps_c.cpython-310-x86_64-linux-gnu.so
[2.636s] -- Up-to-date: /home/st/sample/happy_ws/install/service_msgs/local/lib/python3.10/dist-packages/service_msgs/_service_msgs_s.ep.rosidl_typesupport_introspection_c.c
[2.636s] -- Up-to-date: /home/st/sample/happy_ws/install/service_msgs/local/lib/python3.10/dist-packages/service_msgs/srv
[2.636s] -- Up-to-date: /home/st/sample/happy_ws/install/service_msgs/local/lib/python3.10/dist-packages/service_msgs/srv/__init__.py
[2.636s] -- Up-to-date: /home/st/sample/happy_ws/install/service_msgs/local/lib/python3.10/dist-packages/service_msgs/srv/_random_service.py
[2.636s] -- Up-to-date: /home/st/sample/happy_ws/install/service_msgs/local/lib/python3.10/dist-packages/service_msgs/srv/_random_service_s.c
[2.636s] -- Up-to-date: /home/st/sample/happy_ws/install/service_msgs/local/lib/python3.10/dist-packages/service_msgs/__init__.py
[2.639s] -- Up-to-date: /home/st/sample/happy_ws/install/service_msgs/local/lib/python3.10/dist-packages/service_msgs/service_msgs_s__rosidl_typesupport_c.cpython-310-x86_64-linux-gnu.so
[2.639s] -- Up-to-date: /home/st/sample/happy_ws/install/service_msgs/local/lib/python3.10/dist-packages/service_msgs/_service_msgs_s.ep.rosidl_typesupport_c.c
[2.640s] -- Up-to-date: /home/st/sample/happy_ws/install/service_msgs/local/lib/python3.10/dist-packages/service_msgs/service_msgs_s__rosidl_typesupport_introspection_c.cpython-310-x86_64-linux-gnu.so
[2.640s] -- Up-to-date: /home/st/sample/happy_ws/install/service_msgs/local/lib/python3.10/dist-packages/service_msgs/_service_msgs_s.ep.rosidl_typesupport_fastrtps_c.c
[2.723s] Listing '/home/st/sample/happy_ws/install/service_msgs/local/lib/python3.10/dist-packages/service_msgs'...
[2.724s] Listing '/home/st/sample/happy_ws/install/service_msgs/local/lib/python3.10/dist-packages/service_msgs/srv'...
[2.734s] -- Up-to-date: /home/st/sample/happy_ws/install/service_msgs/local/lib/python3.10/dist-packages/service_msgs/service_msgs_s__rosidl_typesupport_fastrtps_c.cpython-310-x86_64-linux-gnu.so
[2.738s] -- Up-to-date: /home/st/sample/happy_ws/install/service_msgs/local/lib/python3.10/dist-packages/service_msgs/service_msgs_s__rosidl_typesupport_introspection_c.cpython-310-x86_64-linux-gnu.so
[2.740s] -- Up-to-date: /home/st/sample/happy_ws/install/service_msgs/local/lib/python3.10/dist-packages/service_msgs/service_msgs_s__rosidl_typesupport_c.cpython-310-x86_64-linux-gnu.so
[2.743s] -- Up-to-date: /home/st/sample/happy_ws/install/service_msgs/lib/libservice_msgs__rosidl_generator_py.so
[2.746s] -- Up-to-date: /home/st/sample/happy_ws/install/service_msgs/share/service_msgs/srv/RandomService.idl
[2.746s] -- Up-to-date: /home/st/sample/happy_ws/install/service_msgs/share/service_msgs/srv/RandomService.srv
[2.746s] -- Up-to-date: /home/st/sample/happy_ws/install/service_msgs/share/service_msgs/srv/RandomService_Request.msg
[2.746s] -- Up-to-date: /home/st/sample/happy_ws/install/service_msgs/share/service_msgs/srv/RandomService_Response.msg
[2.747s] -- Up-to-date: /home/st/sample/happy_ws/install/service_msgs/share/ament_index/resource_index/package_run_dependencies/service_msgs
[2.747s] -- Up-to-date: /home/st/sample/happy_ws/install/service_msgs/share/ament_index/resource_index/parent_prefix_path/service_msgs
[2.747s] -- Up-to-date: /home/st/sample/happy_ws/install/service_msgs/share/service_msgs/environment/ament_prefix_path.sh
[2.747s] -- Up-to-date: /home/st/sample/happy_ws/install/service_msgs/share/service_msgs/environment/ament_prefix_path.dsv
[2.747s] -- Up-to-date: /home/st/sample/happy_ws/install/service_msgs/share/service_msgs/environment/path.sh
[2.747s] -- Up-to-date: /home/st/sample/happy_ws/install/service_msgs/share/service_msgs/environment/path.dsv
[2.750s] -- Up-to-date: /home/st/sample/happy_ws/install/service_msgs/share/service_msgs/local_setup.bash
[2.751s] -- Up-to-date: /home/st/sample/happy_ws/install/service_msgs/share/service_msgs/local_setup.sh
[2.751s] -- Up-to-date: /home/st/sample/happy_ws/install/service_msgs/share/service_msgs/local_setup.zsh
[2.751s] -- Up-to-date: /home/st/sample/happy_ws/install/service_msgs/share/service_msgs/local_setup.dsv
[2.752s] -- Installing: /home/st/sample/happy_ws/install/service_msgs/share/service_msgs/package.dsv
[2.754s] -- Up-to-date: /home/st/sample/happy_ws/install/service_msgs/share/ament_index/resource_index/packages/service_msgs
[2.754s] -- Up-to-date: /home/st/sample/happy_ws/install/service_msgs/share/service_msgs/cmake/export_service_msgs__rosidl_generator_cExport.cmake
[2.754s] -- Up-to-date: /home/st/sample/happy_ws/install/service_msgs/share/service_msgs/cmake/export_service_msgs__rosidl_generator_cExport-noconfig.cmake
[2.755s] -- Up-to-date: /home/st/sample/happy_ws/install/service_msgs/share/service_msgs/cmake/export_service_msgs__rosidl_typesupport_fastrtps_cExport.cmake
[2.755s] -- Up-to-date: /home/st/sample/happy_ws/install/service_msgs/share/service_msgs/cmake/export_service_msgs__rosidl_typesupport_fastrtps_cExport-noconfig.cmake
[2.755s] -- Up-to-date: /home/st/sample/happy_ws/install/service_msgs/share/service_msgs/cmake/service_msgs__rosidl_typesupport_introspection_cExport.cmake
[2.755s] -- Up-to-date: /home/st/sample/happy_ws/install/service_msgs/share/service_msgs/cmake/service_msgs__rosidl_typesupport_introspection_cExport-noconfig.cmake
[2.755s] -- Up-to-date: /home/st/sample/happy_ws/install/service_msgs/share/service_msgs/cmake/service_msgs__rosidl_typesupport_cExport.cmake
[2.755s] -- Up-to-date: /home/st/sample/happy_ws/install/service_msgs/share/service_msgs/cmake/service_msgs__rosidl_typesupport_cExport-noconfig.cmake
[2.756s] -- Up-to-date: /home/st/sample/happy_ws/install/service_msgs/share/service_msgs/cmake/export_service_msgs__rosidl_generator_cppExport.cmake
[2.756s] -- Up-to-date: /home/st/sample/happy_ws/install/service_msgs/share/service_msgs/cmake/export_service_msgs__rosidl_typesupport_fastrtps_cppExport.cmake
[2.756s] -- Up-to-date: /home/st/sample/happy_ws/install/service_msgs/share/service_msgs/cmake/export_service_msgs__rosidl_typesupport_fastrtps_cppExport-noconfig.cmake
[2.756s] -- Up-to-date: /home/st/sample/happy_ws/install/service_msgs/share/service_msgs/cmake/service_msgs__rosidl_typesupport_introspection_cppExport.cmake
[2.760s] -- Up-to-date: /home/st/sample/happy_ws/install/service_msgs/share/service_msgs/cmake/service_msgs__rosidl_typesupport_introspection_cppExport-noconfig.cmake
[2.761s] -- Up-to-date: /home/st/sample/happy_ws/install/service_msgs/share/service_msgs/cmake/service_msgs__rosidl_typesupport_cppExport.cmake
[2.761s] -- Up-to-date: /home/st/sample/happy_ws/install/service_msgs/share/service_msgs/cmake/service_msgs__rosidl_typesupport_cppExport-noconfig.cmake
[2.761s] -- Up-to-date: /home/st/sample/happy_ws/install/service_msgs/share/service_msgs/cmake/export_service_msgs__rosidl_generator_pyExport.cmake
[2.761s] -- Up-to-date: /home/st/sample/happy_ws/install/service_msgs/share/service_msgs/cmake/export_service_msgs__rosidl_generator_pyExport-noconfig.cmake
[2.761s] -- Up-to-date: /home/st/sample/happy_ws/install/service_msgs/share/service_msgs/cmake/rosidl_cmake-extras.cmake
[2.761s] -- Up-to-date: /home/st/sample/happy_ws/install/service_msgs/share/service_msgs/cmake/ament_cmake_export_include_directories-extras.cmake
[2.761s] -- Up-to-date: /home/st/sample/happy_ws/install/service_msgs/share/service_msgs/cmake/ament_cmake_export_libraries-extras.cmake
[2.761s] -- Up-to-date: /home/st/sample/happy_ws/install/service_msgs/share/service_msgs/cmake/ament_cmake_export_targets-extras.cmake
[2.761s] -- Up-to-date: /home/st/sample/happy_ws/install/service_msgs/share/service_msgs/cmake/rosidl_cmake_export_typesupport_targets-extras.cmake
[2.762s] -- Up-to-date: /home/st/sample/happy_ws/install/service_msgs/share/service_msgs/cmake/ament_cmake_export_dependencies-extras.cmake
[2.766s] -- Up-to-date: /home/st/sample/happy_ws/install/service_msgs/share/service_msgs/cmake/rosidl_cmake_export_typesupport_libraries-extras.cmake
[2.766s] -- Up-to-date: /home/st/sample/happy_ws/install/service_msgs/share/service_msgs/cmake/service_msgsConfig.cmake
[2.766s] -- Up-to-date: /home/st/sample/happy_ws/install/service_msgs/share/service_msgs/cmake/service_msgsConfig-version.cmake
[2.766s] -- Up-to-date: /home/st/sample/happy_ws/install/service_msgs/share/service_msgs/package.xml
[2.767s] Invoked command in '/home/st/sample/happy_ws/build/service_msgs' returned '0': CMAKE_PREFIX_PATH=${CMAKE_PREFIX_PATH}:/home/st/sample/happy_ws/install/service:/home/st/sample/happy_ws/install/random_number:/opt/ros/humble /usr/bin/cmake --install /home/st/sample/happy_ws/build/service_msgs
