[3.029s] Invoking command in '/home/st/sample/happy_ws/src/service': PYTHONPATH=/home/st/sample/happy_ws/build/service/prefix_override:/usr/lib/python3/dist-packages/colcon_core/task/python/colcon_distutils_commands:/home/st/sample/happy_ws/install/service/lib/python3.10/site-packages:${PYTHONPATH} /usr/bin/python3 -W ignore:setup.py install is deprecated -W ignore:easy_install command is deprecated setup.py egg_info --egg-base ../../build/service build --build-base /home/st/sample/happy_ws/build/service/build install --record /home/st/sample/happy_ws/build/service/install.log --single-version-externally-managed install_data
[3.864s] running egg_info
[3.865s] creating ../../build/service/service.egg-info
[3.869s] writing ../../build/service/service.egg-info/PKG-INFO
[3.869s] writing dependency_links to ../../build/service/service.egg-info/dependency_links.txt
[3.871s] writing entry points to ../../build/service/service.egg-info/entry_points.txt
[3.872s] writing requirements to ../../build/service/service.egg-info/requires.txt
[3.872s] writing top-level names to ../../build/service/service.egg-info/top_level.txt
[3.872s] writing manifest file '../../build/service/service.egg-info/SOURCES.txt'
[3.875s] reading manifest file '../../build/service/service.egg-info/SOURCES.txt'
[3.882s] writing manifest file '../../build/service/service.egg-info/SOURCES.txt'
[3.882s] running build
[3.882s] running build_py
[3.886s] creating /home/st/sample/happy_ws/build/service/build
[3.886s] creating /home/st/sample/happy_ws/build/service/build/lib
[3.886s] creating /home/st/sample/happy_ws/build/service/build/lib/service
[3.886s] copying service/__init__.py -> /home/st/sample/happy_ws/build/service/build/lib/service
[3.887s] copying service/server.py -> /home/st/sample/happy_ws/build/service/build/lib/service
[3.887s] running install
[3.892s] running install_lib
[3.894s] creating /home/st/sample/happy_ws/install/service/lib/python3.10/site-packages/service
[3.895s] copying /home/st/sample/happy_ws/build/service/build/lib/service/__init__.py -> /home/st/sample/happy_ws/install/service/lib/python3.10/site-packages/service
[3.902s] copying /home/st/sample/happy_ws/build/service/build/lib/service/server.py -> /home/st/sample/happy_ws/install/service/lib/python3.10/site-packages/service
[3.902s] byte-compiling /home/st/sample/happy_ws/install/service/lib/python3.10/site-packages/service/__init__.py to __init__.cpython-310.pyc
[3.902s] byte-compiling /home/st/sample/happy_ws/install/service/lib/python3.10/site-packages/service/server.py to server.cpython-310.pyc
[3.903s] running install_data
[3.903s] creating /home/st/sample/happy_ws/install/service/share/ament_index
[3.906s] creating /home/st/sample/happy_ws/install/service/share/ament_index/resource_index
[3.906s] creating /home/st/sample/happy_ws/install/service/share/ament_index/resource_index/packages
[3.907s] copying resource/service -> /home/st/sample/happy_ws/install/service/share/ament_index/resource_index/packages
[3.908s] copying package.xml -> /home/st/sample/happy_ws/install/service/share/service
[3.908s] running install_egg_info
[3.912s] Copying ../../build/service/service.egg-info to /home/st/sample/happy_ws/install/service/lib/python3.10/site-packages/service-0.0.0-py3.10.egg-info
[3.921s] running install_scripts
[4.027s] Installing server script to /home/st/sample/happy_ws/install/service/lib/service
[4.030s] writing list of installed files to '/home/st/sample/happy_ws/build/service/install.log'
[4.126s] Invoked command in '/home/st/sample/happy_ws/src/service' returned '0': PYTHONPATH=/home/st/sample/happy_ws/build/service/prefix_override:/usr/lib/python3/dist-packages/colcon_core/task/python/colcon_distutils_commands:/home/st/sample/happy_ws/install/service/lib/python3.10/site-packages:${PYTHONPATH} /usr/bin/python3 -W ignore:setup.py install is deprecated -W ignore:easy_install command is deprecated setup.py egg_info --egg-base ../../build/service build --build-base /home/st/sample/happy_ws/build/service/build install --record /home/st/sample/happy_ws/build/service/install.log --single-version-externally-managed install_data
