[0.361s] DEBUG:colcon:Command line arguments: ['/usr/bin/colcon', 'build']
[0.361s] DEBUG:colcon:Parsed command line arguments: Namespace(log_base=None, log_level=None, verb_name='build', build_base='build', install_base='install', merge_install=False, symlink_install=False, test_result_base=None, continue_on_error=False, executor='parallel', parallel_workers=2, event_handlers=None, ignore_user_meta=False, metas=['./colcon.meta'], base_paths=['.'], packages_ignore=None, packages_ignore_regex=None, paths=None, packages_up_to=None, packages_up_to_regex=None, packages_above=None, packages_above_and_dependencies=None, packages_above_depth=None, packages_select_by_dep=None, packages_skip_by_dep=None, packages_skip_up_to=None, packages_select_build_failed=False, packages_skip_build_finished=False, packages_select_test_failures=False, packages_skip_test_passed=False, packages_select=None, packages_skip=None, packages_select_regex=None, packages_skip_regex=None, packages_start=None, packages_end=None, allow_overriding=[], cmake_args=None, cmake_target=None, cmake_target_skip_unavailable=False, cmake_clean_cache=False, cmake_clean_first=False, cmake_force_configure=False, ament_cmake_args=None, catkin_cmake_args=None, catkin_skip_building_tests=False, verb_parser=<colcon_defaults.argument_parser.defaults.DefaultArgumentsDecorator object at 0x75a0b4d274c0>, verb_extension=<colcon_core.verb.build.BuildVerb object at 0x75a0b4ed8b20>, main=<bound method BuildVerb.main of <colcon_core.verb.build.BuildVerb object at 0x75a0b4ed8b20>>)
[0.885s] Level 1:colcon.colcon_core.package_discovery:discover_packages(colcon_meta) check parameters
[0.886s] Level 1:colcon.colcon_core.package_discovery:discover_packages(recursive) check parameters
[0.886s] Level 1:colcon.colcon_core.package_discovery:discover_packages(ignore) check parameters
[0.886s] Level 1:colcon.colcon_core.package_discovery:discover_packages(path) check parameters
[0.886s] Level 1:colcon.colcon_core.package_discovery:discover_packages(colcon_meta) discover
[0.886s] Level 1:colcon.colcon_core.package_discovery:discover_packages(recursive) discover
[0.886s] INFO:colcon.colcon_core.package_discovery:Crawling recursively for packages in '/home/st/sample/happy_ws'
[0.886s] Level 1:colcon.colcon_core.package_identification:_identify(.) by extensions ['ignore', 'ignore_ament_install']
[0.886s] Level 1:colcon.colcon_core.package_identification:_identify(.) by extension 'ignore'
[0.886s] Level 1:colcon.colcon_core.package_identification:_identify(.) by extension 'ignore_ament_install'
[0.887s] Level 1:colcon.colcon_core.package_identification:_identify(.) by extensions ['colcon_pkg']
[0.887s] Level 1:colcon.colcon_core.package_identification:_identify(.) by extension 'colcon_pkg'
[0.887s] Level 1:colcon.colcon_core.package_identification:_identify(.) by extensions ['colcon_meta']
[0.889s] Level 1:colcon.colcon_core.package_identification:_identify(.) by extension 'colcon_meta'
[0.889s] Level 1:colcon.colcon_core.package_identification:_identify(.) by extensions ['ros']
[0.889s] Level 1:colcon.colcon_core.package_identification:_identify(.) by extension 'ros'
[0.924s] Level 1:colcon.colcon_core.package_identification:_identify(.) by extensions ['cmake', 'python']
[0.924s] Level 1:colcon.colcon_core.package_identification:_identify(.) by extension 'cmake'
[0.925s] Level 1:colcon.colcon_core.package_identification:_identify(.) by extension 'python'
[0.925s] Level 1:colcon.colcon_core.package_identification:_identify(.) by extensions ['python_setup_py']
[0.925s] Level 1:colcon.colcon_core.package_identification:_identify(.) by extension 'python_setup_py'
[0.925s] Level 1:colcon.colcon_core.package_identification:_identify(build) by extensions ['ignore', 'ignore_ament_install']
[0.926s] Level 1:colcon.colcon_core.package_identification:_identify(build) by extension 'ignore'
[0.926s] Level 1:colcon.colcon_core.package_identification:_identify(build) ignored
[0.926s] Level 1:colcon.colcon_core.package_identification:_identify(install) by extensions ['ignore', 'ignore_ament_install']
[0.926s] Level 1:colcon.colcon_core.package_identification:_identify(install) by extension 'ignore'
[0.926s] Level 1:colcon.colcon_core.package_identification:_identify(install) ignored
[0.927s] Level 1:colcon.colcon_core.package_identification:_identify(log) by extensions ['ignore', 'ignore_ament_install']
[0.927s] Level 1:colcon.colcon_core.package_identification:_identify(log) by extension 'ignore'
[0.927s] Level 1:colcon.colcon_core.package_identification:_identify(log) ignored
[0.927s] Level 1:colcon.colcon_core.package_identification:_identify(src) by extensions ['ignore', 'ignore_ament_install']
[0.928s] Level 1:colcon.colcon_core.package_identification:_identify(src) by extension 'ignore'
[0.928s] Level 1:colcon.colcon_core.package_identification:_identify(src) by extension 'ignore_ament_install'
[0.929s] Level 1:colcon.colcon_core.package_identification:_identify(src) by extensions ['colcon_pkg']
[0.929s] Level 1:colcon.colcon_core.package_identification:_identify(src) by extension 'colcon_pkg'
[0.929s] Level 1:colcon.colcon_core.package_identification:_identify(src) by extensions ['colcon_meta']
[0.929s] Level 1:colcon.colcon_core.package_identification:_identify(src) by extension 'colcon_meta'
[0.929s] Level 1:colcon.colcon_core.package_identification:_identify(src) by extensions ['ros']
[0.929s] Level 1:colcon.colcon_core.package_identification:_identify(src) by extension 'ros'
[0.930s] Level 1:colcon.colcon_core.package_identification:_identify(src) by extensions ['cmake', 'python']
[0.930s] Level 1:colcon.colcon_core.package_identification:_identify(src) by extension 'cmake'
[0.930s] Level 1:colcon.colcon_core.package_identification:_identify(src) by extension 'python'
[0.930s] Level 1:colcon.colcon_core.package_identification:_identify(src) by extensions ['python_setup_py']
[0.930s] Level 1:colcon.colcon_core.package_identification:_identify(src) by extension 'python_setup_py'
[0.930s] Level 1:colcon.colcon_core.package_identification:_identify(src/random_number) by extensions ['ignore', 'ignore_ament_install']
[0.931s] Level 1:colcon.colcon_core.package_identification:_identify(src/random_number) by extension 'ignore'
[0.931s] Level 1:colcon.colcon_core.package_identification:_identify(src/random_number) by extension 'ignore_ament_install'
[0.931s] Level 1:colcon.colcon_core.package_identification:_identify(src/random_number) by extensions ['colcon_pkg']
[0.931s] Level 1:colcon.colcon_core.package_identification:_identify(src/random_number) by extension 'colcon_pkg'
[0.931s] Level 1:colcon.colcon_core.package_identification:_identify(src/random_number) by extensions ['colcon_meta']
[0.931s] Level 1:colcon.colcon_core.package_identification:_identify(src/random_number) by extension 'colcon_meta'
[0.931s] Level 1:colcon.colcon_core.package_identification:_identify(src/random_number) by extensions ['ros']
[0.932s] Level 1:colcon.colcon_core.package_identification:_identify(src/random_number) by extension 'ros'
[0.938s] DEBUG:colcon.colcon_core.package_identification:Package 'src/random_number' with type 'ros.ament_python' and name 'random_number'
[0.939s] Level 1:colcon.colcon_core.package_identification:_identify(src/service) by extensions ['ignore', 'ignore_ament_install']
[0.939s] Level 1:colcon.colcon_core.package_identification:_identify(src/service) by extension 'ignore'
[0.941s] Level 1:colcon.colcon_core.package_identification:_identify(src/service) by extension 'ignore_ament_install'
[0.941s] Level 1:colcon.colcon_core.package_identification:_identify(src/service) by extensions ['colcon_pkg']
[0.941s] Level 1:colcon.colcon_core.package_identification:_identify(src/service) by extension 'colcon_pkg'
[0.941s] Level 1:colcon.colcon_core.package_identification:_identify(src/service) by extensions ['colcon_meta']
[0.941s] Level 1:colcon.colcon_core.package_identification:_identify(src/service) by extension 'colcon_meta'
[0.941s] Level 1:colcon.colcon_core.package_identification:_identify(src/service) by extensions ['ros']
[0.941s] Level 1:colcon.colcon_core.package_identification:_identify(src/service) by extension 'ros'
[0.943s] DEBUG:colcon.colcon_core.package_identification:Package 'src/service' with type 'ros.ament_python' and name 'service'
[0.944s] Level 1:colcon.colcon_core.package_identification:_identify(src/service_msgs) by extensions ['ignore', 'ignore_ament_install']
[0.944s] Level 1:colcon.colcon_core.package_identification:_identify(src/service_msgs) by extension 'ignore'
[0.944s] Level 1:colcon.colcon_core.package_identification:_identify(src/service_msgs) by extension 'ignore_ament_install'
[0.944s] Level 1:colcon.colcon_core.package_identification:_identify(src/service_msgs) by extensions ['colcon_pkg']
[0.944s] Level 1:colcon.colcon_core.package_identification:_identify(src/service_msgs) by extension 'colcon_pkg'
[0.945s] Level 1:colcon.colcon_core.package_identification:_identify(src/service_msgs) by extensions ['colcon_meta']
[0.945s] Level 1:colcon.colcon_core.package_identification:_identify(src/service_msgs) by extension 'colcon_meta'
[0.945s] Level 1:colcon.colcon_core.package_identification:_identify(src/service_msgs) by extensions ['ros']
[0.945s] Level 1:colcon.colcon_core.package_identification:_identify(src/service_msgs) by extension 'ros'
[0.945s] DEBUG:colcon.colcon_core.package_identification:Package 'src/service_msgs' with type 'ros.ament_cmake' and name 'service_msgs'
[0.945s] Level 1:colcon.colcon_core.package_discovery:discover_packages(recursive) using defaults
[0.946s] Level 1:colcon.colcon_core.package_discovery:discover_packages(ignore) discover
[0.946s] Level 1:colcon.colcon_core.package_discovery:discover_packages(ignore) using defaults
[0.946s] Level 1:colcon.colcon_core.package_discovery:discover_packages(path) discover
[0.946s] Level 1:colcon.colcon_core.package_discovery:discover_packages(path) using defaults
[1.012s] Level 1:colcon.colcon_core.package_discovery:discover_packages(prefix_path) check parameters
[1.012s] Level 1:colcon.colcon_core.package_discovery:discover_packages(prefix_path) discover
[1.019s] DEBUG:colcon.colcon_installed_package_information.package_discovery:Found 1 installed packages in /home/st/sample/happy_ws/install
[1.028s] DEBUG:colcon.colcon_installed_package_information.package_discovery:Found 271 installed packages in /opt/ros/humble
[1.039s] Level 1:colcon.colcon_core.package_discovery:discover_packages(prefix_path) using defaults
[1.225s] Level 5:colcon.colcon_core.verb:set package 'random_number' build argument 'cmake_args' from command line to 'None'
[1.226s] Level 5:colcon.colcon_core.verb:set package 'random_number' build argument 'cmake_target' from command line to 'None'
[1.226s] Level 5:colcon.colcon_core.verb:set package 'random_number' build argument 'cmake_target_skip_unavailable' from command line to 'False'
[1.226s] Level 5:colcon.colcon_core.verb:set package 'random_number' build argument 'cmake_clean_cache' from command line to 'False'
[1.226s] Level 5:colcon.colcon_core.verb:set package 'random_number' build argument 'cmake_clean_first' from command line to 'False'
[1.226s] Level 5:colcon.colcon_core.verb:set package 'random_number' build argument 'cmake_force_configure' from command line to 'False'
[1.226s] Level 5:colcon.colcon_core.verb:set package 'random_number' build argument 'ament_cmake_args' from command line to 'None'
[1.226s] Level 5:colcon.colcon_core.verb:set package 'random_number' build argument 'catkin_cmake_args' from command line to 'None'
[1.227s] Level 5:colcon.colcon_core.verb:set package 'random_number' build argument 'catkin_skip_building_tests' from command line to 'False'
[1.227s] DEBUG:colcon.colcon_core.verb:Building package 'random_number' with the following arguments: {'ament_cmake_args': None, 'build_base': '/home/st/sample/happy_ws/build/random_number', 'catkin_cmake_args': None, 'catkin_skip_building_tests': False, 'cmake_args': None, 'cmake_clean_cache': False, 'cmake_clean_first': False, 'cmake_force_configure': False, 'cmake_target': None, 'cmake_target_skip_unavailable': False, 'install_base': '/home/st/sample/happy_ws/install/random_number', 'merge_install': False, 'path': '/home/st/sample/happy_ws/src/random_number', 'symlink_install': False, 'test_result_base': None}
[1.228s] Level 5:colcon.colcon_core.verb:set package 'service' build argument 'cmake_args' from command line to 'None'
[1.228s] Level 5:colcon.colcon_core.verb:set package 'service' build argument 'cmake_target' from command line to 'None'
[1.228s] Level 5:colcon.colcon_core.verb:set package 'service' build argument 'cmake_target_skip_unavailable' from command line to 'False'
[1.228s] Level 5:colcon.colcon_core.verb:set package 'service' build argument 'cmake_clean_cache' from command line to 'False'
[1.228s] Level 5:colcon.colcon_core.verb:set package 'service' build argument 'cmake_clean_first' from command line to 'False'
[1.228s] Level 5:colcon.colcon_core.verb:set package 'service' build argument 'cmake_force_configure' from command line to 'False'
[1.228s] Level 5:colcon.colcon_core.verb:set package 'service' build argument 'ament_cmake_args' from command line to 'None'
[1.228s] Level 5:colcon.colcon_core.verb:set package 'service' build argument 'catkin_cmake_args' from command line to 'None'
[1.228s] Level 5:colcon.colcon_core.verb:set package 'service' build argument 'catkin_skip_building_tests' from command line to 'False'
[1.228s] DEBUG:colcon.colcon_core.verb:Building package 'service' with the following arguments: {'ament_cmake_args': None, 'build_base': '/home/st/sample/happy_ws/build/service', 'catkin_cmake_args': None, 'catkin_skip_building_tests': False, 'cmake_args': None, 'cmake_clean_cache': False, 'cmake_clean_first': False, 'cmake_force_configure': False, 'cmake_target': None, 'cmake_target_skip_unavailable': False, 'install_base': '/home/st/sample/happy_ws/install/service', 'merge_install': False, 'path': '/home/st/sample/happy_ws/src/service', 'symlink_install': False, 'test_result_base': None}
[1.229s] Level 5:colcon.colcon_core.verb:set package 'service_msgs' build argument 'cmake_args' from command line to 'None'
[1.229s] Level 5:colcon.colcon_core.verb:set package 'service_msgs' build argument 'cmake_target' from command line to 'None'
[1.229s] Level 5:colcon.colcon_core.verb:set package 'service_msgs' build argument 'cmake_target_skip_unavailable' from command line to 'False'
[1.229s] Level 5:colcon.colcon_core.verb:set package 'service_msgs' build argument 'cmake_clean_cache' from command line to 'False'
[1.230s] Level 5:colcon.colcon_core.verb:set package 'service_msgs' build argument 'cmake_clean_first' from command line to 'False'
[1.230s] Level 5:colcon.colcon_core.verb:set package 'service_msgs' build argument 'cmake_force_configure' from command line to 'False'
[1.230s] Level 5:colcon.colcon_core.verb:set package 'service_msgs' build argument 'ament_cmake_args' from command line to 'None'
[1.230s] Level 5:colcon.colcon_core.verb:set package 'service_msgs' build argument 'catkin_cmake_args' from command line to 'None'
[1.230s] Level 5:colcon.colcon_core.verb:set package 'service_msgs' build argument 'catkin_skip_building_tests' from command line to 'False'
[1.230s] DEBUG:colcon.colcon_core.verb:Building package 'service_msgs' with the following arguments: {'ament_cmake_args': None, 'build_base': '/home/st/sample/happy_ws/build/service_msgs', 'catkin_cmake_args': None, 'catkin_skip_building_tests': False, 'cmake_args': None, 'cmake_clean_cache': False, 'cmake_clean_first': False, 'cmake_force_configure': False, 'cmake_target': None, 'cmake_target_skip_unavailable': False, 'install_base': '/home/st/sample/happy_ws/install/service_msgs', 'merge_install': False, 'path': '/home/st/sample/happy_ws/src/service_msgs', 'symlink_install': False, 'test_result_base': None}
[1.230s] INFO:colcon.colcon_core.executor:Executing jobs using 'parallel' executor
[1.233s] DEBUG:colcon.colcon_parallel_executor.executor.parallel:run_until_complete
[1.233s] INFO:colcon.colcon_ros.task.ament_python.build:Building ROS package in '/home/st/sample/happy_ws/src/random_number' with build type 'ament_python'
[1.234s] Level 1:colcon.colcon_core.shell:create_environment_hook('random_number', 'ament_prefix_path')
[1.241s] INFO:colcon.colcon_core.plugin_system:Skipping extension 'colcon_core.shell.bat': Not used on non-Windows systems
[1.241s] INFO:colcon.colcon_core.shell:Creating environment hook '/home/st/sample/happy_ws/install/random_number/share/random_number/hook/ament_prefix_path.ps1'
[1.244s] INFO:colcon.colcon_core.shell:Creating environment descriptor '/home/st/sample/happy_ws/install/random_number/share/random_number/hook/ament_prefix_path.dsv'
[1.245s] INFO:colcon.colcon_core.shell:Creating environment hook '/home/st/sample/happy_ws/install/random_number/share/random_number/hook/ament_prefix_path.sh'
[1.250s] INFO:colcon.colcon_core.shell:Skip shell extension 'powershell' for command environment: Not usable outside of PowerShell
[1.250s] DEBUG:colcon.colcon_core.shell:Skip shell extension 'dsv' for command environment
[1.271s] INFO:colcon.colcon_ros.task.ament_python.build:Building ROS package in '/home/st/sample/happy_ws/src/service' with build type 'ament_python'
[1.272s] Level 1:colcon.colcon_core.shell:create_environment_hook('service', 'ament_prefix_path')
[1.273s] INFO:colcon.colcon_core.shell:Creating environment hook '/home/st/sample/happy_ws/install/service/share/service/hook/ament_prefix_path.ps1'
[1.276s] INFO:colcon.colcon_core.shell:Creating environment descriptor '/home/st/sample/happy_ws/install/service/share/service/hook/ament_prefix_path.dsv'
[1.280s] INFO:colcon.colcon_core.shell:Creating environment hook '/home/st/sample/happy_ws/install/service/share/service/hook/ament_prefix_path.sh'
[1.282s] INFO:colcon.colcon_core.shell:Skip shell extension 'powershell' for command environment: Not usable outside of PowerShell
[1.283s] DEBUG:colcon.colcon_core.shell:Skip shell extension 'dsv' for command environment
[2.232s] INFO:colcon.colcon_core.task.python.build:Building Python package in '/home/st/sample/happy_ws/src/random_number'
[2.233s] INFO:colcon.colcon_core.shell:Skip shell extension 'powershell' for command environment: Not usable outside of PowerShell
[2.233s] DEBUG:colcon.colcon_core.shell:Skip shell extension 'dsv' for command environment
[3.024s] INFO:colcon.colcon_core.task.python.build:Building Python package in '/home/st/sample/happy_ws/src/service'
[3.025s] INFO:colcon.colcon_core.shell:Skip shell extension 'powershell' for command environment: Not usable outside of PowerShell
[3.025s] DEBUG:colcon.colcon_core.shell:Skip shell extension 'dsv' for command environment
[4.100s] DEBUG:colcon.colcon_core.event_handler.log_command:Invoking command in '/home/st/sample/happy_ws/src/random_number': PYTHONPATH=/home/st/sample/happy_ws/build/random_number/prefix_override:/usr/lib/python3/dist-packages/colcon_core/task/python/colcon_distutils_commands:/home/st/sample/happy_ws/install/random_number/lib/python3.10/site-packages:${PYTHONPATH} /usr/bin/python3 -W ignore:setup.py install is deprecated -W ignore:easy_install command is deprecated setup.py egg_info --egg-base ../../build/random_number build --build-base /home/st/sample/happy_ws/build/random_number/build install --record /home/st/sample/happy_ws/build/random_number/install.log --single-version-externally-managed install_data
[4.302s] DEBUG:colcon.colcon_core.event_handler.log_command:Invoking command in '/home/st/sample/happy_ws/src/service': PYTHONPATH=/home/st/sample/happy_ws/build/service/prefix_override:/usr/lib/python3/dist-packages/colcon_core/task/python/colcon_distutils_commands:/home/st/sample/happy_ws/install/service/lib/python3.10/site-packages:${PYTHONPATH} /usr/bin/python3 -W ignore:setup.py install is deprecated -W ignore:easy_install command is deprecated setup.py egg_info --egg-base ../../build/service build --build-base /home/st/sample/happy_ws/build/service/build install --record /home/st/sample/happy_ws/build/service/install.log --single-version-externally-managed install_data
[5.219s] DEBUG:colcon.colcon_core.event_handler.log_command:Invoked command in '/home/st/sample/happy_ws/src/random_number' returned '0': PYTHONPATH=/home/st/sample/happy_ws/build/random_number/prefix_override:/usr/lib/python3/dist-packages/colcon_core/task/python/colcon_distutils_commands:/home/st/sample/happy_ws/install/random_number/lib/python3.10/site-packages:${PYTHONPATH} /usr/bin/python3 -W ignore:setup.py install is deprecated -W ignore:easy_install command is deprecated setup.py egg_info --egg-base ../../build/random_number build --build-base /home/st/sample/happy_ws/build/random_number/build install --record /home/st/sample/happy_ws/build/random_number/install.log --single-version-externally-managed install_data
[5.233s] Level 1:colcon.colcon_core.environment:checking '/home/st/sample/happy_ws/install/random_number' for CMake module files
[5.235s] Level 1:colcon.colcon_core.environment:checking '/home/st/sample/happy_ws/install/random_number' for CMake config files
[5.238s] Level 1:colcon.colcon_core.environment:checking '/home/st/sample/happy_ws/install/random_number/lib'
[5.239s] Level 1:colcon.colcon_core.environment:checking '/home/st/sample/happy_ws/install/random_number/bin'
[5.239s] Level 1:colcon.colcon_core.environment:checking '/home/st/sample/happy_ws/install/random_number/lib/pkgconfig/random_number.pc'
[5.240s] Level 1:colcon.colcon_core.environment:checking '/home/st/sample/happy_ws/install/random_number/lib/python3.10/site-packages'
[5.240s] Level 1:colcon.colcon_core.shell:create_environment_hook('random_number', 'pythonpath')
[5.241s] INFO:colcon.colcon_core.shell:Creating environment hook '/home/st/sample/happy_ws/install/random_number/share/random_number/hook/pythonpath.ps1'
[5.243s] INFO:colcon.colcon_core.shell:Creating environment descriptor '/home/st/sample/happy_ws/install/random_number/share/random_number/hook/pythonpath.dsv'
[5.245s] INFO:colcon.colcon_core.shell:Creating environment hook '/home/st/sample/happy_ws/install/random_number/share/random_number/hook/pythonpath.sh'
[5.248s] Level 1:colcon.colcon_core.environment:checking '/home/st/sample/happy_ws/install/random_number/bin'
[5.248s] Level 1:colcon.colcon_core.environment:create_environment_scripts_only(random_number)
[5.249s] INFO:colcon.colcon_core.shell:Creating package script '/home/st/sample/happy_ws/install/random_number/share/random_number/package.ps1'
[5.251s] INFO:colcon.colcon_core.shell:Creating package descriptor '/home/st/sample/happy_ws/install/random_number/share/random_number/package.dsv'
[5.253s] INFO:colcon.colcon_core.shell:Creating package script '/home/st/sample/happy_ws/install/random_number/share/random_number/package.sh'
[5.259s] INFO:colcon.colcon_core.shell:Creating package script '/home/st/sample/happy_ws/install/random_number/share/random_number/package.bash'
[5.262s] INFO:colcon.colcon_core.shell:Creating package script '/home/st/sample/happy_ws/install/random_number/share/random_number/package.zsh'
[5.267s] Level 1:colcon.colcon_core.environment:create_file_with_runtime_dependencies(/home/st/sample/happy_ws/install/random_number/share/colcon-core/packages/random_number)
[5.273s] INFO:colcon.colcon_ros.task.ament_cmake.build:Building ROS package in '/home/st/sample/happy_ws/src/service_msgs' with build type 'ament_cmake'
[5.273s] INFO:colcon.colcon_cmake.task.cmake.build:Building CMake package in '/home/st/sample/happy_ws/src/service_msgs'
[5.274s] INFO:colcon.colcon_core.shell:Skip shell extension 'powershell' for command environment: Not usable outside of PowerShell
[5.275s] DEBUG:colcon.colcon_core.shell:Skip shell extension 'dsv' for command environment
[5.334s] DEBUG:colcon.colcon_core.event_handler.log_command:Invoking command in '/home/st/sample/happy_ws/build/service_msgs': CMAKE_PREFIX_PATH=/home/st/sample/happy_ws/install/random_number:/opt/ros/humble /usr/bin/cmake /home/st/sample/happy_ws/src/service_msgs -DCMAKE_INSTALL_PREFIX=/home/st/sample/happy_ws/install/service_msgs
[5.395s] Level 1:colcon.colcon_core.environment:checking '/home/st/sample/happy_ws/install/service' for CMake module files
[5.399s] DEBUG:colcon.colcon_core.event_handler.log_command:Invoked command in '/home/st/sample/happy_ws/src/service' returned '0': PYTHONPATH=/home/st/sample/happy_ws/build/service/prefix_override:/usr/lib/python3/dist-packages/colcon_core/task/python/colcon_distutils_commands:/home/st/sample/happy_ws/install/service/lib/python3.10/site-packages:${PYTHONPATH} /usr/bin/python3 -W ignore:setup.py install is deprecated -W ignore:easy_install command is deprecated setup.py egg_info --egg-base ../../build/service build --build-base /home/st/sample/happy_ws/build/service/build install --record /home/st/sample/happy_ws/build/service/install.log --single-version-externally-managed install_data
[5.399s] Level 1:colcon.colcon_core.environment:checking '/home/st/sample/happy_ws/install/service' for CMake config files
[5.401s] Level 1:colcon.colcon_core.environment:checking '/home/st/sample/happy_ws/install/service/lib'
[5.402s] Level 1:colcon.colcon_core.environment:checking '/home/st/sample/happy_ws/install/service/bin'
[5.402s] Level 1:colcon.colcon_core.environment:checking '/home/st/sample/happy_ws/install/service/lib/pkgconfig/service.pc'
[5.403s] Level 1:colcon.colcon_core.environment:checking '/home/st/sample/happy_ws/install/service/lib/python3.10/site-packages'
[5.403s] Level 1:colcon.colcon_core.shell:create_environment_hook('service', 'pythonpath')
[5.404s] INFO:colcon.colcon_core.shell:Creating environment hook '/home/st/sample/happy_ws/install/service/share/service/hook/pythonpath.ps1'
[5.406s] INFO:colcon.colcon_core.shell:Creating environment descriptor '/home/st/sample/happy_ws/install/service/share/service/hook/pythonpath.dsv'
[5.407s] INFO:colcon.colcon_core.shell:Creating environment hook '/home/st/sample/happy_ws/install/service/share/service/hook/pythonpath.sh'
[5.410s] Level 1:colcon.colcon_core.environment:checking '/home/st/sample/happy_ws/install/service/bin'
[5.410s] Level 1:colcon.colcon_core.environment:create_environment_scripts_only(service)
[5.411s] INFO:colcon.colcon_core.shell:Creating package script '/home/st/sample/happy_ws/install/service/share/service/package.ps1'
[5.413s] INFO:colcon.colcon_core.shell:Creating package descriptor '/home/st/sample/happy_ws/install/service/share/service/package.dsv'
[5.414s] INFO:colcon.colcon_core.shell:Creating package script '/home/st/sample/happy_ws/install/service/share/service/package.sh'
[5.416s] INFO:colcon.colcon_core.shell:Creating package script '/home/st/sample/happy_ws/install/service/share/service/package.bash'
[5.418s] INFO:colcon.colcon_core.shell:Creating package script '/home/st/sample/happy_ws/install/service/share/service/package.zsh'
[5.419s] Level 1:colcon.colcon_core.environment:create_file_with_runtime_dependencies(/home/st/sample/happy_ws/install/service/share/colcon-core/packages/service)
[9.187s] DEBUG:colcon.colcon_core.event_handler.log_command:Invoked command in '/home/st/sample/happy_ws/build/service_msgs' returned '1': CMAKE_PREFIX_PATH=/home/st/sample/happy_ws/install/random_number:/opt/ros/humble /usr/bin/cmake /home/st/sample/happy_ws/src/service_msgs -DCMAKE_INSTALL_PREFIX=/home/st/sample/happy_ws/install/service_msgs
[9.231s] Level 1:colcon.colcon_core.environment:create_environment_scripts_only(service_msgs)
[9.232s] Level 1:colcon.colcon_core.environment:checking '/home/st/sample/happy_ws/install/service_msgs' for CMake module files
[9.233s] Level 1:colcon.colcon_core.environment:checking '/home/st/sample/happy_ws/install/service_msgs' for CMake config files
[9.234s] Level 1:colcon.colcon_core.environment:checking '/home/st/sample/happy_ws/install/service_msgs/bin'
[9.234s] Level 1:colcon.colcon_core.environment:checking '/home/st/sample/happy_ws/install/service_msgs/lib/pkgconfig/service_msgs.pc'
[9.235s] Level 1:colcon.colcon_core.environment:checking '/home/st/sample/happy_ws/install/service_msgs/lib/python3.10/site-packages'
[9.235s] Level 1:colcon.colcon_core.environment:checking '/home/st/sample/happy_ws/install/service_msgs/bin'
[9.236s] INFO:colcon.colcon_core.shell:Creating package script '/home/st/sample/happy_ws/install/service_msgs/share/service_msgs/package.ps1'
[9.238s] INFO:colcon.colcon_core.shell:Creating package descriptor '/home/st/sample/happy_ws/install/service_msgs/share/service_msgs/package.dsv'
[9.239s] INFO:colcon.colcon_core.shell:Creating package script '/home/st/sample/happy_ws/install/service_msgs/share/service_msgs/package.sh'
[9.240s] INFO:colcon.colcon_core.shell:Creating package script '/home/st/sample/happy_ws/install/service_msgs/share/service_msgs/package.bash'
[9.241s] INFO:colcon.colcon_core.shell:Creating package script '/home/st/sample/happy_ws/install/service_msgs/share/service_msgs/package.zsh'
[9.242s] Level 1:colcon.colcon_core.environment:create_file_with_runtime_dependencies(/home/st/sample/happy_ws/install/service_msgs/share/colcon-core/packages/service_msgs)
[9.254s] DEBUG:colcon.colcon_parallel_executor.executor.parallel:closing loop
[9.255s] DEBUG:colcon.colcon_parallel_executor.executor.parallel:loop closed
[9.255s] DEBUG:colcon.colcon_parallel_executor.executor.parallel:run_until_complete finished with '1'
[9.256s] DEBUG:colcon.colcon_core.event_reactor:joining thread
[9.271s] INFO:colcon.colcon_core.plugin_system:Skipping extension 'colcon_notification.desktop_notification.terminal_notifier': Not used on non-Darwin systems
[9.271s] INFO:colcon.colcon_core.plugin_system:Skipping extension 'colcon_notification.desktop_notification.win32': Not used on non-Windows systems
[9.272s] INFO:colcon.colcon_notification.desktop_notification:Sending desktop notification using 'notify2'
[9.314s] DEBUG:colcon.colcon_core.event_reactor:joined thread
[9.315s] INFO:colcon.colcon_core.shell:Creating prefix script '/home/st/sample/happy_ws/install/local_setup.ps1'
[9.319s] INFO:colcon.colcon_core.shell:Creating prefix util module '/home/st/sample/happy_ws/install/_local_setup_util_ps1.py'
[9.324s] INFO:colcon.colcon_core.shell:Creating prefix chain script '/home/st/sample/happy_ws/install/setup.ps1'
[9.329s] INFO:colcon.colcon_core.shell:Creating prefix script '/home/st/sample/happy_ws/install/local_setup.sh'
[9.331s] INFO:colcon.colcon_core.shell:Creating prefix util module '/home/st/sample/happy_ws/install/_local_setup_util_sh.py'
[9.335s] INFO:colcon.colcon_core.shell:Creating prefix chain script '/home/st/sample/happy_ws/install/setup.sh'
[9.340s] INFO:colcon.colcon_core.shell:Creating prefix script '/home/st/sample/happy_ws/install/local_setup.bash'
[9.342s] INFO:colcon.colcon_core.shell:Creating prefix chain script '/home/st/sample/happy_ws/install/setup.bash'
[9.344s] INFO:colcon.colcon_core.shell:Creating prefix script '/home/st/sample/happy_ws/install/local_setup.zsh'
[9.347s] INFO:colcon.colcon_core.shell:Creating prefix chain script '/home/st/sample/happy_ws/install/setup.zsh'
