[2.981s] Invoking command in '/home/st/sample/happy_ws/src/service': PYTHONPATH=/home/st/sample/happy_ws/build/service/prefix_override:/usr/lib/python3/dist-packages/colcon_core/task/python/colcon_distutils_commands:/home/st/sample/happy_ws/install/service/lib/python3.10/site-packages:${PYTHONPATH} /usr/bin/python3 -W ignore:setup.py install is deprecated -W ignore:easy_install command is deprecated setup.py egg_info --egg-base ../../build/service build --build-base /home/st/sample/happy_ws/build/service/build install --record /home/st/sample/happy_ws/build/service/install.log --single-version-externally-managed install_data
[3.940s] running egg_info
[3.943s] writing ../../build/service/service.egg-info/PKG-INFO
[3.945s] writing dependency_links to ../../build/service/service.egg-info/dependency_links.txt
[3.947s] writing entry points to ../../build/service/service.egg-info/entry_points.txt
[3.949s] writing requirements to ../../build/service/service.egg-info/requires.txt
[3.950s] writing top-level names to ../../build/service/service.egg-info/top_level.txt
[3.959s] reading manifest file '../../build/service/service.egg-info/SOURCES.txt'
[3.962s] writing manifest file '../../build/service/service.egg-info/SOURCES.txt'
[3.964s] running build
[3.964s] running build_py
[3.968s] running install
[3.971s] running install_lib
[3.975s] running install_data
[3.976s] running install_egg_info
[3.990s] removing '/home/st/sample/happy_ws/install/service/lib/python3.10/site-packages/service-0.0.0-py3.10.egg-info' (and everything under it)
[3.993s] Copying ../../build/service/service.egg-info to /home/st/sample/happy_ws/install/service/lib/python3.10/site-packages/service-0.0.0-py3.10.egg-info
[4.007s] running install_scripts
[4.081s] Installing client script to /home/st/sample/happy_ws/install/service/lib/service
[4.084s] Installing server script to /home/st/sample/happy_ws/install/service/lib/service
[4.084s] writing list of installed files to '/home/st/sample/happy_ws/build/service/install.log'
[4.154s] Invoked command in '/home/st/sample/happy_ws/src/service' returned '0': PYTHONPATH=/home/st/sample/happy_ws/build/service/prefix_override:/usr/lib/python3/dist-packages/colcon_core/task/python/colcon_distutils_commands:/home/st/sample/happy_ws/install/service/lib/python3.10/site-packages:${PYTHONPATH} /usr/bin/python3 -W ignore:setup.py install is deprecated -W ignore:easy_install command is deprecated setup.py egg_info --egg-base ../../build/service build --build-base /home/st/sample/happy_ws/build/service/build install --record /home/st/sample/happy_ws/build/service/install.log --single-version-externally-managed install_data
